
*** Running vivado
    with args -log design_1_CLA_4bit_0_0.vds -m64 -product Vivado -mode batch -messageDb vivado.pb -notrace -source design_1_CLA_4bit_0_0.tcl



****** Vivado v2024.1.1 (64-bit)
  **** SW Build 5094488 on Fri Jun 14 08:59:21 MDT 2024
  **** IP Build 5091682 on Fri Jun 14 16:55:04 MDT 2024
  **** SharedData Build 5094118 on Fri Jun 14 01:09:43 MDT 2024
  **** Start of session at: Wed Nov 27 14:33:10 2024
    ** Copyright 1986-2022 Xilinx, Inc. All Rights Reserved.
    ** Copyright 2022-2024 Advanced Micro Devices, Inc. All Rights Reserved.

source design_1_CLA_4bit_0_0.tcl -notrace
create_project: Time (s): cpu = 00:00:03 ; elapsed = 00:00:13 . Memory (MB): peak = 629.457 ; gain = 198.738
INFO: [IP_Flow 19-234] Refreshing IP repositories
INFO: [IP_Flow 19-1704] No user IP repositories specified
INFO: [IP_Flow 19-2313] Loaded Vivado IP repository 'C:/Xilinx/Vivado/2024.1/data/ip'.
Command: synth_design -top design_1_CLA_4bit_0_0 -part xc7z007sclg400-1 -incremental_mode off -mode out_of_context
Starting synth_design
Attempting to get a license for feature 'Synthesis' and/or device 'xc7z007s'
INFO: [Common 17-349] Got license for feature 'Synthesis' and/or device 'xc7z007s'
INFO: [Designutils 20-5008] Incremental synthesis strategy off
INFO: [Synth 8-7079] Multithreading enabled for synth_design using a maximum of 2 processes.
INFO: [Synth 8-7078] Launching helper process for spawning children vivado processes
INFO: [Synth 8-7075] Helper process launched with PID 27340
---------------------------------------------------------------------------------
Starting Synthesize : Time (s): cpu = 00:00:04 ; elapsed = 00:00:09 . Memory (MB): peak = 1098.734 ; gain = 450.387
---------------------------------------------------------------------------------
WARNING: [Synth 8-11121] redeclaration of ANSI port 'Cout' is not allowed [C:/xproj/project_9.1A3/project_9.1A3.srcs/sources_1/new/CLA_4bit.v:34]
INFO: [Synth 8-6157] synthesizing module 'design_1_CLA_4bit_0_0' [c:/xproj/project_9.1A3/project_9.1A3.gen/sources_1/bd/design_1/ip/design_1_CLA_4bit_0_0/synth/design_1_CLA_4bit_0_0.v:53]
INFO: [Synth 8-6157] synthesizing module 'CLA_4bit' [C:/xproj/project_9.1A3/project_9.1A3.srcs/sources_1/new/CLA_4bit.v:23]
INFO: [Synth 8-6157] synthesizing module 'CPG' [C:/xproj/project_9.1A3/project_9.1A3.srcs/sources_1/new/CPG.v:23]
INFO: [Synth 8-6155] done synthesizing module 'CPG' (0#1) [C:/xproj/project_9.1A3/project_9.1A3.srcs/sources_1/new/CPG.v:23]
INFO: [Synth 8-6157] synthesizing module 'CLA' [C:/xproj/project_9.1A3/project_9.1A3.srcs/sources_1/new/CLA.v:23]
INFO: [Synth 8-6155] done synthesizing module 'CLA' (0#1) [C:/xproj/project_9.1A3/project_9.1A3.srcs/sources_1/new/CLA.v:23]
INFO: [Synth 8-6155] done synthesizing module 'CLA_4bit' (0#1) [C:/xproj/project_9.1A3/project_9.1A3.srcs/sources_1/new/CLA_4bit.v:23]
INFO: [Synth 8-6155] done synthesizing module 'design_1_CLA_4bit_0_0' (0#1) [c:/xproj/project_9.1A3/project_9.1A3.gen/sources_1/bd/design_1/ip/design_1_CLA_4bit_0_0/synth/design_1_CLA_4bit_0_0.v:53]
WARNING: [Synth 8-7129] Port G[3] in module CPG is either unconnected or has no load
WARNING: [Synth 8-7129] Port P[3] in module CPG is either unconnected or has no load
WARNING: [Synth 8-7129] Port P[0] in module CPG is either unconnected or has no load
---------------------------------------------------------------------------------
Finished Synthesize : Time (s): cpu = 00:00:05 ; elapsed = 00:00:12 . Memory (MB): peak = 1208.285 ; gain = 559.938
---------------------------------------------------------------------------------
---------------------------------------------------------------------------------
Finished Constraint Validation : Time (s): cpu = 00:00:06 ; elapsed = 00:00:13 . Memory (MB): peak = 1208.285 ; gain = 559.938
---------------------------------------------------------------------------------
---------------------------------------------------------------------------------
Start Loading Part and Timing Information
---------------------------------------------------------------------------------
Loading part: xc7z007sclg400-1
---------------------------------------------------------------------------------
Finished Loading Part and Timing Information : Time (s): cpu = 00:00:06 ; elapsed = 00:00:13 . Memory (MB): peak = 1208.285 ; gain = 559.938
---------------------------------------------------------------------------------
INFO: [Device 21-403] Loading part xc7z007sclg400-1
---------------------------------------------------------------------------------
Finished RTL Optimization Phase 2 : Time (s): cpu = 00:00:06 ; elapsed = 00:00:13 . Memory (MB): peak = 1208.285 ; gain = 559.938
---------------------------------------------------------------------------------
No constraint files found.
---------------------------------------------------------------------------------
Start RTL Component Statistics 
---------------------------------------------------------------------------------
Detailed RTL Component Info : 
+---XORs : 
	   2 Input      1 Bit         XORs := 8     
---------------------------------------------------------------------------------
Finished RTL Component Statistics 
---------------------------------------------------------------------------------
---------------------------------------------------------------------------------
Start Part Resource Summary
---------------------------------------------------------------------------------
INFO: [Device 21-9227] Part: xc7z007sclg400-1 does not have CEAM library.
Part Resources:
DSPs: 66 (col length:40)
BRAMs: 100 (col length: RAMB18 40 RAMB36 20)
---------------------------------------------------------------------------------
Finished Part Resource Summary
---------------------------------------------------------------------------------
No constraint files found.
---------------------------------------------------------------------------------
Start Cross Boundary and Area Optimization
---------------------------------------------------------------------------------
WARNING: [Synth 8-7080] Parallel synthesis criteria is not met
---------------------------------------------------------------------------------
Finished Cross Boundary and Area Optimization : Time (s): cpu = 00:00:09 ; elapsed = 00:00:20 . Memory (MB): peak = 1402.590 ; gain = 754.242
---------------------------------------------------------------------------------
No constraint files found.
---------------------------------------------------------------------------------
Start Timing Optimization
---------------------------------------------------------------------------------
---------------------------------------------------------------------------------
Finished Timing Optimization : Time (s): cpu = 00:00:09 ; elapsed = 00:00:20 . Memory (MB): peak = 1402.590 ; gain = 754.242
---------------------------------------------------------------------------------
---------------------------------------------------------------------------------
Start Technology Mapping
---------------------------------------------------------------------------------
---------------------------------------------------------------------------------
Finished Technology Mapping : Time (s): cpu = 00:00:09 ; elapsed = 00:00:20 . Memory (MB): peak = 1402.590 ; gain = 754.242
---------------------------------------------------------------------------------
---------------------------------------------------------------------------------
Start IO Insertion
---------------------------------------------------------------------------------
---------------------------------------------------------------------------------
Start Flattening Before IO Insertion
---------------------------------------------------------------------------------
---------------------------------------------------------------------------------
Finished Flattening Before IO Insertion
---------------------------------------------------------------------------------
---------------------------------------------------------------------------------
Start Final Netlist Cleanup
---------------------------------------------------------------------------------
---------------------------------------------------------------------------------
Finished Final Netlist Cleanup
---------------------------------------------------------------------------------
---------------------------------------------------------------------------------
Finished IO Insertion : Time (s): cpu = 00:00:14 ; elapsed = 00:00:26 . Memory (MB): peak = 1402.590 ; gain = 754.242
---------------------------------------------------------------------------------
---------------------------------------------------------------------------------
Start Renaming Generated Instances
---------------------------------------------------------------------------------
---------------------------------------------------------------------------------
Finished Renaming Generated Instances : Time (s): cpu = 00:00:14 ; elapsed = 00:00:26 . Memory (MB): peak = 1402.590 ; gain = 754.242
---------------------------------------------------------------------------------
---------------------------------------------------------------------------------
Start Rebuilding User Hierarchy
---------------------------------------------------------------------------------
---------------------------------------------------------------------------------
Finished Rebuilding User Hierarchy : Time (s): cpu = 00:00:14 ; elapsed = 00:00:26 . Memory (MB): peak = 1402.590 ; gain = 754.242
---------------------------------------------------------------------------------
---------------------------------------------------------------------------------
Start Renaming Generated Ports
---------------------------------------------------------------------------------
---------------------------------------------------------------------------------
Finished Renaming Generated Ports : Time (s): cpu = 00:00:14 ; elapsed = 00:00:26 . Memory (MB): peak = 1402.590 ; gain = 754.242
---------------------------------------------------------------------------------
---------------------------------------------------------------------------------
Start Handling Custom Attributes
---------------------------------------------------------------------------------
---------------------------------------------------------------------------------
Finished Handling Custom Attributes : Time (s): cpu = 00:00:14 ; elapsed = 00:00:26 . Memory (MB): peak = 1402.590 ; gain = 754.242
---------------------------------------------------------------------------------
---------------------------------------------------------------------------------
Start Renaming Generated Nets
---------------------------------------------------------------------------------
---------------------------------------------------------------------------------
Finished Renaming Generated Nets : Time (s): cpu = 00:00:14 ; elapsed = 00:00:26 . Memory (MB): peak = 1402.590 ; gain = 754.242
---------------------------------------------------------------------------------
---------------------------------------------------------------------------------
Start Writing Synthesis Report
---------------------------------------------------------------------------------

Report BlackBoxes: 
+-+--------------+----------+
| |BlackBox name |Instances |
+-+--------------+----------+
+-+--------------+----------+

Report Cell Usage: 
+------+-----+------+
|      |Cell |Count |
+------+-----+------+
|1     |LUT3 |     3|
|2     |LUT4 |     1|
|3     |LUT6 |     2|
+------+-----+------+

Report Instance Areas: 
+------+---------+-------+------+
|      |Instance |Module |Cells |
+------+---------+-------+------+
|1     |top      |       |     6|
+------+---------+-------+------+
---------------------------------------------------------------------------------
Finished Writing Synthesis Report : Time (s): cpu = 00:00:14 ; elapsed = 00:00:26 . Memory (MB): peak = 1402.590 ; gain = 754.242
---------------------------------------------------------------------------------
Synthesis finished with 0 errors, 0 critical warnings and 5 warnings.
Synthesis Optimization Runtime : Time (s): cpu = 00:00:14 ; elapsed = 00:00:26 . Memory (MB): peak = 1402.590 ; gain = 754.242
Synthesis Optimization Complete : Time (s): cpu = 00:00:14 ; elapsed = 00:00:26 . Memory (MB): peak = 1402.590 ; gain = 754.242
INFO: [Project 1-571] Translating synthesized netlist
Netlist sorting complete. Time (s): cpu = 00:00:00 ; elapsed = 00:00:00.001 . Memory (MB): peak = 1407.445 ; gain = 0.000
INFO: [Project 1-570] Preparing netlist for logic optimization
INFO: [Opt 31-138] Pushed 0 inverter(s) to 0 load pin(s).
Netlist sorting complete. Time (s): cpu = 00:00:00 ; elapsed = 00:00:00 . Memory (MB): peak = 1511.090 ; gain = 0.000
INFO: [Project 1-111] Unisim Transformation Summary:
No Unisim elements were transformed.

Synth Design complete | Checksum: 32a52195
INFO: [Common 17-83] Releasing license: Synthesis
23 Infos, 5 Warnings, 0 Critical Warnings and 0 Errors encountered.
synth_design completed successfully
synth_design: Time (s): cpu = 00:00:15 ; elapsed = 00:00:28 . Memory (MB): peak = 1511.090 ; gain = 866.738
INFO: [Timing 38-35] Done setting XDC timing constraints.
INFO: [Common 17-1381] The checkpoint 'C:/xproj/project_9.1A3/project_9.1A3.runs/design_1_CLA_4bit_0_0_synth_1/design_1_CLA_4bit_0_0.dcp' has been generated.
write_checkpoint: Time (s): cpu = 00:00:03 ; elapsed = 00:00:09 . Memory (MB): peak = 1758.621 ; gain = 247.531
INFO: [Vivado 12-24828] Executing command : report_utilization -file design_1_CLA_4bit_0_0_utilization_synth.rpt -pb design_1_CLA_4bit_0_0_utilization_synth.pb
INFO: [Common 17-206] Exiting Vivado at Wed Nov 27 14:34:12 2024...
