
*** Running vivado
    with args -log design_1_wrapper.vdi -applog -m64 -product Vivado -messageDb vivado.pb -mode batch -source design_1_wrapper.tcl -notrace



****** Vivado v2024.1.1 (64-bit)
  **** SW Build 5094488 on Fri Jun 14 08:59:21 MDT 2024
  **** IP Build 5091682 on Fri Jun 14 16:55:04 MDT 2024
  **** SharedData Build 5094118 on Fri Jun 14 01:09:43 MDT 2024
  **** Start of session at: Wed Nov 27 17:11:00 2024
    ** Copyright 1986-2022 Xilinx, Inc. All Rights Reserved.
    ** Copyright 2022-2024 Advanced Micro Devices, Inc. All Rights Reserved.

source design_1_wrapper.tcl -notrace
create_project: Time (s): cpu = 00:00:04 ; elapsed = 00:00:05 . Memory (MB): peak = 629.562 ; gain = 198.691
INFO: [IP_Flow 19-234] Refreshing IP repositories
INFO: [IP_Flow 19-1704] No user IP repositories specified
INFO: [IP_Flow 19-2313] Loaded Vivado IP repository 'C:/Xilinx/Vivado/2024.1/data/ip'.
Command: link_design -top design_1_wrapper -part xc7z007sclg400-1
Design is defaulting to srcset: sources_1
Design is defaulting to constrset: constrs_1
INFO: [Device 21-403] Loading part xc7z007sclg400-1
INFO: [Device 21-9227] Part: xc7z007sclg400-1 does not have CEAM library.
INFO: [Project 1-454] Reading design checkpoint 'c:/xproj/project_9.2/project_9.2.gen/sources_1/bd/design_1/ip/design_1_PIPO_0_0/design_1_PIPO_0_0.dcp' for cell 'design_1_i/PIPO_0'
INFO: [Project 1-454] Reading design checkpoint 'c:/xproj/project_9.2/project_9.2.gen/sources_1/bd/design_1/ip/design_1_PIPO_1_0/design_1_PIPO_1_0.dcp' for cell 'design_1_i/PIPO_1'
INFO: [Project 1-454] Reading design checkpoint 'c:/xproj/project_9.2/project_9.2.gen/sources_1/bd/design_1/ip/design_1_adder_8bit_0_0/design_1_adder_8bit_0_0.dcp' for cell 'design_1_i/adder_8bit_0'
INFO: [Project 1-454] Reading design checkpoint 'c:/xproj/project_9.2/project_9.2.gen/sources_1/bd/design_1/ip/design_1_bin2bcd_0_0/design_1_bin2bcd_0_0.dcp' for cell 'design_1_i/bin2bcd_0'
INFO: [Project 1-454] Reading design checkpoint 'c:/xproj/project_9.2/project_9.2.gen/sources_1/bd/design_1/ip/design_1_clock_divider_0_0/design_1_clock_divider_0_0.dcp' for cell 'design_1_i/clock_divider_0'
INFO: [Project 1-454] Reading design checkpoint 'c:/xproj/project_9.2/project_9.2.gen/sources_1/bd/design_1/ip/design_1_controlled_inverter_0_0/design_1_controlled_inverter_0_0.dcp' for cell 'design_1_i/controlled_inverter_0'
INFO: [Project 1-454] Reading design checkpoint 'c:/xproj/project_9.2/project_9.2.gen/sources_1/bd/design_1/ip/design_1_counter_0_0/design_1_counter_0_0.dcp' for cell 'design_1_i/counter_0'
INFO: [Project 1-454] Reading design checkpoint 'c:/xproj/project_9.2/project_9.2.gen/sources_1/bd/design_1/ip/design_1_decoder_0_0/design_1_decoder_0_0.dcp' for cell 'design_1_i/decoder_0'
INFO: [Project 1-454] Reading design checkpoint 'c:/xproj/project_9.2/project_9.2.gen/sources_1/bd/design_1/ip/design_1_display_decoder_0_0/design_1_display_decoder_0_0.dcp' for cell 'design_1_i/display_decoder_0'
INFO: [Project 1-454] Reading design checkpoint 'c:/xproj/project_9.2/project_9.2.gen/sources_1/bd/design_1/ip/design_1_inputcontroller_0_0/design_1_inputcontroller_0_0.dcp' for cell 'design_1_i/inputcontroller_0'
INFO: [Project 1-454] Reading design checkpoint 'c:/xproj/project_9.2/project_9.2.gen/sources_1/bd/design_1/ip/design_1_mux_0_0/design_1_mux_0_0.dcp' for cell 'design_1_i/mux_0'
Netlist sorting complete. Time (s): cpu = 00:00:00 ; elapsed = 00:00:00.002 . Memory (MB): peak = 1064.336 ; gain = 0.000
INFO: [Netlist 29-17] Analyzing 7 Unisim elements for replacement
INFO: [Netlist 29-28] Unisim Transformation completed in 0 CPU seconds
INFO: [Project 1-479] Netlist was created with Vivado 2024.1.1
INFO: [Project 1-570] Preparing netlist for logic optimization
Parsing XDC File [C:/xproj/project_9.2/project_9.2.srcs/constrs_1/new/constraints.xdc]
WARNING: [Vivado 12-584] No ports matched 'led[0]'. [C:/xproj/project_9.2/project_9.2.srcs/constrs_1/new/constraints.xdc:7]
CRITICAL WARNING: [Common 17-55] 'set_property' expects at least one object. [C:/xproj/project_9.2/project_9.2.srcs/constrs_1/new/constraints.xdc:7]
Resolution: If [get_<value>] was used to populate the object, check to make sure this command returns at least one valid object.
WARNING: [Vivado 12-584] No ports matched 'led[1]'. [C:/xproj/project_9.2/project_9.2.srcs/constrs_1/new/constraints.xdc:8]
CRITICAL WARNING: [Common 17-55] 'set_property' expects at least one object. [C:/xproj/project_9.2/project_9.2.srcs/constrs_1/new/constraints.xdc:8]
Resolution: If [get_<value>] was used to populate the object, check to make sure this command returns at least one valid object.
WARNING: [Vivado 12-584] No ports matched 'led[2]'. [C:/xproj/project_9.2/project_9.2.srcs/constrs_1/new/constraints.xdc:9]
CRITICAL WARNING: [Common 17-55] 'set_property' expects at least one object. [C:/xproj/project_9.2/project_9.2.srcs/constrs_1/new/constraints.xdc:9]
Resolution: If [get_<value>] was used to populate the object, check to make sure this command returns at least one valid object.
WARNING: [Vivado 12-584] No ports matched 'led[3]'. [C:/xproj/project_9.2/project_9.2.srcs/constrs_1/new/constraints.xdc:10]
CRITICAL WARNING: [Common 17-55] 'set_property' expects at least one object. [C:/xproj/project_9.2/project_9.2.srcs/constrs_1/new/constraints.xdc:10]
Resolution: If [get_<value>] was used to populate the object, check to make sure this command returns at least one valid object.
WARNING: [Vivado 12-584] No ports matched 'led[4]'. [C:/xproj/project_9.2/project_9.2.srcs/constrs_1/new/constraints.xdc:11]
CRITICAL WARNING: [Common 17-55] 'set_property' expects at least one object. [C:/xproj/project_9.2/project_9.2.srcs/constrs_1/new/constraints.xdc:11]
Resolution: If [get_<value>] was used to populate the object, check to make sure this command returns at least one valid object.
WARNING: [Vivado 12-584] No ports matched 'led[5]'. [C:/xproj/project_9.2/project_9.2.srcs/constrs_1/new/constraints.xdc:12]
CRITICAL WARNING: [Common 17-55] 'set_property' expects at least one object. [C:/xproj/project_9.2/project_9.2.srcs/constrs_1/new/constraints.xdc:12]
Resolution: If [get_<value>] was used to populate the object, check to make sure this command returns at least one valid object.
WARNING: [Vivado 12-584] No ports matched 'led[6]'. [C:/xproj/project_9.2/project_9.2.srcs/constrs_1/new/constraints.xdc:13]
CRITICAL WARNING: [Common 17-55] 'set_property' expects at least one object. [C:/xproj/project_9.2/project_9.2.srcs/constrs_1/new/constraints.xdc:13]
Resolution: If [get_<value>] was used to populate the object, check to make sure this command returns at least one valid object.
WARNING: [Vivado 12-584] No ports matched 'led[7]'. [C:/xproj/project_9.2/project_9.2.srcs/constrs_1/new/constraints.xdc:14]
CRITICAL WARNING: [Common 17-55] 'set_property' expects at least one object. [C:/xproj/project_9.2/project_9.2.srcs/constrs_1/new/constraints.xdc:14]
Resolution: If [get_<value>] was used to populate the object, check to make sure this command returns at least one valid object.
WARNING: [Vivado 12-584] No ports matched 'led[8]'. [C:/xproj/project_9.2/project_9.2.srcs/constrs_1/new/constraints.xdc:15]
CRITICAL WARNING: [Common 17-55] 'set_property' expects at least one object. [C:/xproj/project_9.2/project_9.2.srcs/constrs_1/new/constraints.xdc:15]
Resolution: If [get_<value>] was used to populate the object, check to make sure this command returns at least one valid object.
WARNING: [Vivado 12-584] No ports matched 'led[9]'. [C:/xproj/project_9.2/project_9.2.srcs/constrs_1/new/constraints.xdc:16]
CRITICAL WARNING: [Common 17-55] 'set_property' expects at least one object. [C:/xproj/project_9.2/project_9.2.srcs/constrs_1/new/constraints.xdc:16]
Resolution: If [get_<value>] was used to populate the object, check to make sure this command returns at least one valid object.
WARNING: [Vivado 12-584] No ports matched 'RGB_led_A[0]'. [C:/xproj/project_9.2/project_9.2.srcs/constrs_1/new/constraints.xdc:19]
CRITICAL WARNING: [Common 17-55] 'set_property' expects at least one object. [C:/xproj/project_9.2/project_9.2.srcs/constrs_1/new/constraints.xdc:19]
Resolution: If [get_<value>] was used to populate the object, check to make sure this command returns at least one valid object.
WARNING: [Vivado 12-584] No ports matched 'RGB_led_A[1]'. [C:/xproj/project_9.2/project_9.2.srcs/constrs_1/new/constraints.xdc:20]
CRITICAL WARNING: [Common 17-55] 'set_property' expects at least one object. [C:/xproj/project_9.2/project_9.2.srcs/constrs_1/new/constraints.xdc:20]
Resolution: If [get_<value>] was used to populate the object, check to make sure this command returns at least one valid object.
WARNING: [Vivado 12-584] No ports matched 'RGB_led_A[2]'. [C:/xproj/project_9.2/project_9.2.srcs/constrs_1/new/constraints.xdc:21]
CRITICAL WARNING: [Common 17-55] 'set_property' expects at least one object. [C:/xproj/project_9.2/project_9.2.srcs/constrs_1/new/constraints.xdc:21]
Resolution: If [get_<value>] was used to populate the object, check to make sure this command returns at least one valid object.
WARNING: [Vivado 12-584] No ports matched 'RGB_led_B[0]'. [C:/xproj/project_9.2/project_9.2.srcs/constrs_1/new/constraints.xdc:23]
CRITICAL WARNING: [Common 17-55] 'set_property' expects at least one object. [C:/xproj/project_9.2/project_9.2.srcs/constrs_1/new/constraints.xdc:23]
Resolution: If [get_<value>] was used to populate the object, check to make sure this command returns at least one valid object.
WARNING: [Vivado 12-584] No ports matched 'RGB_led_B[1]'. [C:/xproj/project_9.2/project_9.2.srcs/constrs_1/new/constraints.xdc:24]
CRITICAL WARNING: [Common 17-55] 'set_property' expects at least one object. [C:/xproj/project_9.2/project_9.2.srcs/constrs_1/new/constraints.xdc:24]
Resolution: If [get_<value>] was used to populate the object, check to make sure this command returns at least one valid object.
WARNING: [Vivado 12-584] No ports matched 'RGB_led_B[2]'. [C:/xproj/project_9.2/project_9.2.srcs/constrs_1/new/constraints.xdc:25]
CRITICAL WARNING: [Common 17-55] 'set_property' expects at least one object. [C:/xproj/project_9.2/project_9.2.srcs/constrs_1/new/constraints.xdc:25]
Resolution: If [get_<value>] was used to populate the object, check to make sure this command returns at least one valid object.
WARNING: [Vivado 12-584] No ports matched 'Control'. [C:/xproj/project_9.2/project_9.2.srcs/constrs_1/new/constraints.xdc:36]
CRITICAL WARNING: [Common 17-55] 'set_property' expects at least one object. [C:/xproj/project_9.2/project_9.2.srcs/constrs_1/new/constraints.xdc:36]
Resolution: If [get_<value>] was used to populate the object, check to make sure this command returns at least one valid object.
WARNING: [Vivado 12-584] No ports matched 'btn[1]'. [C:/xproj/project_9.2/project_9.2.srcs/constrs_1/new/constraints.xdc:43]
CRITICAL WARNING: [Common 17-55] 'set_property' expects at least one object. [C:/xproj/project_9.2/project_9.2.srcs/constrs_1/new/constraints.xdc:43]
Resolution: If [get_<value>] was used to populate the object, check to make sure this command returns at least one valid object.
WARNING: [Vivado 12-584] No ports matched 'btn[2]'. [C:/xproj/project_9.2/project_9.2.srcs/constrs_1/new/constraints.xdc:44]
CRITICAL WARNING: [Common 17-55] 'set_property' expects at least one object. [C:/xproj/project_9.2/project_9.2.srcs/constrs_1/new/constraints.xdc:44]
Resolution: If [get_<value>] was used to populate the object, check to make sure this command returns at least one valid object.
WARNING: [Vivado 12-584] No ports matched 'btn[3]'. [C:/xproj/project_9.2/project_9.2.srcs/constrs_1/new/constraints.xdc:45]
CRITICAL WARNING: [Common 17-55] 'set_property' expects at least one object. [C:/xproj/project_9.2/project_9.2.srcs/constrs_1/new/constraints.xdc:45]
Resolution: If [get_<value>] was used to populate the object, check to make sure this command returns at least one valid object.
Finished Parsing XDC File [C:/xproj/project_9.2/project_9.2.srcs/constrs_1/new/constraints.xdc]
INFO: [Opt 31-138] Pushed 0 inverter(s) to 0 load pin(s).
Netlist sorting complete. Time (s): cpu = 00:00:00 ; elapsed = 00:00:00 . Memory (MB): peak = 1202.758 ; gain = 0.000
INFO: [Project 1-111] Unisim Transformation Summary:
No Unisim elements were transformed.

22 Infos, 20 Warnings, 20 Critical Warnings and 0 Errors encountered.
link_design completed successfully
link_design: Time (s): cpu = 00:00:04 ; elapsed = 00:00:08 . Memory (MB): peak = 1202.758 ; gain = 556.406
Command: opt_design
Attempting to get a license for feature 'Implementation' and/or device 'xc7z007s'
INFO: [Common 17-349] Got license for feature 'Implementation' and/or device 'xc7z007s'
Running DRC as a precondition to command opt_design

Starting DRC Task
INFO: [DRC 23-27] Running DRC with 2 threads
ERROR: [DRC MDRV-1] Multiple Driver Nets: Net design_1_i/adder_8bit_0/Cin has multiple drivers: design_1_i/adder_8bit_0/Cout_INST_0/O, and Cin_IBUF_inst/O.
INFO: [Project 1-461] DRC finished with 1 Errors
INFO: [Project 1-462] Please refer to the DRC report (report_drc) for more information.
ERROR: [Vivado_Tcl 4-78] Error(s) found during DRC. Opt_design not run.

Time (s): cpu = 00:00:02 ; elapsed = 00:00:01 . Memory (MB): peak = 1235.441 ; gain = 32.684
INFO: [Common 17-83] Releasing license: Implementation
27 Infos, 20 Warnings, 20 Critical Warnings and 2 Errors encountered.
opt_design failed
ERROR: [Common 17-39] 'opt_design' failed due to earlier errors.

INFO: [Common 17-206] Exiting Vivado at Wed Nov 27 17:11:17 2024...
