
*** Running vivado
    with args -log requirement5.vds -m64 -product Vivado -mode batch -messageDb vivado.pb -notrace -source requirement5.tcl



****** Vivado v2024.1 (64-bit)
  **** SW Build 5076996 on Wed May 22 18:37:14 MDT 2024
  **** IP Build 5075265 on Wed May 22 21:45:21 MDT 2024
  **** SharedData Build 5076995 on Wed May 22 18:29:18 MDT 2024
  **** Start of session at: Tue Sep  3 18:02:14 2024
    ** Copyright 1986-2022 Xilinx, Inc. All Rights Reserved.
    ** Copyright 2022-2024 Advanced Micro Devices, Inc. All Rights Reserved.

source requirement5.tcl -notrace
create_project: Time (s): cpu = 00:00:04 ; elapsed = 00:00:06 . Memory (MB): peak = 628.090 ; gain = 200.684
Command: read_checkpoint -auto_incremental -incremental C:/Users/sgk/OneDrive/Desktop/EE214/requirement_2/requirement_2.srcs/utils_1/imports/synth_1/led_sw.dcp
INFO: [Vivado 12-5825] Read reference checkpoint from C:/Users/sgk/OneDrive/Desktop/EE214/requirement_2/requirement_2.srcs/utils_1/imports/synth_1/led_sw.dcp for incremental synthesis
INFO: [Vivado 12-7989] Please ensure there are no constraint changes
Command: synth_design -top requirement5 -part xc7z007sclg400-1
Starting synth_design
Attempting to get a license for feature 'Synthesis' and/or device 'xc7z007s'
INFO: [Common 17-349] Got license for feature 'Synthesis' and/or device 'xc7z007s'
INFO: [Device 21-403] Loading part xc7z007sclg400-1
INFO: [Device 21-9227] Part: xc7z007sclg400-1 does not have CEAM library.

*** Running vivado
    with args -log requirement5.vds -m64 -product Vivado -mode batch -messageDb vivado.pb -notrace -source requirement5.tcl



****** Vivado v2024.1 (64-bit)
  **** SW Build 5076996 on Wed May 22 18:37:14 MDT 2024
  **** IP Build 5075265 on Wed May 22 21:45:21 MDT 2024
  **** SharedData Build 5076995 on Wed May 22 18:29:18 MDT 2024
  **** Start of session at: Tue Sep  3 18:03:17 2024
    ** Copyright 1986-2022 Xilinx, Inc. All Rights Reserved.
    ** Copyright 2022-2024 Advanced Micro Devices, Inc. All Rights Reserved.

source requirement5.tcl -notrace
create_project: Time (s): cpu = 00:00:04 ; elapsed = 00:00:06 . Memory (MB): peak = 628.891 ; gain = 199.934
Command: read_checkpoint -auto_incremental -incremental C:/Users/sgk/OneDrive/Desktop/EE214/requirement_2/requirement_2.srcs/utils_1/imports/synth_1/led_sw.dcp
INFO: [Vivado 12-5825] Read reference checkpoint from C:/Users/sgk/OneDrive/Desktop/EE214/requirement_2/requirement_2.srcs/utils_1/imports/synth_1/led_sw.dcp for incremental synthesis
INFO: [Vivado 12-7989] Please ensure there are no constraint changes
Command: synth_design -top requirement5 -part xc7z007sclg400-1
Starting synth_design
Attempting to get a license for feature 'Synthesis' and/or device 'xc7z007s'
INFO: [Common 17-349] Got license for feature 'Synthesis' and/or device 'xc7z007s'
INFO: [Device 21-403] Loading part xc7z007sclg400-1
INFO: [Device 21-9227] Part: xc7z007sclg400-1 does not have CEAM library.
INFO: [Designutils 20-5440] No compile time benefit to using incremental synthesis; A full resynthesis will be run
INFO: [Designutils 20-4379] Flow is switching to default flow due to incremental criteria not met. If you would like to alter this behaviour and have the flow terminate instead, please set the following parameter config_implementation {autoIncr.Synth.RejectBehavior Terminate}
INFO: [Synth 8-7079] Multithreading enabled for synth_design using a maximum of 2 processes.
INFO: [Synth 8-7078] Launching helper process for spawning children vivado processes
INFO: [Synth 8-7075] Helper process launched with PID 15060
---------------------------------------------------------------------------------
Starting RTL Elaboration : Time (s): cpu = 00:00:04 ; elapsed = 00:00:05 . Memory (MB): peak = 1484.809 ; gain = 449.320
---------------------------------------------------------------------------------
INFO: [Synth 8-6157] synthesizing module 'requirement5' [C:/Users/sgk/OneDrive/Desktop/EE214/requirement_2/requirement_2.srcs/sources_1/new/requirement5.v:23]
INFO: [Synth 8-6155] done synthesizing module 'requirement5' (0#1) [C:/Users/sgk/OneDrive/Desktop/EE214/requirement_2/requirement_2.srcs/sources_1/new/requirement5.v:23]
WARNING: [Synth 8-3330] design requirement5 has an empty top module
---------------------------------------------------------------------------------
Finished RTL Elaboration : Time (s): cpu = 00:00:05 ; elapsed = 00:00:07 . Memory (MB): peak = 1592.859 ; gain = 557.371
---------------------------------------------------------------------------------
---------------------------------------------------------------------------------
Start Handling Custom Attributes
---------------------------------------------------------------------------------
---------------------------------------------------------------------------------
Finished Handling Custom Attributes : Time (s): cpu = 00:00:05 ; elapsed = 00:00:07 . Memory (MB): peak = 1592.859 ; gain = 557.371
---------------------------------------------------------------------------------
---------------------------------------------------------------------------------
Finished RTL Optimization Phase 1 : Time (s): cpu = 00:00:05 ; elapsed = 00:00:07 . Memory (MB): peak = 1592.859 ; gain = 557.371
---------------------------------------------------------------------------------
Netlist sorting complete. Time (s): cpu = 00:00:00 ; elapsed = 00:00:00 . Memory (MB): peak = 1592.859 ; gain = 0.000
INFO: [Project 1-570] Preparing netlist for logic optimization

Processing XDC Constraints
Initializing timing engine
Parsing XDC File [C:/Users/sgk/OneDrive/Desktop/EE214/requirement_2/requirement_2.srcs/constrs_1/new/project2.xdc]
WARNING: [Vivado 12-584] No ports matched 'clk'. [C:/Users/sgk/OneDrive/Desktop/EE214/requirement_2/requirement_2.srcs/constrs_1/new/project2.xdc:4]
CRITICAL WARNING: [Common 17-55] 'set_property' expects at least one object. [C:/Users/sgk/OneDrive/Desktop/EE214/requirement_2/requirement_2.srcs/constrs_1/new/project2.xdc:4]
Resolution: If [get_<value>] was used to populate the object, check to make sure this command returns at least one valid object.
WARNING: [Vivado 12-584] No ports matched 'led[0]'. [C:/Users/sgk/OneDrive/Desktop/EE214/requirement_2/requirement_2.srcs/constrs_1/new/project2.xdc:7]
CRITICAL WARNING: [Common 17-55] 'set_property' expects at least one object. [C:/Users/sgk/OneDrive/Desktop/EE214/requirement_2/requirement_2.srcs/constrs_1/new/project2.xdc:7]
Resolution: If [get_<value>] was used to populate the object, check to make sure this command returns at least one valid object.
WARNING: [Vivado 12-584] No ports matched 'led[1]'. [C:/Users/sgk/OneDrive/Desktop/EE214/requirement_2/requirement_2.srcs/constrs_1/new/project2.xdc:8]
CRITICAL WARNING: [Common 17-55] 'set_property' expects at least one object. [C:/Users/sgk/OneDrive/Desktop/EE214/requirement_2/requirement_2.srcs/constrs_1/new/project2.xdc:8]
Resolution: If [get_<value>] was used to populate the object, check to make sure this command returns at least one valid object.
WARNING: [Vivado 12-584] No ports matched 'led[2]'. [C:/Users/sgk/OneDrive/Desktop/EE214/requirement_2/requirement_2.srcs/constrs_1/new/project2.xdc:9]
CRITICAL WARNING: [Common 17-55] 'set_property' expects at least one object. [C:/Users/sgk/OneDrive/Desktop/EE214/requirement_2/requirement_2.srcs/constrs_1/new/project2.xdc:9]
Resolution: If [get_<value>] was used to populate the object, check to make sure this command returns at least one valid object.
WARNING: [Vivado 12-584] No ports matched 'led[3]'. [C:/Users/sgk/OneDrive/Desktop/EE214/requirement_2/requirement_2.srcs/constrs_1/new/project2.xdc:10]
CRITICAL WARNING: [Common 17-55] 'set_property' expects at least one object. [C:/Users/sgk/OneDrive/Desktop/EE214/requirement_2/requirement_2.srcs/constrs_1/new/project2.xdc:10]
Resolution: If [get_<value>] was used to populate the object, check to make sure this command returns at least one valid object.
WARNING: [Vivado 12-584] No ports matched 'led[4]'. [C:/Users/sgk/OneDrive/Desktop/EE214/requirement_2/requirement_2.srcs/constrs_1/new/project2.xdc:11]
CRITICAL WARNING: [Common 17-55] 'set_property' expects at least one object. [C:/Users/sgk/OneDrive/Desktop/EE214/requirement_2/requirement_2.srcs/constrs_1/new/project2.xdc:11]
Resolution: If [get_<value>] was used to populate the object, check to make sure this command returns at least one valid object.
WARNING: [Vivado 12-584] No ports matched 'led[5]'. [C:/Users/sgk/OneDrive/Desktop/EE214/requirement_2/requirement_2.srcs/constrs_1/new/project2.xdc:12]
CRITICAL WARNING: [Common 17-55] 'set_property' expects at least one object. [C:/Users/sgk/OneDrive/Desktop/EE214/requirement_2/requirement_2.srcs/constrs_1/new/project2.xdc:12]
Resolution: If [get_<value>] was used to populate the object, check to make sure this command returns at least one valid object.
WARNING: [Vivado 12-584] No ports matched 'led[6]'. [C:/Users/sgk/OneDrive/Desktop/EE214/requirement_2/requirement_2.srcs/constrs_1/new/project2.xdc:13]
CRITICAL WARNING: [Common 17-55] 'set_property' expects at least one object. [C:/Users/sgk/OneDrive/Desktop/EE214/requirement_2/requirement_2.srcs/constrs_1/new/project2.xdc:13]
Resolution: If [get_<value>] was used to populate the object, check to make sure this command returns at least one valid object.
WARNING: [Vivado 12-584] No ports matched 'led[7]'. [C:/Users/sgk/OneDrive/Desktop/EE214/requirement_2/requirement_2.srcs/constrs_1/new/project2.xdc:14]
CRITICAL WARNING: [Common 17-55] 'set_property' expects at least one object. [C:/Users/sgk/OneDrive/Desktop/EE214/requirement_2/requirement_2.srcs/constrs_1/new/project2.xdc:14]
Resolution: If [get_<value>] was used to populate the object, check to make sure this command returns at least one valid object.
WARNING: [Vivado 12-584] No ports matched 'led[8]'. [C:/Users/sgk/OneDrive/Desktop/EE214/requirement_2/requirement_2.srcs/constrs_1/new/project2.xdc:15]
CRITICAL WARNING: [Common 17-55] 'set_property' expects at least one object. [C:/Users/sgk/OneDrive/Desktop/EE214/requirement_2/requirement_2.srcs/constrs_1/new/project2.xdc:15]
Resolution: If [get_<value>] was used to populate the object, check to make sure this command returns at least one valid object.
WARNING: [Vivado 12-584] No ports matched 'led[9]'. [C:/Users/sgk/OneDrive/Desktop/EE214/requirement_2/requirement_2.srcs/constrs_1/new/project2.xdc:16]
CRITICAL WARNING: [Common 17-55] 'set_property' expects at least one object. [C:/Users/sgk/OneDrive/Desktop/EE214/requirement_2/requirement_2.srcs/constrs_1/new/project2.xdc:16]
Resolution: If [get_<value>] was used to populate the object, check to make sure this command returns at least one valid object.
WARNING: [Vivado 12-584] No ports matched 'led[13'. [C:/Users/sgk/OneDrive/Desktop/EE214/requirement_2/requirement_2.srcs/constrs_1/new/project2.xdc:23]
CRITICAL WARNING: [Common 17-55] 'set_property' expects at least one object. [C:/Users/sgk/OneDrive/Desktop/EE214/requirement_2/requirement_2.srcs/constrs_1/new/project2.xdc:23]
Resolution: If [get_<value>] was used to populate the object, check to make sure this command returns at least one valid object.
WARNING: [Vivado 12-584] No ports matched 'RGB_led_B[1]'. [C:/Users/sgk/OneDrive/Desktop/EE214/requirement_2/requirement_2.srcs/constrs_1/new/project2.xdc:24]
CRITICAL WARNING: [Common 17-55] 'set_property' expects at least one object. [C:/Users/sgk/OneDrive/Desktop/EE214/requirement_2/requirement_2.srcs/constrs_1/new/project2.xdc:24]
Resolution: If [get_<value>] was used to populate the object, check to make sure this command returns at least one valid object.
WARNING: [Vivado 12-584] No ports matched 'led[14]'. [C:/Users/sgk/OneDrive/Desktop/EE214/requirement_2/requirement_2.srcs/constrs_1/new/project2.xdc:25]
CRITICAL WARNING: [Common 17-55] 'set_property' expects at least one object. [C:/Users/sgk/OneDrive/Desktop/EE214/requirement_2/requirement_2.srcs/constrs_1/new/project2.xdc:25]
Resolution: If [get_<value>] was used to populate the object, check to make sure this command returns at least one valid object.
WARNING: [Vivado 12-584] No ports matched 'sw[0]'. [C:/Users/sgk/OneDrive/Desktop/EE214/requirement_2/requirement_2.srcs/constrs_1/new/project2.xdc:28]
CRITICAL WARNING: [Common 17-55] 'set_property' expects at least one object. [C:/Users/sgk/OneDrive/Desktop/EE214/requirement_2/requirement_2.srcs/constrs_1/new/project2.xdc:28]
Resolution: If [get_<value>] was used to populate the object, check to make sure this command returns at least one valid object.
WARNING: [Vivado 12-584] No ports matched 'sw[1]'. [C:/Users/sgk/OneDrive/Desktop/EE214/requirement_2/requirement_2.srcs/constrs_1/new/project2.xdc:29]
CRITICAL WARNING: [Common 17-55] 'set_property' expects at least one object. [C:/Users/sgk/OneDrive/Desktop/EE214/requirement_2/requirement_2.srcs/constrs_1/new/project2.xdc:29]
Resolution: If [get_<value>] was used to populate the object, check to make sure this command returns at least one valid object.
WARNING: [Vivado 12-584] No ports matched 'sw[2]'. [C:/Users/sgk/OneDrive/Desktop/EE214/requirement_2/requirement_2.srcs/constrs_1/new/project2.xdc:30]
CRITICAL WARNING: [Common 17-55] 'set_property' expects at least one object. [C:/Users/sgk/OneDrive/Desktop/EE214/requirement_2/requirement_2.srcs/constrs_1/new/project2.xdc:30]
Resolution: If [get_<value>] was used to populate the object, check to make sure this command returns at least one valid object.
WARNING: [Vivado 12-584] No ports matched 'sw[3]'. [C:/Users/sgk/OneDrive/Desktop/EE214/requirement_2/requirement_2.srcs/constrs_1/new/project2.xdc:31]
CRITICAL WARNING: [Common 17-55] 'set_property' expects at least one object. [C:/Users/sgk/OneDrive/Desktop/EE214/requirement_2/requirement_2.srcs/constrs_1/new/project2.xdc:31]
Resolution: If [get_<value>] was used to populate the object, check to make sure this command returns at least one valid object.
WARNING: [Vivado 12-584] No ports matched 'sw[4]'. [C:/Users/sgk/OneDrive/Desktop/EE214/requirement_2/requirement_2.srcs/constrs_1/new/project2.xdc:32]
CRITICAL WARNING: [Common 17-55] 'set_property' expects at least one object. [C:/Users/sgk/OneDrive/Desktop/EE214/requirement_2/requirement_2.srcs/constrs_1/new/project2.xdc:32]
Resolution: If [get_<value>] was used to populate the object, check to make sure this command returns at least one valid object.
WARNING: [Vivado 12-584] No ports matched 'sw[5]'. [C:/Users/sgk/OneDrive/Desktop/EE214/requirement_2/requirement_2.srcs/constrs_1/new/project2.xdc:33]
CRITICAL WARNING: [Common 17-55] 'set_property' expects at least one object. [C:/Users/sgk/OneDrive/Desktop/EE214/requirement_2/requirement_2.srcs/constrs_1/new/project2.xdc:33]
Resolution: If [get_<value>] was used to populate the object, check to make sure this command returns at least one valid object.
WARNING: [Vivado 12-584] No ports matched 'sw[6]'. [C:/Users/sgk/OneDrive/Desktop/EE214/requirement_2/requirement_2.srcs/constrs_1/new/project2.xdc:34]
CRITICAL WARNING: [Common 17-55] 'set_property' expects at least one object. [C:/Users/sgk/OneDrive/Desktop/EE214/requirement_2/requirement_2.srcs/constrs_1/new/project2.xdc:34]
Resolution: If [get_<value>] was used to populate the object, check to make sure this command returns at least one valid object.
WARNING: [Vivado 12-584] No ports matched 'sw[7]'. [C:/Users/sgk/OneDrive/Desktop/EE214/requirement_2/requirement_2.srcs/constrs_1/new/project2.xdc:35]
CRITICAL WARNING: [Common 17-55] 'set_property' expects at least one object. [C:/Users/sgk/OneDrive/Desktop/EE214/requirement_2/requirement_2.srcs/constrs_1/new/project2.xdc:35]
Resolution: If [get_<value>] was used to populate the object, check to make sure this command returns at least one valid object.
WARNING: [Vivado 12-584] No ports matched 'sw[8]'. [C:/Users/sgk/OneDrive/Desktop/EE214/requirement_2/requirement_2.srcs/constrs_1/new/project2.xdc:36]
CRITICAL WARNING: [Common 17-55] 'set_property' expects at least one object. [C:/Users/sgk/OneDrive/Desktop/EE214/requirement_2/requirement_2.srcs/constrs_1/new/project2.xdc:36]
Resolution: If [get_<value>] was used to populate the object, check to make sure this command returns at least one valid object.
WARNING: [Vivado 12-584] No ports matched 'sw[9]'. [C:/Users/sgk/OneDrive/Desktop/EE214/requirement_2/requirement_2.srcs/constrs_1/new/project2.xdc:37]
CRITICAL WARNING: [Common 17-55] 'set_property' expects at least one object. [C:/Users/sgk/OneDrive/Desktop/EE214/requirement_2/requirement_2.srcs/constrs_1/new/project2.xdc:37]
Resolution: If [get_<value>] was used to populate the object, check to make sure this command returns at least one valid object.
WARNING: [Vivado 12-584] No ports matched 'sw[10]'. [C:/Users/sgk/OneDrive/Desktop/EE214/requirement_2/requirement_2.srcs/constrs_1/new/project2.xdc:38]
CRITICAL WARNING: [Common 17-55] 'set_property' expects at least one object. [C:/Users/sgk/OneDrive/Desktop/EE214/requirement_2/requirement_2.srcs/constrs_1/new/project2.xdc:38]
Resolution: If [get_<value>] was used to populate the object, check to make sure this command returns at least one valid object.
WARNING: [Vivado 12-584] No ports matched 'sw[11]'. [C:/Users/sgk/OneDrive/Desktop/EE214/requirement_2/requirement_2.srcs/constrs_1/new/project2.xdc:39]
CRITICAL WARNING: [Common 17-55] 'set_property' expects at least one object. [C:/Users/sgk/OneDrive/Desktop/EE214/requirement_2/requirement_2.srcs/constrs_1/new/project2.xdc:39]
Resolution: If [get_<value>] was used to populate the object, check to make sure this command returns at least one valid object.
WARNING: [Vivado 12-584] No ports matched 'btn[3]'. [C:/Users/sgk/OneDrive/Desktop/EE214/requirement_2/requirement_2.srcs/constrs_1/new/project2.xdc:45]
CRITICAL WARNING: [Common 17-55] 'set_property' expects at least one object. [C:/Users/sgk/OneDrive/Desktop/EE214/requirement_2/requirement_2.srcs/constrs_1/new/project2.xdc:45]
Resolution: If [get_<value>] was used to populate the object, check to make sure this command returns at least one valid object.
WARNING: [Vivado 12-584] No ports matched 'seg_an[0]'. [C:/Users/sgk/OneDrive/Desktop/EE214/requirement_2/requirement_2.srcs/constrs_1/new/project2.xdc:48]
CRITICAL WARNING: [Common 17-55] 'set_property' expects at least one object. [C:/Users/sgk/OneDrive/Desktop/EE214/requirement_2/requirement_2.srcs/constrs_1/new/project2.xdc:48]
Resolution: If [get_<value>] was used to populate the object, check to make sure this command returns at least one valid object.
WARNING: [Vivado 12-584] No ports matched 'seg_an[1]'. [C:/Users/sgk/OneDrive/Desktop/EE214/requirement_2/requirement_2.srcs/constrs_1/new/project2.xdc:49]
CRITICAL WARNING: [Common 17-55] 'set_property' expects at least one object. [C:/Users/sgk/OneDrive/Desktop/EE214/requirement_2/requirement_2.srcs/constrs_1/new/project2.xdc:49]
Resolution: If [get_<value>] was used to populate the object, check to make sure this command returns at least one valid object.
WARNING: [Vivado 12-584] No ports matched 'seg_an[2]'. [C:/Users/sgk/OneDrive/Desktop/EE214/requirement_2/requirement_2.srcs/constrs_1/new/project2.xdc:50]
CRITICAL WARNING: [Common 17-55] 'set_property' expects at least one object. [C:/Users/sgk/OneDrive/Desktop/EE214/requirement_2/requirement_2.srcs/constrs_1/new/project2.xdc:50]
Resolution: If [get_<value>] was used to populate the object, check to make sure this command returns at least one valid object.
WARNING: [Vivado 12-584] No ports matched 'seg_an[3]'. [C:/Users/sgk/OneDrive/Desktop/EE214/requirement_2/requirement_2.srcs/constrs_1/new/project2.xdc:51]
CRITICAL WARNING: [Common 17-55] 'set_property' expects at least one object. [C:/Users/sgk/OneDrive/Desktop/EE214/requirement_2/requirement_2.srcs/constrs_1/new/project2.xdc:51]
Resolution: If [get_<value>] was used to populate the object, check to make sure this command returns at least one valid object.
WARNING: [Vivado 12-584] No ports matched 'seg_cat[0]'. [C:/Users/sgk/OneDrive/Desktop/EE214/requirement_2/requirement_2.srcs/constrs_1/new/project2.xdc:54]
CRITICAL WARNING: [Common 17-55] 'set_property' expects at least one object. [C:/Users/sgk/OneDrive/Desktop/EE214/requirement_2/requirement_2.srcs/constrs_1/new/project2.xdc:54]
Resolution: If [get_<value>] was used to populate the object, check to make sure this command returns at least one valid object.
WARNING: [Vivado 12-584] No ports matched 'seg_cat[1]'. [C:/Users/sgk/OneDrive/Desktop/EE214/requirement_2/requirement_2.srcs/constrs_1/new/project2.xdc:55]
CRITICAL WARNING: [Common 17-55] 'set_property' expects at least one object. [C:/Users/sgk/OneDrive/Desktop/EE214/requirement_2/requirement_2.srcs/constrs_1/new/project2.xdc:55]
Resolution: If [get_<value>] was used to populate the object, check to make sure this command returns at least one valid object.
WARNING: [Vivado 12-584] No ports matched 'seg_cat[2]'. [C:/Users/sgk/OneDrive/Desktop/EE214/requirement_2/requirement_2.srcs/constrs_1/new/project2.xdc:56]
CRITICAL WARNING: [Common 17-55] 'set_property' expects at least one object. [C:/Users/sgk/OneDrive/Desktop/EE214/requirement_2/requirement_2.srcs/constrs_1/new/project2.xdc:56]
Resolution: If [get_<value>] was used to populate the object, check to make sure this command returns at least one valid object.
WARNING: [Vivado 12-584] No ports matched 'seg_cat[3]'. [C:/Users/sgk/OneDrive/Desktop/EE214/requirement_2/requirement_2.srcs/constrs_1/new/project2.xdc:57]
CRITICAL WARNING: [Common 17-55] 'set_property' expects at least one object. [C:/Users/sgk/OneDrive/Desktop/EE214/requirement_2/requirement_2.srcs/constrs_1/new/project2.xdc:57]
Resolution: If [get_<value>] was used to populate the object, check to make sure this command returns at least one valid object.
WARNING: [Vivado 12-584] No ports matched 'seg_cat[4]'. [C:/Users/sgk/OneDrive/Desktop/EE214/requirement_2/requirement_2.srcs/constrs_1/new/project2.xdc:58]
CRITICAL WARNING: [Common 17-55] 'set_property' expects at least one object. [C:/Users/sgk/OneDrive/Desktop/EE214/requirement_2/requirement_2.srcs/constrs_1/new/project2.xdc:58]
Resolution: If [get_<value>] was used to populate the object, check to make sure this command returns at least one valid object.
WARNING: [Vivado 12-584] No ports matched 'seg_cat[5]'. [C:/Users/sgk/OneDrive/Desktop/EE214/requirement_2/requirement_2.srcs/constrs_1/new/project2.xdc:59]
CRITICAL WARNING: [Common 17-55] 'set_property' expects at least one object. [C:/Users/sgk/OneDrive/Desktop/EE214/requirement_2/requirement_2.srcs/constrs_1/new/project2.xdc:59]
Resolution: If [get_<value>] was used to populate the object, check to make sure this command returns at least one valid object.
WARNING: [Vivado 12-584] No ports matched 'seg_cat[6]'. [C:/Users/sgk/OneDrive/Desktop/EE214/requirement_2/requirement_2.srcs/constrs_1/new/project2.xdc:60]
CRITICAL WARNING: [Common 17-55] 'set_property' expects at least one object. [C:/Users/sgk/OneDrive/Desktop/EE214/requirement_2/requirement_2.srcs/constrs_1/new/project2.xdc:60]
Resolution: If [get_<value>] was used to populate the object, check to make sure this command returns at least one valid object.
WARNING: [Vivado 12-584] No ports matched 'seg_cat[7]'. [C:/Users/sgk/OneDrive/Desktop/EE214/requirement_2/requirement_2.srcs/constrs_1/new/project2.xdc:61]
CRITICAL WARNING: [Common 17-55] 'set_property' expects at least one object. [C:/Users/sgk/OneDrive/Desktop/EE214/requirement_2/requirement_2.srcs/constrs_1/new/project2.xdc:61]
Resolution: If [get_<value>] was used to populate the object, check to make sure this command returns at least one valid object.
Finished Parsing XDC File [C:/Users/sgk/OneDrive/Desktop/EE214/requirement_2/requirement_2.srcs/constrs_1/new/project2.xdc]
INFO: [Project 1-236] Implementation specific constraints were found while reading constraint file [C:/Users/sgk/OneDrive/Desktop/EE214/requirement_2/requirement_2.srcs/constrs_1/new/project2.xdc]. These constraints will be ignored for synthesis but will be used in implementation. Impacted constraints are listed in the file [.Xil/requirement5_propImpl.xdc].
Resolution: To avoid this warning, move constraints listed in [.Xil/requirement5_propImpl.xdc] to another XDC file and exclude this new file from synthesis with the used_in_synthesis property (File Properties dialog in GUI) and re-run elaboration/synthesis.
Completed Processing XDC Constraints

Netlist sorting complete. Time (s): cpu = 00:00:00 ; elapsed = 00:00:00 . Memory (MB): peak = 1592.859 ; gain = 0.000
INFO: [Project 1-111] Unisim Transformation Summary:
No Unisim elements were transformed.

Constraint Validation Runtime : Time (s): cpu = 00:00:00 ; elapsed = 00:00:00.001 . Memory (MB): peak = 1592.859 ; gain = 0.000
INFO: [Designutils 20-5440] No compile time benefit to using incremental synthesis; A full resynthesis will be run
INFO: [Designutils 20-4379] Flow is switching to default flow due to incremental criteria not met. If you would like to alter this behaviour and have the flow terminate instead, please set the following parameter config_implementation {autoIncr.Synth.RejectBehavior Terminate}
---------------------------------------------------------------------------------
Finished Constraint Validation : Time (s): cpu = 00:00:10 ; elapsed = 00:00:14 . Memory (MB): peak = 1592.859 ; gain = 557.371
---------------------------------------------------------------------------------
---------------------------------------------------------------------------------
Start Loading Part and Timing Information
---------------------------------------------------------------------------------
Loading part: xc7z007sclg400-1
---------------------------------------------------------------------------------
Finished Loading Part and Timing Information : Time (s): cpu = 00:00:10 ; elapsed = 00:00:14 . Memory (MB): peak = 1592.859 ; gain = 557.371
---------------------------------------------------------------------------------
---------------------------------------------------------------------------------
Start Applying 'set_property' XDC Constraints
---------------------------------------------------------------------------------
---------------------------------------------------------------------------------
Finished applying 'set_property' XDC Constraints : Time (s): cpu = 00:00:10 ; elapsed = 00:00:14 . Memory (MB): peak = 1592.859 ; gain = 557.371
---------------------------------------------------------------------------------
---------------------------------------------------------------------------------
Finished RTL Optimization Phase 2 : Time (s): cpu = 00:00:10 ; elapsed = 00:00:14 . Memory (MB): peak = 1592.859 ; gain = 557.371
---------------------------------------------------------------------------------
---------------------------------------------------------------------------------
Start RTL Component Statistics 
---------------------------------------------------------------------------------
Detailed RTL Component Info : 
---------------------------------------------------------------------------------
Finished RTL Component Statistics 
---------------------------------------------------------------------------------
---------------------------------------------------------------------------------
Start Part Resource Summary
---------------------------------------------------------------------------------
Part Resources:
DSPs: 66 (col length:40)
BRAMs: 100 (col length: RAMB18 40 RAMB36 20)
---------------------------------------------------------------------------------
Finished Part Resource Summary
---------------------------------------------------------------------------------
---------------------------------------------------------------------------------
Start Cross Boundary and Area Optimization
---------------------------------------------------------------------------------
WARNING: [Synth 8-7080] Parallel synthesis criteria is not met
WARNING: [Synth 8-3330] design requirement5 has an empty top module
---------------------------------------------------------------------------------
Finished Cross Boundary and Area Optimization : Time (s): cpu = 00:00:11 ; elapsed = 00:00:16 . Memory (MB): peak = 1592.859 ; gain = 557.371
---------------------------------------------------------------------------------
---------------------------------------------------------------------------------
Start Applying XDC Timing Constraints
---------------------------------------------------------------------------------
---------------------------------------------------------------------------------
Finished Applying XDC Timing Constraints : Time (s): cpu = 00:00:14 ; elapsed = 00:00:21 . Memory (MB): peak = 1592.859 ; gain = 557.371
---------------------------------------------------------------------------------
---------------------------------------------------------------------------------
Start Timing Optimization
---------------------------------------------------------------------------------
---------------------------------------------------------------------------------
Finished Timing Optimization : Time (s): cpu = 00:00:14 ; elapsed = 00:00:21 . Memory (MB): peak = 1592.859 ; gain = 557.371
---------------------------------------------------------------------------------
---------------------------------------------------------------------------------
Start Technology Mapping
---------------------------------------------------------------------------------
---------------------------------------------------------------------------------
Finished Technology Mapping : Time (s): cpu = 00:00:14 ; elapsed = 00:00:21 . Memory (MB): peak = 1592.859 ; gain = 557.371
---------------------------------------------------------------------------------
---------------------------------------------------------------------------------
Start IO Insertion
---------------------------------------------------------------------------------
---------------------------------------------------------------------------------
Start Flattening Before IO Insertion
---------------------------------------------------------------------------------
---------------------------------------------------------------------------------
Finished Flattening Before IO Insertion
---------------------------------------------------------------------------------
---------------------------------------------------------------------------------
Start Final Netlist Cleanup
---------------------------------------------------------------------------------
---------------------------------------------------------------------------------
Finished Final Netlist Cleanup
---------------------------------------------------------------------------------
---------------------------------------------------------------------------------
Finished IO Insertion : Time (s): cpu = 00:00:17 ; elapsed = 00:00:26 . Memory (MB): peak = 1592.859 ; gain = 557.371
---------------------------------------------------------------------------------
---------------------------------------------------------------------------------
Start Renaming Generated Instances
---------------------------------------------------------------------------------
---------------------------------------------------------------------------------
Finished Renaming Generated Instances : Time (s): cpu = 00:00:17 ; elapsed = 00:00:26 . Memory (MB): peak = 1592.859 ; gain = 557.371
---------------------------------------------------------------------------------
---------------------------------------------------------------------------------
Start Rebuilding User Hierarchy
---------------------------------------------------------------------------------
---------------------------------------------------------------------------------
Finished Rebuilding User Hierarchy : Time (s): cpu = 00:00:17 ; elapsed = 00:00:26 . Memory (MB): peak = 1592.859 ; gain = 557.371
---------------------------------------------------------------------------------
---------------------------------------------------------------------------------
Start Renaming Generated Ports
---------------------------------------------------------------------------------
---------------------------------------------------------------------------------
Finished Renaming Generated Ports : Time (s): cpu = 00:00:17 ; elapsed = 00:00:26 . Memory (MB): peak = 1592.859 ; gain = 557.371
---------------------------------------------------------------------------------
---------------------------------------------------------------------------------
Start Handling Custom Attributes
---------------------------------------------------------------------------------
---------------------------------------------------------------------------------
Finished Handling Custom Attributes : Time (s): cpu = 00:00:17 ; elapsed = 00:00:26 . Memory (MB): peak = 1592.859 ; gain = 557.371
---------------------------------------------------------------------------------
---------------------------------------------------------------------------------
Start Renaming Generated Nets
---------------------------------------------------------------------------------
---------------------------------------------------------------------------------
Finished Renaming Generated Nets : Time (s): cpu = 00:00:17 ; elapsed = 00:00:26 . Memory (MB): peak = 1592.859 ; gain = 557.371
---------------------------------------------------------------------------------
---------------------------------------------------------------------------------
Start Writing Synthesis Report
---------------------------------------------------------------------------------

Report BlackBoxes: 
+-+--------------+----------+
| |BlackBox name |Instances |
+-+--------------+----------+
+-+--------------+----------+

Report Cell Usage: 
+------+-----+------+
|      |Cell |Count |
+------+-----+------+
|1     |IBUF |     3|
|2     |OBUF |     3|
+------+-----+------+
---------------------------------------------------------------------------------
Finished Writing Synthesis Report : Time (s): cpu = 00:00:17 ; elapsed = 00:00:26 . Memory (MB): peak = 1592.859 ; gain = 557.371
---------------------------------------------------------------------------------
Synthesis finished with 0 errors, 0 critical warnings and 2 warnings.
Synthesis Optimization Runtime : Time (s): cpu = 00:00:11 ; elapsed = 00:00:24 . Memory (MB): peak = 1592.859 ; gain = 557.371
Synthesis Optimization Complete : Time (s): cpu = 00:00:17 ; elapsed = 00:00:26 . Memory (MB): peak = 1592.859 ; gain = 557.371
INFO: [Project 1-571] Translating synthesized netlist
Netlist sorting complete. Time (s): cpu = 00:00:00 ; elapsed = 00:00:00 . Memory (MB): peak = 1592.859 ; gain = 0.000
INFO: [Project 1-570] Preparing netlist for logic optimization
INFO: [Opt 31-138] Pushed 0 inverter(s) to 0 load pin(s).
Netlist sorting complete. Time (s): cpu = 00:00:00 ; elapsed = 00:00:00 . Memory (MB): peak = 1592.859 ; gain = 0.000
INFO: [Project 1-111] Unisim Transformation Summary:
No Unisim elements were transformed.

Synth Design complete | Checksum: e4b9c088
INFO: [Common 17-83] Releasing license: Synthesis
22 Infos, 42 Warnings, 39 Critical Warnings and 0 Errors encountered.
synth_design completed successfully
synth_design: Time (s): cpu = 00:00:20 ; elapsed = 00:00:32 . Memory (MB): peak = 1592.859 ; gain = 959.633
INFO: [runtcl-6] Synthesis results are not added to the cache due to CRITICAL_WARNING
Write ShapeDB Complete: Time (s): cpu = 00:00:00 ; elapsed = 00:00:00 . Memory (MB): peak = 1592.859 ; gain = 0.000
INFO: [Common 17-1381] The checkpoint 'C:/Users/sgk/OneDrive/Desktop/EE214/requirement_2/requirement_2.runs/synth_1/requirement5.dcp' has been generated.
INFO: [Vivado 12-24828] Executing command : report_utilization -file requirement5_utilization_synth.rpt -pb requirement5_utilization_synth.pb
INFO: [Common 17-206] Exiting Vivado at Tue Sep  3 18:03:58 2024...
