
*** Running vivado
    with args -log displaycontroller_inst_0_display_decoder_0_0.vds -m64 -product Vivado -mode batch -messageDb vivado.pb -notrace -source displaycontroller_inst_0_display_decoder_0_0.tcl



*** Running vivado
    with args -log displaycontroller_inst_0_display_decoder_0_0.vds -m64 -product Vivado -mode batch -messageDb vivado.pb -notrace -source displaycontroller_inst_0_display_decoder_0_0.tcl



****** Vivado v2024.1.1 (64-bit)
  **** SW Build 5094488 on Fri Jun 14 08:59:21 MDT 2024
  **** IP Build 5091682 on Fri Jun 14 16:55:04 MDT 2024
  **** SharedData Build 5094118 on Fri Jun 14 01:09:43 MDT 2024
  **** Start of session at: Thu Nov 28 20:20:00 2024
    ** Copyright 1986-2022 Xilinx, Inc. All Rights Reserved.
    ** Copyright 2022-2024 Advanced Micro Devices, Inc. All Rights Reserved.

source displaycontroller_inst_0_display_decoder_0_0.tcl -notrace
create_project: Time (s): cpu = 00:00:06 ; elapsed = 00:00:09 . Memory (MB): peak = 629.152 ; gain = 197.461
INFO: [IP_Flow 19-234] Refreshing IP repositories
INFO: [IP_Flow 19-1704] No user IP repositories specified
INFO: [IP_Flow 19-2313] Loaded Vivado IP repository 'C:/Xilinx/Vivado/2024.1/data/ip'.
Command: synth_design -top displaycontroller_inst_0_display_decoder_0_0 -part xc7z007sclg400-1 -incremental_mode off -mode out_of_context
Starting synth_design
Attempting to get a license for feature 'Synthesis' and/or device 'xc7z007s'
INFO: [Common 17-349] Got license for feature 'Synthesis' and/or device 'xc7z007s'
INFO: [Designutils 20-5008] Incremental synthesis strategy off
INFO: [Synth 8-7079] Multithreading enabled for synth_design using a maximum of 2 processes.
INFO: [Synth 8-7078] Launching helper process for spawning children vivado processes
INFO: [Synth 8-7075] Helper process launched with PID 49528
---------------------------------------------------------------------------------
Starting Synthesize : Time (s): cpu = 00:00:05 ; elapsed = 00:00:08 . Memory (MB): peak = 1098.605 ; gain = 450.605
---------------------------------------------------------------------------------
INFO: [Synth 8-6157] synthesizing module 'displaycontroller_inst_0_display_decoder_0_0' [c:/xproj/project_10.1/project_10.1.gen/sources_1/bd/design_1/bd/displaycontroller_inst_0/ip/displaycontroller_inst_0_display_decoder_0_0/synth/displaycontroller_inst_0_display_decoder_0_0.v:53]
INFO: [Synth 8-6157] synthesizing module 'display_decoder' [C:/xproj/project_10.1/project_10.1.srcs/sources_1/new/display_decoder.v:23]
INFO: [Synth 8-6155] done synthesizing module 'display_decoder' (0#1) [C:/xproj/project_10.1/project_10.1.srcs/sources_1/new/display_decoder.v:23]
INFO: [Synth 8-6155] done synthesizing module 'displaycontroller_inst_0_display_decoder_0_0' (0#1) [c:/xproj/project_10.1/project_10.1.gen/sources_1/bd/design_1/bd/displaycontroller_inst_0/ip/displaycontroller_inst_0_display_decoder_0_0/synth/displaycontroller_inst_0_display_decoder_0_0.v:53]
---------------------------------------------------------------------------------
Finished Synthesize : Time (s): cpu = 00:00:06 ; elapsed = 00:00:10 . Memory (MB): peak = 1206.891 ; gain = 558.891
---------------------------------------------------------------------------------
---------------------------------------------------------------------------------
Finished Constraint Validation : Time (s): cpu = 00:00:06 ; elapsed = 00:00:11 . Memory (MB): peak = 1206.891 ; gain = 558.891
---------------------------------------------------------------------------------
---------------------------------------------------------------------------------
Start Loading Part and Timing Information
---------------------------------------------------------------------------------
Loading part: xc7z007sclg400-1
---------------------------------------------------------------------------------
Finished Loading Part and Timing Information : Time (s): cpu = 00:00:06 ; elapsed = 00:00:11 . Memory (MB): peak = 1206.891 ; gain = 558.891
---------------------------------------------------------------------------------
INFO: [Device 21-403] Loading part xc7z007sclg400-1
---------------------------------------------------------------------------------
Finished RTL Optimization Phase 2 : Time (s): cpu = 00:00:06 ; elapsed = 00:00:11 . Memory (MB): peak = 1206.891 ; gain = 558.891
---------------------------------------------------------------------------------
No constraint files found.
---------------------------------------------------------------------------------
Start RTL Component Statistics 
---------------------------------------------------------------------------------
Detailed RTL Component Info : 
---------------------------------------------------------------------------------
Finished RTL Component Statistics 
---------------------------------------------------------------------------------
---------------------------------------------------------------------------------
Start Part Resource Summary
---------------------------------------------------------------------------------
INFO: [Device 21-9227] Part: xc7z007sclg400-1 does not have CEAM library.
Part Resources:
DSPs: 66 (col length:40)
BRAMs: 100 (col length: RAMB18 40 RAMB36 20)
---------------------------------------------------------------------------------
Finished Part Resource Summary
---------------------------------------------------------------------------------
No constraint files found.
---------------------------------------------------------------------------------
Start Cross Boundary and Area Optimization
---------------------------------------------------------------------------------
WARNING: [Synth 8-7080] Parallel synthesis criteria is not met
INFO: [Synth 8-3917] design displaycontroller_inst_0_display_decoder_0_0 has port out[7] driven by constant 1
---------------------------------------------------------------------------------
Finished Cross Boundary and Area Optimization : Time (s): cpu = 00:00:10 ; elapsed = 00:00:17 . Memory (MB): peak = 1386.797 ; gain = 738.797
---------------------------------------------------------------------------------
No constraint files found.
---------------------------------------------------------------------------------
Start Timing Optimization
---------------------------------------------------------------------------------
---------------------------------------------------------------------------------
Finished Timing Optimization : Time (s): cpu = 00:00:10 ; elapsed = 00:00:17 . Memory (MB): peak = 1386.797 ; gain = 738.797
---------------------------------------------------------------------------------
---------------------------------------------------------------------------------
Start Technology Mapping
---------------------------------------------------------------------------------
---------------------------------------------------------------------------------
Finished Technology Mapping : Time (s): cpu = 00:00:10 ; elapsed = 00:00:17 . Memory (MB): peak = 1386.797 ; gain = 738.797
---------------------------------------------------------------------------------
---------------------------------------------------------------------------------
Start IO Insertion
---------------------------------------------------------------------------------
---------------------------------------------------------------------------------
Start Flattening Before IO Insertion
---------------------------------------------------------------------------------
---------------------------------------------------------------------------------
Finished Flattening Before IO Insertion
---------------------------------------------------------------------------------
---------------------------------------------------------------------------------
Start Final Netlist Cleanup
---------------------------------------------------------------------------------
---------------------------------------------------------------------------------
Finished Final Netlist Cleanup
---------------------------------------------------------------------------------
---------------------------------------------------------------------------------
Finished IO Insertion : Time (s): cpu = 00:00:14 ; elapsed = 00:00:22 . Memory (MB): peak = 1386.797 ; gain = 738.797
---------------------------------------------------------------------------------
---------------------------------------------------------------------------------
Start Renaming Generated Instances
---------------------------------------------------------------------------------
---------------------------------------------------------------------------------
Finished Renaming Generated Instances : Time (s): cpu = 00:00:14 ; elapsed = 00:00:22 . Memory (MB): peak = 1386.797 ; gain = 738.797
---------------------------------------------------------------------------------
---------------------------------------------------------------------------------
Start Rebuilding User Hierarchy
---------------------------------------------------------------------------------
---------------------------------------------------------------------------------
Finished Rebuilding User Hierarchy : Time (s): cpu = 00:00:14 ; elapsed = 00:00:22 . Memory (MB): peak = 1386.797 ; gain = 738.797
---------------------------------------------------------------------------------
---------------------------------------------------------------------------------
Start Renaming Generated Ports
---------------------------------------------------------------------------------
---------------------------------------------------------------------------------
Finished Renaming Generated Ports : Time (s): cpu = 00:00:14 ; elapsed = 00:00:22 . Memory (MB): peak = 1386.797 ; gain = 738.797
---------------------------------------------------------------------------------
---------------------------------------------------------------------------------
Start Handling Custom Attributes
---------------------------------------------------------------------------------
---------------------------------------------------------------------------------
Finished Handling Custom Attributes : Time (s): cpu = 00:00:14 ; elapsed = 00:00:22 . Memory (MB): peak = 1386.797 ; gain = 738.797
---------------------------------------------------------------------------------
---------------------------------------------------------------------------------
Start Renaming Generated Nets
---------------------------------------------------------------------------------
---------------------------------------------------------------------------------
Finished Renaming Generated Nets : Time (s): cpu = 00:00:14 ; elapsed = 00:00:22 . Memory (MB): peak = 1386.797 ; gain = 738.797
---------------------------------------------------------------------------------
---------------------------------------------------------------------------------
Start Writing Synthesis Report
---------------------------------------------------------------------------------

Report BlackBoxes: 
+-+--------------+----------+
| |BlackBox name |Instances |
+-+--------------+----------+
+-+--------------+----------+

Report Cell Usage: 
+------+-----+------+
|      |Cell |Count |
+------+-----+------+
|1     |LUT5 |     7|
+------+-----+------+

Report Instance Areas: 
+------+---------+-------+------+
|      |Instance |Module |Cells |
+------+---------+-------+------+
|1     |top      |       |     7|
+------+---------+-------+------+
---------------------------------------------------------------------------------
Finished Writing Synthesis Report : Time (s): cpu = 00:00:14 ; elapsed = 00:00:22 . Memory (MB): peak = 1386.797 ; gain = 738.797
---------------------------------------------------------------------------------
Synthesis finished with 0 errors, 0 critical warnings and 1 warnings.
Synthesis Optimization Runtime : Time (s): cpu = 00:00:14 ; elapsed = 00:00:22 . Memory (MB): peak = 1386.797 ; gain = 738.797
Synthesis Optimization Complete : Time (s): cpu = 00:00:14 ; elapsed = 00:00:22 . Memory (MB): peak = 1386.797 ; gain = 738.797
INFO: [Project 1-571] Translating synthesized netlist
Netlist sorting complete. Time (s): cpu = 00:00:00 ; elapsed = 00:00:00.001 . Memory (MB): peak = 1397.922 ; gain = 0.000
INFO: [Project 1-570] Preparing netlist for logic optimization
INFO: [Opt 31-138] Pushed 0 inverter(s) to 0 load pin(s).
Netlist sorting complete. Time (s): cpu = 00:00:00 ; elapsed = 00:00:00 . Memory (MB): peak = 1503.129 ; gain = 0.000
INFO: [Project 1-111] Unisim Transformation Summary:
No Unisim elements were transformed.

Synth Design complete | Checksum: 77172f21
INFO: [Common 17-83] Releasing license: Synthesis
20 Infos, 1 Warnings, 0 Critical Warnings and 0 Errors encountered.
synth_design completed successfully
synth_design: Time (s): cpu = 00:00:15 ; elapsed = 00:00:25 . Memory (MB): peak = 1503.129 ; gain = 859.105
INFO: [Timing 38-35] Done setting XDC timing constraints.
INFO: [Common 17-1381] The checkpoint 'C:/xproj/project_10.1/project_10.1.runs/displaycontroller_inst_0_display_decoder_0_0_synth_1/displaycontroller_inst_0_display_decoder_0_0.dcp' has been generated.
write_checkpoint: Time (s): cpu = 00:00:06 ; elapsed = 00:00:08 . Memory (MB): peak = 1764.715 ; gain = 261.586
INFO: [Vivado 12-24828] Executing command : report_utilization -file displaycontroller_inst_0_display_decoder_0_0_utilization_synth.rpt -pb displaycontroller_inst_0_display_decoder_0_0_utilization_synth.pb
INFO: [Common 17-206] Exiting Vivado at Thu Nov 28 20:20:48 2024...
