
*** Running vivado
    with args -log design_3_decimal_counter_0_0.vds -m64 -product Vivado -mode batch -messageDb vivado.pb -notrace -source design_3_decimal_counter_0_0.tcl



****** Vivado v2024.1.1 (64-bit)
  **** SW Build 5094488 on Fri Jun 14 08:59:21 MDT 2024
  **** IP Build 5091682 on Fri Jun 14 16:55:04 MDT 2024
  **** SharedData Build 5094118 on Fri Jun 14 01:09:43 MDT 2024
  **** Start of session at: Mon Nov 18 08:36:57 2024
    ** Copyright 1986-2022 Xilinx, Inc. All Rights Reserved.
    ** Copyright 2022-2024 Advanced Micro Devices, Inc. All Rights Reserved.

source design_3_decimal_counter_0_0.tcl -notrace
create_project: Time (s): cpu = 00:00:04 ; elapsed = 00:00:07 . Memory (MB): peak = 630.344 ; gain = 200.836
INFO: [IP_Flow 19-234] Refreshing IP repositories
INFO: [IP_Flow 19-1704] No user IP repositories specified
INFO: [IP_Flow 19-2313] Loaded Vivado IP repository 'C:/Xilinx/Vivado/2024.1/data/ip'.
Command: synth_design -top design_3_decimal_counter_0_0 -part xc7z007sclg400-1 -incremental_mode off -mode out_of_context
Starting synth_design
Attempting to get a license for feature 'Synthesis' and/or device 'xc7z007s'
INFO: [Common 17-349] Got license for feature 'Synthesis' and/or device 'xc7z007s'
INFO: [Designutils 20-5008] Incremental synthesis strategy off
INFO: [Synth 8-7079] Multithreading enabled for synth_design using a maximum of 2 processes.
INFO: [Synth 8-7078] Launching helper process for spawning children vivado processes
INFO: [Synth 8-7075] Helper process launched with PID 6852
---------------------------------------------------------------------------------
Starting Synthesize : Time (s): cpu = 00:00:05 ; elapsed = 00:00:08 . Memory (MB): peak = 1097.691 ; gain = 449.844
---------------------------------------------------------------------------------
INFO: [Synth 8-6157] synthesizing module 'design_3_decimal_counter_0_0' [c:/xproj/project_8.5/project_8.5.gen/sources_1/bd/design_3/ip/design_3_decimal_counter_0_0/synth/design_3_decimal_counter_0_0.v:53]
INFO: [Synth 8-6157] synthesizing module 'decimal_counter' [C:/xproj/project_8.5/project_8.5.srcs/sources_1/new/decimal_counter.v:23]
INFO: [Synth 8-6157] synthesizing module 'BCD' [C:/xproj/project_8.5/project_8.5.srcs/sources_1/new/BCD.v:38]
INFO: [Synth 8-6155] done synthesizing module 'BCD' (0#1) [C:/xproj/project_8.5/project_8.5.srcs/sources_1/new/BCD.v:38]
INFO: [Synth 8-6155] done synthesizing module 'decimal_counter' (0#1) [C:/xproj/project_8.5/project_8.5.srcs/sources_1/new/decimal_counter.v:23]
INFO: [Synth 8-6155] done synthesizing module 'design_3_decimal_counter_0_0' (0#1) [c:/xproj/project_8.5/project_8.5.gen/sources_1/bd/design_3/ip/design_3_decimal_counter_0_0/synth/design_3_decimal_counter_0_0.v:53]
---------------------------------------------------------------------------------
Finished Synthesize : Time (s): cpu = 00:00:06 ; elapsed = 00:00:10 . Memory (MB): peak = 1206.848 ; gain = 559.000
---------------------------------------------------------------------------------
---------------------------------------------------------------------------------
Finished Constraint Validation : Time (s): cpu = 00:00:07 ; elapsed = 00:00:11 . Memory (MB): peak = 1206.848 ; gain = 559.000
---------------------------------------------------------------------------------
---------------------------------------------------------------------------------
Start Loading Part and Timing Information
---------------------------------------------------------------------------------
Loading part: xc7z007sclg400-1
---------------------------------------------------------------------------------
Finished Loading Part and Timing Information : Time (s): cpu = 00:00:07 ; elapsed = 00:00:11 . Memory (MB): peak = 1206.848 ; gain = 559.000
---------------------------------------------------------------------------------
INFO: [Device 21-403] Loading part xc7z007sclg400-1
---------------------------------------------------------------------------------
Finished RTL Optimization Phase 2 : Time (s): cpu = 00:00:07 ; elapsed = 00:00:11 . Memory (MB): peak = 1206.848 ; gain = 559.000
---------------------------------------------------------------------------------
No constraint files found.
---------------------------------------------------------------------------------
Start RTL Component Statistics 
---------------------------------------------------------------------------------
Detailed RTL Component Info : 
+---Adders : 
	   2 Input    4 Bit       Adders := 4     
+---Registers : 
	                4 Bit    Registers := 4     
+---Muxes : 
	   2 Input    4 Bit        Muxes := 4     
---------------------------------------------------------------------------------
Finished RTL Component Statistics 
---------------------------------------------------------------------------------
---------------------------------------------------------------------------------
Start Part Resource Summary
---------------------------------------------------------------------------------
INFO: [Device 21-9227] Part: xc7z007sclg400-1 does not have CEAM library.
Part Resources:
DSPs: 66 (col length:40)
BRAMs: 100 (col length: RAMB18 40 RAMB36 20)
---------------------------------------------------------------------------------
Finished Part Resource Summary
---------------------------------------------------------------------------------
No constraint files found.
---------------------------------------------------------------------------------
Start Cross Boundary and Area Optimization
---------------------------------------------------------------------------------
WARNING: [Synth 8-7080] Parallel synthesis criteria is not met
---------------------------------------------------------------------------------
Finished Cross Boundary and Area Optimization : Time (s): cpu = 00:00:09 ; elapsed = 00:00:18 . Memory (MB): peak = 1399.617 ; gain = 751.770
---------------------------------------------------------------------------------
No constraint files found.
---------------------------------------------------------------------------------
Start Timing Optimization
---------------------------------------------------------------------------------
---------------------------------------------------------------------------------
Finished Timing Optimization : Time (s): cpu = 00:00:09 ; elapsed = 00:00:18 . Memory (MB): peak = 1399.617 ; gain = 751.770
---------------------------------------------------------------------------------
---------------------------------------------------------------------------------
Start Technology Mapping
---------------------------------------------------------------------------------
---------------------------------------------------------------------------------
Finished Technology Mapping : Time (s): cpu = 00:00:09 ; elapsed = 00:00:18 . Memory (MB): peak = 1399.617 ; gain = 751.770
---------------------------------------------------------------------------------
---------------------------------------------------------------------------------
Start IO Insertion
---------------------------------------------------------------------------------
---------------------------------------------------------------------------------
Start Flattening Before IO Insertion
---------------------------------------------------------------------------------
---------------------------------------------------------------------------------
Finished Flattening Before IO Insertion
---------------------------------------------------------------------------------
---------------------------------------------------------------------------------
Start Final Netlist Cleanup
---------------------------------------------------------------------------------
---------------------------------------------------------------------------------
Finished Final Netlist Cleanup
---------------------------------------------------------------------------------
---------------------------------------------------------------------------------
Finished IO Insertion : Time (s): cpu = 00:00:14 ; elapsed = 00:00:24 . Memory (MB): peak = 1399.617 ; gain = 751.770
---------------------------------------------------------------------------------
---------------------------------------------------------------------------------
Start Renaming Generated Instances
---------------------------------------------------------------------------------
---------------------------------------------------------------------------------
Finished Renaming Generated Instances : Time (s): cpu = 00:00:14 ; elapsed = 00:00:24 . Memory (MB): peak = 1399.617 ; gain = 751.770
---------------------------------------------------------------------------------
---------------------------------------------------------------------------------
Start Rebuilding User Hierarchy
---------------------------------------------------------------------------------
---------------------------------------------------------------------------------
Finished Rebuilding User Hierarchy : Time (s): cpu = 00:00:14 ; elapsed = 00:00:24 . Memory (MB): peak = 1399.617 ; gain = 751.770
---------------------------------------------------------------------------------
---------------------------------------------------------------------------------
Start Renaming Generated Ports
---------------------------------------------------------------------------------
---------------------------------------------------------------------------------
Finished Renaming Generated Ports : Time (s): cpu = 00:00:14 ; elapsed = 00:00:24 . Memory (MB): peak = 1399.617 ; gain = 751.770
---------------------------------------------------------------------------------
---------------------------------------------------------------------------------
Start Handling Custom Attributes
---------------------------------------------------------------------------------
---------------------------------------------------------------------------------
Finished Handling Custom Attributes : Time (s): cpu = 00:00:14 ; elapsed = 00:00:24 . Memory (MB): peak = 1399.617 ; gain = 751.770
---------------------------------------------------------------------------------
---------------------------------------------------------------------------------
Start Renaming Generated Nets
---------------------------------------------------------------------------------
---------------------------------------------------------------------------------
Finished Renaming Generated Nets : Time (s): cpu = 00:00:14 ; elapsed = 00:00:24 . Memory (MB): peak = 1399.617 ; gain = 751.770
---------------------------------------------------------------------------------
---------------------------------------------------------------------------------
Start Writing Synthesis Report
---------------------------------------------------------------------------------

Report BlackBoxes: 
+-+--------------+----------+
| |BlackBox name |Instances |
+-+--------------+----------+
+-+--------------+----------+

Report Cell Usage: 
+------+-----+------+
|      |Cell |Count |
+------+-----+------+
|1     |LUT1 |     4|
|2     |LUT3 |     4|
|3     |LUT4 |    11|
|4     |LUT5 |     1|
|5     |LUT6 |     1|
|6     |FDCE |    16|
+------+-----+------+

Report Instance Areas: 
+------+---------+----------------+------+
|      |Instance |Module          |Cells |
+------+---------+----------------+------+
|1     |top      |                |    37|
|2     |  inst   |decimal_counter |    37|
|3     |    BCD0 |BCD             |    10|
|4     |    BCD1 |BCD_0           |    10|
|5     |    BCD2 |BCD_1           |     9|
|6     |    BCD3 |BCD_2           |     8|
+------+---------+----------------+------+
---------------------------------------------------------------------------------
Finished Writing Synthesis Report : Time (s): cpu = 00:00:14 ; elapsed = 00:00:24 . Memory (MB): peak = 1399.617 ; gain = 751.770
---------------------------------------------------------------------------------
Synthesis finished with 0 errors, 0 critical warnings and 1 warnings.
Synthesis Optimization Runtime : Time (s): cpu = 00:00:14 ; elapsed = 00:00:24 . Memory (MB): peak = 1399.617 ; gain = 751.770
Synthesis Optimization Complete : Time (s): cpu = 00:00:14 ; elapsed = 00:00:24 . Memory (MB): peak = 1399.617 ; gain = 751.770
INFO: [Project 1-571] Translating synthesized netlist
Netlist sorting complete. Time (s): cpu = 00:00:00 ; elapsed = 00:00:00 . Memory (MB): peak = 1404.426 ; gain = 0.000
INFO: [Project 1-570] Preparing netlist for logic optimization
INFO: [Opt 31-138] Pushed 0 inverter(s) to 0 load pin(s).
Netlist sorting complete. Time (s): cpu = 00:00:00 ; elapsed = 00:00:00 . Memory (MB): peak = 1507.457 ; gain = 0.000
INFO: [Project 1-111] Unisim Transformation Summary:
No Unisim elements were transformed.

Synth Design complete | Checksum: 7bcc5d80
INFO: [Common 17-83] Releasing license: Synthesis
21 Infos, 1 Warnings, 0 Critical Warnings and 0 Errors encountered.
synth_design completed successfully
synth_design: Time (s): cpu = 00:00:15 ; elapsed = 00:00:26 . Memory (MB): peak = 1507.457 ; gain = 862.594
INFO: [Coretcl 2-1174] Renamed 5 cell refs.
INFO: [Timing 38-35] Done setting XDC timing constraints.
Write ShapeDB Complete: Time (s): cpu = 00:00:00 ; elapsed = 00:00:00.001 . Memory (MB): peak = 1792.566 ; gain = 0.000
INFO: [Common 17-1381] The checkpoint 'C:/xproj/project_8.5/project_8.5.runs/design_3_decimal_counter_0_0_synth_1/design_3_decimal_counter_0_0.dcp' has been generated.
write_checkpoint: Time (s): cpu = 00:00:04 ; elapsed = 00:00:08 . Memory (MB): peak = 1792.719 ; gain = 285.262
INFO: [Vivado 12-24828] Executing command : report_utilization -file design_3_decimal_counter_0_0_utilization_synth.rpt -pb design_3_decimal_counter_0_0_utilization_synth.pb
INFO: [Common 17-206] Exiting Vivado at Mon Nov 18 08:37:42 2024...
