
*** Running vivado
    with args -log design_2_wrapper.vdi -applog -m64 -product Vivado -messageDb vivado.pb -mode batch -source design_2_wrapper.tcl -notrace



****** Vivado v2024.1.1 (64-bit)
  **** SW Build 5094488 on Fri Jun 14 08:59:21 MDT 2024
  **** IP Build 5091682 on Fri Jun 14 16:55:04 MDT 2024
  **** SharedData Build 5094118 on Fri Jun 14 01:09:43 MDT 2024
  **** Start of session at: Thu Oct 24 12:45:24 2024
    ** Copyright 1986-2022 Xilinx, Inc. All Rights Reserved.
    ** Copyright 2022-2024 Advanced Micro Devices, Inc. All Rights Reserved.

source design_2_wrapper.tcl -notrace
INFO: [IP_Flow 19-234] Refreshing IP repositories
INFO: [IP_Flow 19-1704] No user IP repositories specified
INFO: [IP_Flow 19-2313] Loaded Vivado IP repository 'C:/Xilinx/Vivado/2024.1/data/ip'.
Command: link_design -top design_2_wrapper -part xc7z007sclg400-1
Design is defaulting to srcset: sources_1
Design is defaulting to constrset: constrs_1
INFO: [Device 21-403] Loading part xc7z007sclg400-1
INFO: [Device 21-9227] Part: xc7z007sclg400-1 does not have CEAM library.
INFO: [Project 1-454] Reading design checkpoint 'c:/xproj/project_7.5/project_7.5.gen/sources_1/bd/design_2/ip/design_2_PISO_0_2/design_2_PISO_0_2.dcp' for cell 'design_2_i/PISO_0'
INFO: [Project 1-454] Reading design checkpoint 'c:/xproj/project_7.5/project_7.5.gen/sources_1/bd/design_2/ip/design_2_PISO_1_1/design_2_PISO_1_1.dcp' for cell 'design_2_i/PISO_1'
INFO: [Project 1-454] Reading design checkpoint 'c:/xproj/project_7.5/project_7.5.gen/sources_1/bd/design_2/ip/design_2_clock_divider_0_0/design_2_clock_divider_0_0.dcp' for cell 'design_2_i/clock_divider_0'
Netlist sorting complete. Time (s): cpu = 00:00:00 ; elapsed = 00:00:00.001 . Memory (MB): peak = 1061.496 ; gain = 0.000
INFO: [Netlist 29-17] Analyzing 7 Unisim elements for replacement
INFO: [Netlist 29-28] Unisim Transformation completed in 0 CPU seconds
INFO: [Project 1-479] Netlist was created with Vivado 2024.1.1
INFO: [Project 1-570] Preparing netlist for logic optimization
Parsing XDC File [C:/xproj/project_7.5/project_7.5.srcs/constrs_1/new/constraints.xdc]
WARNING: [Vivado 12-584] No ports matched 'slow_clk'. [C:/xproj/project_7.5/project_7.5.srcs/constrs_1/new/constraints.xdc:6]
CRITICAL WARNING: [Vivado 12-4739] create_clock:No valid object(s) found for '-objects [get_ports slow_clk]'. [C:/xproj/project_7.5/project_7.5.srcs/constrs_1/new/constraints.xdc:6]
Resolution: Check if the specified object(s) exists in the current design. If it does, ensure that the correct design hierarchy was specified for the object. If you are working with clocks, make sure create_clock was used to create the clock object before it is referenced.
WARNING: [Vivado 12-584] No ports matched 'sw[8]'. [C:/xproj/project_7.5/project_7.5.srcs/constrs_1/new/constraints.xdc:40]
CRITICAL WARNING: [Common 17-55] 'set_property' expects at least one object. [C:/xproj/project_7.5/project_7.5.srcs/constrs_1/new/constraints.xdc:40]
Resolution: If [get_<value>] was used to populate the object, check to make sure this command returns at least one valid object.
WARNING: [Vivado 12-584] No ports matched 'sw[9]'. [C:/xproj/project_7.5/project_7.5.srcs/constrs_1/new/constraints.xdc:41]
CRITICAL WARNING: [Common 17-55] 'set_property' expects at least one object. [C:/xproj/project_7.5/project_7.5.srcs/constrs_1/new/constraints.xdc:41]
Resolution: If [get_<value>] was used to populate the object, check to make sure this command returns at least one valid object.
WARNING: [Vivado 12-584] No ports matched 'sw[10]'. [C:/xproj/project_7.5/project_7.5.srcs/constrs_1/new/constraints.xdc:42]
CRITICAL WARNING: [Common 17-55] 'set_property' expects at least one object. [C:/xproj/project_7.5/project_7.5.srcs/constrs_1/new/constraints.xdc:42]
Resolution: If [get_<value>] was used to populate the object, check to make sure this command returns at least one valid object.
WARNING: [Vivado 12-584] No ports matched 'sw[11]'. [C:/xproj/project_7.5/project_7.5.srcs/constrs_1/new/constraints.xdc:43]
CRITICAL WARNING: [Common 17-55] 'set_property' expects at least one object. [C:/xproj/project_7.5/project_7.5.srcs/constrs_1/new/constraints.xdc:43]
Resolution: If [get_<value>] was used to populate the object, check to make sure this command returns at least one valid object.
WARNING: [Vivado 12-584] No ports matched 'btn[3]'. [C:/xproj/project_7.5/project_7.5.srcs/constrs_1/new/constraints.xdc:49]
CRITICAL WARNING: [Common 17-55] 'set_property' expects at least one object. [C:/xproj/project_7.5/project_7.5.srcs/constrs_1/new/constraints.xdc:49]
Resolution: If [get_<value>] was used to populate the object, check to make sure this command returns at least one valid object.
WARNING: [Vivado 12-584] No ports matched 'seg_an[0]'. [C:/xproj/project_7.5/project_7.5.srcs/constrs_1/new/constraints.xdc:52]
CRITICAL WARNING: [Common 17-55] 'set_property' expects at least one object. [C:/xproj/project_7.5/project_7.5.srcs/constrs_1/new/constraints.xdc:52]
Resolution: If [get_<value>] was used to populate the object, check to make sure this command returns at least one valid object.
WARNING: [Vivado 12-584] No ports matched 'seg_an[1]'. [C:/xproj/project_7.5/project_7.5.srcs/constrs_1/new/constraints.xdc:53]
CRITICAL WARNING: [Common 17-55] 'set_property' expects at least one object. [C:/xproj/project_7.5/project_7.5.srcs/constrs_1/new/constraints.xdc:53]
Resolution: If [get_<value>] was used to populate the object, check to make sure this command returns at least one valid object.
WARNING: [Vivado 12-584] No ports matched 'seg_an[2]'. [C:/xproj/project_7.5/project_7.5.srcs/constrs_1/new/constraints.xdc:54]
CRITICAL WARNING: [Common 17-55] 'set_property' expects at least one object. [C:/xproj/project_7.5/project_7.5.srcs/constrs_1/new/constraints.xdc:54]
Resolution: If [get_<value>] was used to populate the object, check to make sure this command returns at least one valid object.
WARNING: [Vivado 12-584] No ports matched 'seg_an[3]'. [C:/xproj/project_7.5/project_7.5.srcs/constrs_1/new/constraints.xdc:55]
CRITICAL WARNING: [Common 17-55] 'set_property' expects at least one object. [C:/xproj/project_7.5/project_7.5.srcs/constrs_1/new/constraints.xdc:55]
Resolution: If [get_<value>] was used to populate the object, check to make sure this command returns at least one valid object.
WARNING: [Vivado 12-584] No ports matched 'seg_cat[0]'. [C:/xproj/project_7.5/project_7.5.srcs/constrs_1/new/constraints.xdc:58]
CRITICAL WARNING: [Common 17-55] 'set_property' expects at least one object. [C:/xproj/project_7.5/project_7.5.srcs/constrs_1/new/constraints.xdc:58]
Resolution: If [get_<value>] was used to populate the object, check to make sure this command returns at least one valid object.
WARNING: [Vivado 12-584] No ports matched 'seg_cat[1]'. [C:/xproj/project_7.5/project_7.5.srcs/constrs_1/new/constraints.xdc:59]
CRITICAL WARNING: [Common 17-55] 'set_property' expects at least one object. [C:/xproj/project_7.5/project_7.5.srcs/constrs_1/new/constraints.xdc:59]
Resolution: If [get_<value>] was used to populate the object, check to make sure this command returns at least one valid object.
WARNING: [Vivado 12-584] No ports matched 'seg_cat[2]'. [C:/xproj/project_7.5/project_7.5.srcs/constrs_1/new/constraints.xdc:60]
CRITICAL WARNING: [Common 17-55] 'set_property' expects at least one object. [C:/xproj/project_7.5/project_7.5.srcs/constrs_1/new/constraints.xdc:60]
Resolution: If [get_<value>] was used to populate the object, check to make sure this command returns at least one valid object.
WARNING: [Vivado 12-584] No ports matched 'seg_cat[3]'. [C:/xproj/project_7.5/project_7.5.srcs/constrs_1/new/constraints.xdc:61]
CRITICAL WARNING: [Common 17-55] 'set_property' expects at least one object. [C:/xproj/project_7.5/project_7.5.srcs/constrs_1/new/constraints.xdc:61]
Resolution: If [get_<value>] was used to populate the object, check to make sure this command returns at least one valid object.
WARNING: [Vivado 12-584] No ports matched 'seg_cat[4]'. [C:/xproj/project_7.5/project_7.5.srcs/constrs_1/new/constraints.xdc:62]
CRITICAL WARNING: [Common 17-55] 'set_property' expects at least one object. [C:/xproj/project_7.5/project_7.5.srcs/constrs_1/new/constraints.xdc:62]
Resolution: If [get_<value>] was used to populate the object, check to make sure this command returns at least one valid object.
WARNING: [Vivado 12-584] No ports matched 'seg_cat[5]'. [C:/xproj/project_7.5/project_7.5.srcs/constrs_1/new/constraints.xdc:63]
CRITICAL WARNING: [Common 17-55] 'set_property' expects at least one object. [C:/xproj/project_7.5/project_7.5.srcs/constrs_1/new/constraints.xdc:63]
Resolution: If [get_<value>] was used to populate the object, check to make sure this command returns at least one valid object.
WARNING: [Vivado 12-584] No ports matched 'seg_cat[6]'. [C:/xproj/project_7.5/project_7.5.srcs/constrs_1/new/constraints.xdc:64]
CRITICAL WARNING: [Common 17-55] 'set_property' expects at least one object. [C:/xproj/project_7.5/project_7.5.srcs/constrs_1/new/constraints.xdc:64]
Resolution: If [get_<value>] was used to populate the object, check to make sure this command returns at least one valid object.
WARNING: [Vivado 12-584] No ports matched 'seg_cat[7]'. [C:/xproj/project_7.5/project_7.5.srcs/constrs_1/new/constraints.xdc:65]
CRITICAL WARNING: [Common 17-55] 'set_property' expects at least one object. [C:/xproj/project_7.5/project_7.5.srcs/constrs_1/new/constraints.xdc:65]
Resolution: If [get_<value>] was used to populate the object, check to make sure this command returns at least one valid object.
Finished Parsing XDC File [C:/xproj/project_7.5/project_7.5.srcs/constrs_1/new/constraints.xdc]
INFO: [Opt 31-138] Pushed 0 inverter(s) to 0 load pin(s).
Netlist sorting complete. Time (s): cpu = 00:00:00 ; elapsed = 00:00:00 . Memory (MB): peak = 1194.016 ; gain = 0.000
INFO: [Project 1-111] Unisim Transformation Summary:
No Unisim elements were transformed.

14 Infos, 18 Warnings, 18 Critical Warnings and 0 Errors encountered.
link_design completed successfully
Command: opt_design
Attempting to get a license for feature 'Implementation' and/or device 'xc7z007s'
INFO: [Common 17-349] Got license for feature 'Implementation' and/or device 'xc7z007s'
Running DRC as a precondition to command opt_design

Starting DRC Task
INFO: [DRC 23-27] Running DRC with 2 threads
INFO: [Project 1-461] DRC finished with 0 Errors
INFO: [Project 1-462] Please refer to the DRC report (report_drc) for more information.

Time (s): cpu = 00:00:00 ; elapsed = 00:00:00.604 . Memory (MB): peak = 1225.957 ; gain = 31.941

Starting Cache Timing Information Task
INFO: [Timing 38-35] Done setting XDC timing constraints.
Ending Cache Timing Information Task | Checksum: 298324141

Time (s): cpu = 00:00:04 ; elapsed = 00:00:05 . Memory (MB): peak = 1747.336 ; gain = 521.379

Starting Logic Optimization Task

Phase 1 Initialization

Phase 1.1 Core Generation And Design Setup
Phase 1.1 Core Generation And Design Setup | Checksum: 298324141

Time (s): cpu = 00:00:00 ; elapsed = 00:00:00 . Memory (MB): peak = 2128.418 ; gain = 0.000

Phase 1.2 Setup Constraints And Sort Netlist
Phase 1.2 Setup Constraints And Sort Netlist | Checksum: 298324141

Time (s): cpu = 00:00:00 ; elapsed = 00:00:00.001 . Memory (MB): peak = 2128.418 ; gain = 0.000
Phase 1 Initialization | Checksum: 298324141

Time (s): cpu = 00:00:00 ; elapsed = 00:00:00.001 . Memory (MB): peak = 2128.418 ; gain = 0.000

Phase 2 Timer Update And Timing Data Collection

Phase 2.1 Timer Update
Phase 2.1 Timer Update | Checksum: 298324141

Time (s): cpu = 00:00:00 ; elapsed = 00:00:00.004 . Memory (MB): peak = 2128.418 ; gain = 0.000

Phase 2.2 Timing Data Collection
Phase 2.2 Timing Data Collection | Checksum: 298324141

Time (s): cpu = 00:00:00 ; elapsed = 00:00:00.008 . Memory (MB): peak = 2128.418 ; gain = 0.000
Phase 2 Timer Update And Timing Data Collection | Checksum: 298324141

Time (s): cpu = 00:00:00 ; elapsed = 00:00:00.008 . Memory (MB): peak = 2128.418 ; gain = 0.000

Phase 3 Retarget
INFO: [Opt 31-1834] Total Chains To Be Transformed Were: 0 AND Number of Transformed insts Created are: 0
INFO: [Opt 31-138] Pushed 0 inverter(s) to 0 load pin(s).
INFO: [Opt 31-49] Retargeted 0 cell(s).
Phase 3 Retarget | Checksum: 298324141

Time (s): cpu = 00:00:00 ; elapsed = 00:00:00.011 . Memory (MB): peak = 2128.418 ; gain = 0.000
Retarget | Checksum: 298324141
INFO: [Opt 31-389] Phase Retarget created 0 cells and removed 0 cells

Phase 4 Constant propagation
INFO: [Opt 31-138] Pushed 0 inverter(s) to 0 load pin(s).
Phase 4 Constant propagation | Checksum: 298324141

Time (s): cpu = 00:00:00 ; elapsed = 00:00:00.012 . Memory (MB): peak = 2128.418 ; gain = 0.000
Constant propagation | Checksum: 298324141
INFO: [Opt 31-389] Phase Constant propagation created 0 cells and removed 0 cells

Phase 5 Sweep
Phase 5 Sweep | Checksum: 2c93e40d2

Time (s): cpu = 00:00:00 ; elapsed = 00:00:00.017 . Memory (MB): peak = 2128.418 ; gain = 0.000
Sweep | Checksum: 2c93e40d2
INFO: [Opt 31-389] Phase Sweep created 16 cells and removed 0 cells

Phase 6 BUFG optimization
INFO: [Opt 31-194] Inserted BUFG design_2_i/clock_divider_0/inst/slow_clk_BUFG_inst to drive 33 load(s) on clock net design_2_i/clock_divider_0/inst/slow_clk_BUFG
INFO: [Opt 31-193] Inserted 1 BUFG(s) on clock nets
Phase 6 BUFG optimization | Checksum: 2a5b36bc8

Time (s): cpu = 00:00:00 ; elapsed = 00:00:00.048 . Memory (MB): peak = 2128.418 ; gain = 0.000
BUFG optimization | Checksum: 2a5b36bc8
INFO: [Opt 31-662] Phase BUFG optimization created 1 cells of which 1 are BUFGs and removed 0 cells.

Phase 7 Shift Register Optimization
INFO: [Opt 31-1064] SRL Remap converted 0 SRLs to 0 registers and converted 0 registers of register chains to 0 SRLs
Phase 7 Shift Register Optimization | Checksum: 2a5b36bc8

Time (s): cpu = 00:00:00 ; elapsed = 00:00:00.048 . Memory (MB): peak = 2128.418 ; gain = 0.000
Shift Register Optimization | Checksum: 2a5b36bc8
INFO: [Opt 31-389] Phase Shift Register Optimization created 0 cells and removed 0 cells

Phase 8 Post Processing Netlist
Phase 8 Post Processing Netlist | Checksum: 2b06a742d

Time (s): cpu = 00:00:00 ; elapsed = 00:00:00.049 . Memory (MB): peak = 2128.418 ; gain = 0.000
Post Processing Netlist | Checksum: 2b06a742d
INFO: [Opt 31-389] Phase Post Processing Netlist created 0 cells and removed 0 cells

Phase 9 Finalization

Phase 9.1 Finalizing Design Cores and Updating Shapes
Phase 9.1 Finalizing Design Cores and Updating Shapes | Checksum: 20c5b8bf0

Time (s): cpu = 00:00:00 ; elapsed = 00:00:00.054 . Memory (MB): peak = 2128.418 ; gain = 0.000

Phase 9.2 Verifying Netlist Connectivity

Starting Connectivity Check Task

Time (s): cpu = 00:00:00 ; elapsed = 00:00:00.001 . Memory (MB): peak = 2128.418 ; gain = 0.000
Phase 9.2 Verifying Netlist Connectivity | Checksum: 20c5b8bf0

Time (s): cpu = 00:00:00 ; elapsed = 00:00:00.055 . Memory (MB): peak = 2128.418 ; gain = 0.000
Phase 9 Finalization | Checksum: 20c5b8bf0

Time (s): cpu = 00:00:00 ; elapsed = 00:00:00.055 . Memory (MB): peak = 2128.418 ; gain = 0.000
Opt_design Change Summary
=========================


-------------------------------------------------------------------------------------------------------------------------
|  Phase                        |  #Cells created  |  #Cells Removed  |  #Constrained objects preventing optimizations  |
-------------------------------------------------------------------------------------------------------------------------
|  Retarget                     |               0  |               0  |                                              0  |
|  Constant propagation         |               0  |               0  |                                              0  |
|  Sweep                        |              16  |               0  |                                              0  |
|  BUFG optimization            |               1  |               0  |                                              0  |
|  Shift Register Optimization  |               0  |               0  |                                              0  |
|  Post Processing Netlist      |               0  |               0  |                                              0  |
-------------------------------------------------------------------------------------------------------------------------


Ending Logic Optimization Task | Checksum: 20c5b8bf0

Time (s): cpu = 00:00:00 ; elapsed = 00:00:00.055 . Memory (MB): peak = 2128.418 ; gain = 0.000

Starting Power Optimization Task
INFO: [Pwropt 34-132] Skipping clock gating for clocks with a period < 2.00 ns.
Ending Power Optimization Task | Checksum: 20c5b8bf0

Time (s): cpu = 00:00:00 ; elapsed = 00:00:00.004 . Memory (MB): peak = 2128.418 ; gain = 0.000

Starting Final Cleanup Task
Ending Final Cleanup Task | Checksum: 20c5b8bf0

Time (s): cpu = 00:00:00 ; elapsed = 00:00:00.001 . Memory (MB): peak = 2128.418 ; gain = 0.000

Starting Netlist Obfuscation Task
Netlist sorting complete. Time (s): cpu = 00:00:00 ; elapsed = 00:00:00 . Memory (MB): peak = 2128.418 ; gain = 0.000
Ending Netlist Obfuscation Task | Checksum: 20c5b8bf0

Time (s): cpu = 00:00:00 ; elapsed = 00:00:00 . Memory (MB): peak = 2128.418 ; gain = 0.000
INFO: [Common 17-83] Releasing license: Implementation
34 Infos, 18 Warnings, 18 Critical Warnings and 0 Errors encountered.
opt_design completed successfully
opt_design: Time (s): cpu = 00:00:06 ; elapsed = 00:00:08 . Memory (MB): peak = 2128.418 ; gain = 934.402
INFO: [Vivado 12-24828] Executing command : report_drc -file design_2_wrapper_drc_opted.rpt -pb design_2_wrapper_drc_opted.pb -rpx design_2_wrapper_drc_opted.rpx
Command: report_drc -file design_2_wrapper_drc_opted.rpt -pb design_2_wrapper_drc_opted.pb -rpx design_2_wrapper_drc_opted.rpx
INFO: [IP_Flow 19-1839] IP Catalog is up to date.
INFO: [DRC 23-27] Running DRC with 2 threads
INFO: [Vivado_Tcl 2-168] The results of DRC are in file C:/xproj/project_7.5/project_7.5.runs/impl_1/design_2_wrapper_drc_opted.rpt.
report_drc completed successfully
INFO: [Timing 38-480] Writing timing data to binary archive.
Write ShapeDB Complete: Time (s): cpu = 00:00:00 ; elapsed = 00:00:00 . Memory (MB): peak = 2128.418 ; gain = 0.000
Wrote PlaceDB: Time (s): cpu = 00:00:00 ; elapsed = 00:00:00.001 . Memory (MB): peak = 2128.418 ; gain = 0.000
Wrote PulsedLatchDB: Time (s): cpu = 00:00:00 ; elapsed = 00:00:00 . Memory (MB): peak = 2128.418 ; gain = 0.000
Writing XDEF routing.
Writing XDEF routing logical nets.
Writing XDEF routing special nets.
Wrote RouteStorage: Time (s): cpu = 00:00:00 ; elapsed = 00:00:00.041 . Memory (MB): peak = 2128.418 ; gain = 0.000
Wrote Netlist Cache: Time (s): cpu = 00:00:00 ; elapsed = 00:00:00 . Memory (MB): peak = 2128.418 ; gain = 0.000
Wrote Device Cache: Time (s): cpu = 00:00:00 ; elapsed = 00:00:00.007 . Memory (MB): peak = 2128.418 ; gain = 0.000
Write Physdb Complete: Time (s): cpu = 00:00:00 ; elapsed = 00:00:00.056 . Memory (MB): peak = 2128.418 ; gain = 0.000
INFO: [Common 17-1381] The checkpoint 'C:/xproj/project_7.5/project_7.5.runs/impl_1/design_2_wrapper_opt.dcp' has been generated.
Command: place_design
Attempting to get a license for feature 'Implementation' and/or device 'xc7z007s'
INFO: [Common 17-349] Got license for feature 'Implementation' and/or device 'xc7z007s'
INFO: [Common 17-83] Releasing license: Implementation
INFO: [DRC 23-27] Running DRC with 2 threads
INFO: [Vivado_Tcl 4-198] DRC finished with 0 Errors
INFO: [Vivado_Tcl 4-199] Please refer to the DRC report (report_drc) for more information.
Running DRC as a precondition to command place_design
INFO: [DRC 23-27] Running DRC with 2 threads
INFO: [Vivado_Tcl 4-198] DRC finished with 0 Errors
INFO: [Vivado_Tcl 4-199] Please refer to the DRC report (report_drc) for more information.
INFO: [Place 30-611] Multithreading enabled for place_design using a maximum of 2 CPUs

Starting Placer Task

Phase 1 Placer Initialization

Phase 1.1 Placer Initialization Netlist Sorting
Netlist sorting complete. Time (s): cpu = 00:00:00 ; elapsed = 00:00:00.001 . Memory (MB): peak = 2128.418 ; gain = 0.000
Phase 1.1 Placer Initialization Netlist Sorting | Checksum: 1748972dd

Time (s): cpu = 00:00:00 ; elapsed = 00:00:00.001 . Memory (MB): peak = 2128.418 ; gain = 0.000
Netlist sorting complete. Time (s): cpu = 00:00:00 ; elapsed = 00:00:00 . Memory (MB): peak = 2128.418 ; gain = 0.000

Phase 1.2 IO Placement/ Clock Placement/ Build Placer Device
INFO: [Timing 38-35] Done setting XDC timing constraints.
Phase 1.2 IO Placement/ Clock Placement/ Build Placer Device | Checksum: 17e2c34ea

Time (s): cpu = 00:00:00 ; elapsed = 00:00:00.046 . Memory (MB): peak = 2128.418 ; gain = 0.000

Phase 1.3 Build Placer Netlist Model
Phase 1.3 Build Placer Netlist Model | Checksum: 22d62d894

Time (s): cpu = 00:00:00 ; elapsed = 00:00:00.105 . Memory (MB): peak = 2128.418 ; gain = 0.000

Phase 1.4 Constrain Clocks/Macros
Phase 1.4 Constrain Clocks/Macros | Checksum: 22d62d894

Time (s): cpu = 00:00:00 ; elapsed = 00:00:00.106 . Memory (MB): peak = 2128.418 ; gain = 0.000
Phase 1 Placer Initialization | Checksum: 22d62d894

Time (s): cpu = 00:00:00 ; elapsed = 00:00:00.108 . Memory (MB): peak = 2128.418 ; gain = 0.000

Phase 2 Global Placement

Phase 2.1 Floorplanning
Phase 2.1 Floorplanning | Checksum: 242b1f4eb

Time (s): cpu = 00:00:00 ; elapsed = 00:00:00.162 . Memory (MB): peak = 2128.418 ; gain = 0.000

Phase 2.2 Update Timing before SLR Path Opt
Phase 2.2 Update Timing before SLR Path Opt | Checksum: 20d7e32a9

Time (s): cpu = 00:00:00 ; elapsed = 00:00:00.202 . Memory (MB): peak = 2128.418 ; gain = 0.000

Phase 2.3 Post-Processing in Floorplanning
Phase 2.3 Post-Processing in Floorplanning | Checksum: 20d7e32a9

Time (s): cpu = 00:00:00 ; elapsed = 00:00:00.203 . Memory (MB): peak = 2128.418 ; gain = 0.000

Phase 2.4 Global Placement Core

Phase 2.4.1 UpdateTiming Before Physical Synthesis
Phase 2.4.1 UpdateTiming Before Physical Synthesis | Checksum: 23977e1d7

Time (s): cpu = 00:00:00 ; elapsed = 00:00:00.509 . Memory (MB): peak = 2128.418 ; gain = 0.000

Phase 2.4.2 Physical Synthesis In Placer
INFO: [Physopt 32-1044] Break lutnm for timing: one critical 0, two critical 0, total 0, new lutff created 0
INFO: [Physopt 32-1138] End 1 Pass. Optimized 0 net or LUT. Breaked 0 LUT, combined 0 existing LUT and moved 0 existing LUT
INFO: [Physopt 32-65] No nets found for high-fanout optimization.
INFO: [Physopt 32-232] Optimized 0 net. Created 0 new instance.
INFO: [Physopt 32-775] End 1 Pass. Optimized 0 net or cell. Created 0 new cell, deleted 0 existing cell and moved 0 existing cell
INFO: [Physopt 32-670] No setup violation found.  DSP Register Optimization was not performed.
INFO: [Physopt 32-670] No setup violation found.  Shift Register to Pipeline Optimization was not performed.
INFO: [Physopt 32-670] No setup violation found.  Shift Register Optimization was not performed.
INFO: [Physopt 32-670] No setup violation found.  BRAM Register Optimization was not performed.
INFO: [Physopt 32-670] No setup violation found.  URAM Register Optimization was not performed.
INFO: [Physopt 32-949] No candidate nets found for dynamic/static region interface net replication
INFO: [Physopt 32-775] End 1 Pass. Optimized 0 net or cell. Created 0 new cell, deleted 0 existing cell and moved 0 existing cell
Netlist sorting complete. Time (s): cpu = 00:00:00 ; elapsed = 00:00:00 . Memory (MB): peak = 2128.418 ; gain = 0.000

Summary of Physical Synthesis Optimizations
============================================


-----------------------------------------------------------------------------------------------------------------------------------------------------------
|  Optimization                                     |  Added Cells  |  Removed Cells  |  Optimized Cells/Nets  |  Dont Touch  |  Iterations  |  Elapsed   |
-----------------------------------------------------------------------------------------------------------------------------------------------------------
|  LUT Combining                                    |            0  |              0  |                     0  |           0  |           1  |  00:00:00  |
|  Retime                                           |            0  |              0  |                     0  |           0  |           1  |  00:00:00  |
|  Very High Fanout                                 |            0  |              0  |                     0  |           0  |           1  |  00:00:00  |
|  DSP Register                                     |            0  |              0  |                     0  |           0  |           0  |  00:00:00  |
|  Shift Register to Pipeline                       |            0  |              0  |                     0  |           0  |           0  |  00:00:00  |
|  Shift Register                                   |            0  |              0  |                     0  |           0  |           0  |  00:00:00  |
|  BRAM Register                                    |            0  |              0  |                     0  |           0  |           0  |  00:00:00  |
|  URAM Register                                    |            0  |              0  |                     0  |           0  |           0  |  00:00:00  |
|  Dynamic/Static Region Interface Net Replication  |            0  |              0  |                     0  |           0  |           1  |  00:00:00  |
|  Total                                            |            0  |              0  |                     0  |           0  |           4  |  00:00:00  |
-----------------------------------------------------------------------------------------------------------------------------------------------------------


Phase 2.4.2 Physical Synthesis In Placer | Checksum: 23977e1d7

Time (s): cpu = 00:00:00 ; elapsed = 00:00:00.531 . Memory (MB): peak = 2128.418 ; gain = 0.000
Phase 2.4 Global Placement Core | Checksum: 185936a3e

Time (s): cpu = 00:00:00 ; elapsed = 00:00:00.543 . Memory (MB): peak = 2128.418 ; gain = 0.000
Phase 2 Global Placement | Checksum: 185936a3e

Time (s): cpu = 00:00:00 ; elapsed = 00:00:00.545 . Memory (MB): peak = 2128.418 ; gain = 0.000

Phase 3 Detail Placement

Phase 3.1 Commit Multi Column Macros
Phase 3.1 Commit Multi Column Macros | Checksum: 214ae5648

Time (s): cpu = 00:00:00 ; elapsed = 00:00:00.589 . Memory (MB): peak = 2128.418 ; gain = 0.000

Phase 3.2 Commit Most Macros & LUTRAMs
Phase 3.2 Commit Most Macros & LUTRAMs | Checksum: 246f53086

Time (s): cpu = 00:00:00 ; elapsed = 00:00:00.654 . Memory (MB): peak = 2128.418 ; gain = 0.000

Phase 3.3 Area Swap Optimization
Phase 3.3 Area Swap Optimization | Checksum: 2a2288802

Time (s): cpu = 00:00:00 ; elapsed = 00:00:00.656 . Memory (MB): peak = 2128.418 ; gain = 0.000

Phase 3.4 Pipeline Register Optimization
Phase 3.4 Pipeline Register Optimization | Checksum: 2df2ab126

Time (s): cpu = 00:00:00 ; elapsed = 00:00:00.657 . Memory (MB): peak = 2128.418 ; gain = 0.000

Phase 3.5 Small Shape Detail Placement
Phase 3.5 Small Shape Detail Placement | Checksum: 1e367bf77

Time (s): cpu = 00:00:00 ; elapsed = 00:00:00.701 . Memory (MB): peak = 2128.418 ; gain = 0.000

Phase 3.6 Re-assign LUT pins
Phase 3.6 Re-assign LUT pins | Checksum: 1e367bf77

Time (s): cpu = 00:00:00 ; elapsed = 00:00:00.702 . Memory (MB): peak = 2128.418 ; gain = 0.000

Phase 3.7 Pipeline Register Optimization
Phase 3.7 Pipeline Register Optimization | Checksum: 1a86f269b

Time (s): cpu = 00:00:00 ; elapsed = 00:00:00.703 . Memory (MB): peak = 2128.418 ; gain = 0.000
Phase 3 Detail Placement | Checksum: 1a86f269b

Time (s): cpu = 00:00:00 ; elapsed = 00:00:00.703 . Memory (MB): peak = 2128.418 ; gain = 0.000

Phase 4 Post Placement Optimization and Clean-Up

Phase 4.1 Post Commit Optimization
INFO: [Timing 38-35] Done setting XDC timing constraints.

Phase 4.1.1 Post Placement Optimization
Post Placement Optimization Initialization | Checksum: 2794f9b9e

Phase 4.1.1.1 BUFG Insertion

Starting Physical Synthesis Task

Phase 1 Physical Synthesis Initialization
INFO: [Physopt 32-721] Multithreading enabled for phys_opt_design using a maximum of 2 CPUs
INFO: [Physopt 32-619] Estimated Timing Summary | WNS=5.335 | TNS=0.000 |
Phase 1 Physical Synthesis Initialization | Checksum: 2225f3998

Time (s): cpu = 00:00:00 ; elapsed = 00:00:00.004 . Memory (MB): peak = 2128.418 ; gain = 0.000
INFO: [Place 46-56] BUFG insertion identified 0 candidate nets. Inserted BUFG: 0, Replicated BUFG Driver: 0, Skipped due to Placement/Routing Conflicts: 0, Skipped due to Timing Degradation: 0, Skipped due to netlist editing failed: 0.
Ending Physical Synthesis Task | Checksum: 277e95f6d

Time (s): cpu = 00:00:00 ; elapsed = 00:00:00.005 . Memory (MB): peak = 2128.418 ; gain = 0.000
Phase 4.1.1.1 BUFG Insertion | Checksum: 2794f9b9e

Time (s): cpu = 00:00:00 ; elapsed = 00:00:00.746 . Memory (MB): peak = 2128.418 ; gain = 0.000

Phase 4.1.1.2 Post Placement Timing Optimization
INFO: [Place 30-746] Post Placement Timing Summary WNS=5.335. For the most accurate timing information please run report_timing.
Phase 4.1.1.2 Post Placement Timing Optimization | Checksum: 1f85b8b88

Time (s): cpu = 00:00:00 ; elapsed = 00:00:00.746 . Memory (MB): peak = 2128.418 ; gain = 0.000

Time (s): cpu = 00:00:00 ; elapsed = 00:00:00.747 . Memory (MB): peak = 2128.418 ; gain = 0.000
Phase 4.1 Post Commit Optimization | Checksum: 1f85b8b88

Time (s): cpu = 00:00:00 ; elapsed = 00:00:00.747 . Memory (MB): peak = 2128.418 ; gain = 0.000

Phase 4.2 Post Placement Cleanup
Phase 4.2 Post Placement Cleanup | Checksum: 1f85b8b88

Time (s): cpu = 00:00:00 ; elapsed = 00:00:00.748 . Memory (MB): peak = 2128.418 ; gain = 0.000

Phase 4.3 Placer Reporting

Phase 4.3.1 Print Estimated Congestion
INFO: [Place 30-612] Post-Placement Estimated Congestion 
 ____________________________________________________
|           | Global Congestion | Short Congestion  |
| Direction | Region Size       | Region Size       |
|___________|___________________|___________________|
|      North|                1x1|                1x1|
|___________|___________________|___________________|
|      South|                1x1|                1x1|
|___________|___________________|___________________|
|       East|                1x1|                1x1|
|___________|___________________|___________________|
|       West|                1x1|                1x1|
|___________|___________________|___________________|

Phase 4.3.1 Print Estimated Congestion | Checksum: 1f85b8b88

Time (s): cpu = 00:00:00 ; elapsed = 00:00:00.749 . Memory (MB): peak = 2128.418 ; gain = 0.000
Phase 4.3 Placer Reporting | Checksum: 1f85b8b88

Time (s): cpu = 00:00:00 ; elapsed = 00:00:00.749 . Memory (MB): peak = 2128.418 ; gain = 0.000

Phase 4.4 Final Placement Cleanup
Netlist sorting complete. Time (s): cpu = 00:00:00 ; elapsed = 00:00:00.001 . Memory (MB): peak = 2128.418 ; gain = 0.000

Time (s): cpu = 00:00:00 ; elapsed = 00:00:00.754 . Memory (MB): peak = 2128.418 ; gain = 0.000
Phase 4 Post Placement Optimization and Clean-Up | Checksum: 1f85b8b88

Time (s): cpu = 00:00:00 ; elapsed = 00:00:00.754 . Memory (MB): peak = 2128.418 ; gain = 0.000
Ending Placer Task | Checksum: 1e017465a

Time (s): cpu = 00:00:00 ; elapsed = 00:00:00.755 . Memory (MB): peak = 2128.418 ; gain = 0.000
68 Infos, 18 Warnings, 18 Critical Warnings and 0 Errors encountered.
place_design completed successfully
INFO: [Vivado 12-24838] Running report commands "report_control_sets, report_io, report_utilization" in parallel.
Running report generation with 2 threads.
INFO: [Vivado 12-24828] Executing command : report_utilization -file design_2_wrapper_utilization_placed.rpt -pb design_2_wrapper_utilization_placed.pb
INFO: [Vivado 12-24828] Executing command : report_control_sets -verbose -file design_2_wrapper_control_sets_placed.rpt
report_control_sets: Time (s): cpu = 00:00:00 ; elapsed = 00:00:00.001 . Memory (MB): peak = 2128.418 ; gain = 0.000
INFO: [Vivado 12-24828] Executing command : report_io -file design_2_wrapper_io_placed.rpt
report_io: Time (s): cpu = 00:00:00 ; elapsed = 00:00:00.040 . Memory (MB): peak = 2128.418 ; gain = 0.000
Write ShapeDB Complete: Time (s): cpu = 00:00:00 ; elapsed = 00:00:00.001 . Memory (MB): peak = 2128.418 ; gain = 0.000
INFO: [Timing 38-480] Writing timing data to binary archive.
Wrote PlaceDB: Time (s): cpu = 00:00:00 ; elapsed = 00:00:00.004 . Memory (MB): peak = 2128.418 ; gain = 0.000
Wrote PulsedLatchDB: Time (s): cpu = 00:00:00 ; elapsed = 00:00:00 . Memory (MB): peak = 2128.418 ; gain = 0.000
Writing XDEF routing.
Writing XDEF routing logical nets.
Writing XDEF routing special nets.
Wrote RouteStorage: Time (s): cpu = 00:00:00 ; elapsed = 00:00:00.019 . Memory (MB): peak = 2128.418 ; gain = 0.000
Wrote Netlist Cache: Time (s): cpu = 00:00:00 ; elapsed = 00:00:00 . Memory (MB): peak = 2128.418 ; gain = 0.000
Wrote Device Cache: Time (s): cpu = 00:00:00 ; elapsed = 00:00:00.006 . Memory (MB): peak = 2128.418 ; gain = 0.000
Write Physdb Complete: Time (s): cpu = 00:00:00 ; elapsed = 00:00:00.036 . Memory (MB): peak = 2128.418 ; gain = 0.000
INFO: [Common 17-1381] The checkpoint 'C:/xproj/project_7.5/project_7.5.runs/impl_1/design_2_wrapper_placed.dcp' has been generated.
Command: phys_opt_design
Attempting to get a license for feature 'Implementation' and/or device 'xc7z007s'
INFO: [Common 17-349] Got license for feature 'Implementation' and/or device 'xc7z007s'

Starting Initial Update Timing Task

Time (s): cpu = 00:00:00 ; elapsed = 00:00:00.012 . Memory (MB): peak = 2128.418 ; gain = 0.000
INFO: [Vivado_Tcl 4-2279] Estimated Timing Summary | WNS= 5.335 | TNS= 0.000 | 
INFO: [Vivado_Tcl 4-383] Design worst setup slack (WNS) is greater than or equal to 0.000 ns. All physical synthesis setup optimizations will be skipped.
INFO: [Vivado_Tcl 4-232] No setup violation found. The netlist was not modified.
INFO: [Common 17-83] Releasing license: Implementation
79 Infos, 18 Warnings, 18 Critical Warnings and 0 Errors encountered.
phys_opt_design completed successfully
INFO: [Timing 38-480] Writing timing data to binary archive.
Write ShapeDB Complete: Time (s): cpu = 00:00:00 ; elapsed = 00:00:00.001 . Memory (MB): peak = 2146.246 ; gain = 0.000
Wrote PlaceDB: Time (s): cpu = 00:00:00 ; elapsed = 00:00:00.004 . Memory (MB): peak = 2146.246 ; gain = 0.000
Wrote PulsedLatchDB: Time (s): cpu = 00:00:00 ; elapsed = 00:00:00 . Memory (MB): peak = 2146.246 ; gain = 0.000
Writing XDEF routing.
Writing XDEF routing logical nets.
Writing XDEF routing special nets.
Wrote RouteStorage: Time (s): cpu = 00:00:00 ; elapsed = 00:00:00.022 . Memory (MB): peak = 2146.246 ; gain = 0.000
Wrote Netlist Cache: Time (s): cpu = 00:00:00 ; elapsed = 00:00:00 . Memory (MB): peak = 2146.246 ; gain = 0.000
Wrote Device Cache: Time (s): cpu = 00:00:00 ; elapsed = 00:00:00.007 . Memory (MB): peak = 2146.246 ; gain = 0.000
Write Physdb Complete: Time (s): cpu = 00:00:00 ; elapsed = 00:00:00.042 . Memory (MB): peak = 2146.246 ; gain = 0.000
INFO: [Common 17-1381] The checkpoint 'C:/xproj/project_7.5/project_7.5.runs/impl_1/design_2_wrapper_physopt.dcp' has been generated.
Command: route_design
Attempting to get a license for feature 'Implementation' and/or device 'xc7z007s'
INFO: [Common 17-349] Got license for feature 'Implementation' and/or device 'xc7z007s'
Running DRC as a precondition to command route_design
INFO: [DRC 23-27] Running DRC with 2 threads
INFO: [Vivado_Tcl 4-198] DRC finished with 0 Errors
INFO: [Vivado_Tcl 4-199] Please refer to the DRC report (report_drc) for more information.


Starting Routing Task
INFO: [Route 35-254] Multithreading enabled for route_design using a maximum of 8 CPUs

Phase 1 Build RT Design
Checksum: PlaceDB: 48e28b21 ConstDB: 0 ShapeSum: f154cb41 RouteDB: a5dfeff8
Post Restoration Checksum: NetGraph: ae0d4b43 | NumContArr: a4f61977 | Constraints: c2a8fa9d | Timing: c2a8fa9d
Phase 1 Build RT Design | Checksum: 2d85559f4

Time (s): cpu = 00:00:06 ; elapsed = 00:00:07 . Memory (MB): peak = 2208.047 ; gain = 50.367

Phase 2 Router Initialization

Phase 2.1 Fix Topology Constraints
Phase 2.1 Fix Topology Constraints | Checksum: 2d85559f4

Time (s): cpu = 00:00:06 ; elapsed = 00:00:07 . Memory (MB): peak = 2208.047 ; gain = 50.367

Phase 2.2 Pre Route Cleanup
Phase 2.2 Pre Route Cleanup | Checksum: 2d85559f4

Time (s): cpu = 00:00:06 ; elapsed = 00:00:07 . Memory (MB): peak = 2208.047 ; gain = 50.367
 Number of Nodes with overlaps = 0

Phase 2.3 Update Timing
Phase 2.3 Update Timing | Checksum: 205438a0e

Time (s): cpu = 00:00:06 ; elapsed = 00:00:08 . Memory (MB): peak = 2237.730 ; gain = 80.051
INFO: [Route 35-416] Intermediate Timing Summary | WNS=4.866  | TNS=0.000  | WHS=0.059  | THS=0.000  |


Router Utilization Summary
  Global Vertical Routing Utilization    = 0.00872748 %
  Global Horizontal Routing Utilization  = 0.00643382 %
  Routable Net Status*
  *Does not include unroutable nets such as driverless and loadless.
  Run report_route_status for detailed report.
  Number of Failed Nets               = 91
    (Failed Nets is the sum of unrouted and partially routed nets)
  Number of Unrouted Nets             = 90
  Number of Partially Routed Nets     = 1
  Number of Node Overlaps             = 0

Phase 2 Router Initialization | Checksum: 254447c5f

Time (s): cpu = 00:00:06 ; elapsed = 00:00:08 . Memory (MB): peak = 2246.676 ; gain = 88.996

Phase 3 Global Routing
Phase 3 Global Routing | Checksum: 254447c5f

Time (s): cpu = 00:00:06 ; elapsed = 00:00:08 . Memory (MB): peak = 2246.676 ; gain = 88.996

Phase 4 Initial Routing

Phase 4.1 Initial Net Routing Pass
Phase 4.1 Initial Net Routing Pass | Checksum: 1b4936316

Time (s): cpu = 00:00:06 ; elapsed = 00:00:08 . Memory (MB): peak = 2246.676 ; gain = 88.996
Phase 4 Initial Routing | Checksum: 1b4936316

Time (s): cpu = 00:00:06 ; elapsed = 00:00:08 . Memory (MB): peak = 2246.676 ; gain = 88.996

Phase 5 Rip-up And Reroute

Phase 5.1 Global Iteration 0
 Number of Nodes with overlaps = 2
 Number of Nodes with overlaps = 0
INFO: [Route 35-416] Intermediate Timing Summary | WNS=5.031  | TNS=0.000  | WHS=N/A    | THS=N/A    |

Phase 5.1 Global Iteration 0 | Checksum: 17f4075b2

Time (s): cpu = 00:00:06 ; elapsed = 00:00:08 . Memory (MB): peak = 2246.676 ; gain = 88.996
Phase 5 Rip-up And Reroute | Checksum: 17f4075b2

Time (s): cpu = 00:00:06 ; elapsed = 00:00:08 . Memory (MB): peak = 2246.676 ; gain = 88.996

Phase 6 Delay and Skew Optimization

Phase 6.1 Delay CleanUp
Phase 6.1 Delay CleanUp | Checksum: 17f4075b2

Time (s): cpu = 00:00:06 ; elapsed = 00:00:08 . Memory (MB): peak = 2246.676 ; gain = 88.996

Phase 6.2 Clock Skew Optimization
Phase 6.2 Clock Skew Optimization | Checksum: 17f4075b2

Time (s): cpu = 00:00:06 ; elapsed = 00:00:08 . Memory (MB): peak = 2246.676 ; gain = 88.996
Phase 6 Delay and Skew Optimization | Checksum: 17f4075b2

Time (s): cpu = 00:00:06 ; elapsed = 00:00:08 . Memory (MB): peak = 2246.676 ; gain = 88.996

Phase 7 Post Hold Fix

Phase 7.1 Hold Fix Iter
INFO: [Route 35-416] Intermediate Timing Summary | WNS=5.031  | TNS=0.000  | WHS=0.174  | THS=0.000  |

Phase 7.1 Hold Fix Iter | Checksum: 149e7773b

Time (s): cpu = 00:00:06 ; elapsed = 00:00:08 . Memory (MB): peak = 2246.676 ; gain = 88.996
Phase 7 Post Hold Fix | Checksum: 149e7773b

Time (s): cpu = 00:00:06 ; elapsed = 00:00:08 . Memory (MB): peak = 2246.676 ; gain = 88.996

Phase 8 Route finalize

Router Utilization Summary
  Global Vertical Routing Utilization    = 0.0670045 %
  Global Horizontal Routing Utilization  = 0.0337776 %
  Routable Net Status*
  *Does not include unroutable nets such as driverless and loadless.
  Run report_route_status for detailed report.
  Number of Failed Nets               = 0
    (Failed Nets is the sum of unrouted and partially routed nets)
  Number of Unrouted Nets             = 0
  Number of Partially Routed Nets     = 0
  Number of Node Overlaps             = 0

Phase 8 Route finalize | Checksum: 149e7773b

Time (s): cpu = 00:00:06 ; elapsed = 00:00:08 . Memory (MB): peak = 2246.676 ; gain = 88.996

Phase 9 Verifying routed nets

 Verification completed successfully
Phase 9 Verifying routed nets | Checksum: 149e7773b

Time (s): cpu = 00:00:06 ; elapsed = 00:00:08 . Memory (MB): peak = 2246.676 ; gain = 88.996

Phase 10 Depositing Routes
Phase 10 Depositing Routes | Checksum: 19bd3d6cb

Time (s): cpu = 00:00:06 ; elapsed = 00:00:08 . Memory (MB): peak = 2246.676 ; gain = 88.996

Phase 11 Post Process Routing
Phase 11 Post Process Routing | Checksum: 19bd3d6cb

Time (s): cpu = 00:00:06 ; elapsed = 00:00:08 . Memory (MB): peak = 2246.676 ; gain = 88.996

Phase 12 Post Router Timing
INFO: [Route 35-57] Estimated Timing Summary | WNS=5.031  | TNS=0.000  | WHS=0.174  | THS=0.000  |

INFO: [Route 35-327] The final timing numbers are based on the router estimated timing analysis. For a complete and accurate timing signoff, please run report_timing_summary.
Phase 12 Post Router Timing | Checksum: 19bd3d6cb

Time (s): cpu = 00:00:06 ; elapsed = 00:00:08 . Memory (MB): peak = 2246.676 ; gain = 88.996
Total Elapsed time in route_design: 7.723 secs

Phase 13 Post-Route Event Processing
Phase 13 Post-Route Event Processing | Checksum: 1411d320d

Time (s): cpu = 00:00:06 ; elapsed = 00:00:08 . Memory (MB): peak = 2246.676 ; gain = 88.996
INFO: [Route 35-16] Router Completed Successfully
Ending Routing Task | Checksum: 1411d320d

Time (s): cpu = 00:00:06 ; elapsed = 00:00:08 . Memory (MB): peak = 2246.676 ; gain = 88.996

Routing Is Done.
INFO: [Common 17-83] Releasing license: Implementation
93 Infos, 18 Warnings, 18 Critical Warnings and 0 Errors encountered.
route_design completed successfully
route_design: Time (s): cpu = 00:00:07 ; elapsed = 00:00:08 . Memory (MB): peak = 2246.676 ; gain = 100.430
INFO: [Vivado 12-24828] Executing command : report_drc -file design_2_wrapper_drc_routed.rpt -pb design_2_wrapper_drc_routed.pb -rpx design_2_wrapper_drc_routed.rpx
Command: report_drc -file design_2_wrapper_drc_routed.rpt -pb design_2_wrapper_drc_routed.pb -rpx design_2_wrapper_drc_routed.rpx
INFO: [IP_Flow 19-1839] IP Catalog is up to date.
INFO: [DRC 23-27] Running DRC with 2 threads
INFO: [Vivado_Tcl 2-168] The results of DRC are in file C:/xproj/project_7.5/project_7.5.runs/impl_1/design_2_wrapper_drc_routed.rpt.
report_drc completed successfully
INFO: [Vivado 12-24828] Executing command : report_methodology -file design_2_wrapper_methodology_drc_routed.rpt -pb design_2_wrapper_methodology_drc_routed.pb -rpx design_2_wrapper_methodology_drc_routed.rpx
Command: report_methodology -file design_2_wrapper_methodology_drc_routed.rpt -pb design_2_wrapper_methodology_drc_routed.pb -rpx design_2_wrapper_methodology_drc_routed.rpx
INFO: [Timing 38-35] Done setting XDC timing constraints.
INFO: [DRC 23-133] Running Methodology with 2 threads
INFO: [Vivado_Tcl 2-1520] The results of Report Methodology are in file C:/xproj/project_7.5/project_7.5.runs/impl_1/design_2_wrapper_methodology_drc_routed.rpt.
report_methodology completed successfully
INFO: [Vivado 12-24828] Executing command : report_timing_summary -max_paths 10 -report_unconstrained -file design_2_wrapper_timing_summary_routed.rpt -pb design_2_wrapper_timing_summary_routed.pb -rpx design_2_wrapper_timing_summary_routed.rpx -warn_on_violation 
INFO: [Timing 38-35] Done setting XDC timing constraints.
INFO: [Timing 38-91] UpdateTimingParams: Speed grade: -1, Delay Type: min_max.
INFO: [Timing 38-191] Multithreading enabled for timing update using a maximum of 2 CPUs
INFO: [Vivado 12-24838] Running report commands "report_incremental_reuse, report_route_status" in parallel.
Running report generation with 2 threads.
INFO: [Vivado 12-24828] Executing command : report_incremental_reuse -file design_2_wrapper_incremental_reuse_routed.rpt
INFO: [Vivado_Tcl 4-1062] Incremental flow is disabled. No incremental reuse Info to report.
INFO: [Vivado 12-24828] Executing command : report_route_status -file design_2_wrapper_route_status.rpt -pb design_2_wrapper_route_status.pb
INFO: [Vivado 12-24828] Executing command : report_power -file design_2_wrapper_power_routed.rpt -pb design_2_wrapper_power_summary_routed.pb -rpx design_2_wrapper_power_routed.rpx
Command: report_power -file design_2_wrapper_power_routed.rpt -pb design_2_wrapper_power_summary_routed.pb -rpx design_2_wrapper_power_routed.rpx
Running Vector-less Activity Propagation...

Finished Running Vector-less Activity Propagation
110 Infos, 18 Warnings, 18 Critical Warnings and 0 Errors encountered.
report_power completed successfully
INFO: [Vivado 12-24828] Executing command : report_clock_utilization -file design_2_wrapper_clock_utilization_routed.rpt
WARNING: [Device 21-9320] Failed to find the Oracle tile group with name 'HSR_BOUNDARY_TOP'. This is required for Clock regions and Virtual grid.
WARNING: [Device 21-2174] Failed to initialize Virtual grid.
INFO: [Vivado 12-24828] Executing command : report_bus_skew -warn_on_violation -file design_2_wrapper_bus_skew_routed.rpt -pb design_2_wrapper_bus_skew_routed.pb -rpx design_2_wrapper_bus_skew_routed.rpx
INFO: [Timing 38-91] UpdateTimingParams: Speed grade: -1, Delay Type: min_max.
INFO: [Timing 38-191] Multithreading enabled for timing update using a maximum of 2 CPUs
Write ShapeDB Complete: Time (s): cpu = 00:00:00 ; elapsed = 00:00:00.001 . Memory (MB): peak = 2254.562 ; gain = 0.000
INFO: [Timing 38-480] Writing timing data to binary archive.
Wrote PlaceDB: Time (s): cpu = 00:00:00 ; elapsed = 00:00:00.005 . Memory (MB): peak = 2254.562 ; gain = 0.000
Wrote PulsedLatchDB: Time (s): cpu = 00:00:00 ; elapsed = 00:00:00 . Memory (MB): peak = 2254.562 ; gain = 0.000
Writing XDEF routing.
Writing XDEF routing logical nets.
Writing XDEF routing special nets.
Wrote RouteStorage: Time (s): cpu = 00:00:00 ; elapsed = 00:00:00.020 . Memory (MB): peak = 2254.562 ; gain = 0.000
Wrote Netlist Cache: Time (s): cpu = 00:00:00 ; elapsed = 00:00:00.001 . Memory (MB): peak = 2254.562 ; gain = 0.000
Wrote Device Cache: Time (s): cpu = 00:00:00 ; elapsed = 00:00:00.007 . Memory (MB): peak = 2254.562 ; gain = 0.000
Write Physdb Complete: Time (s): cpu = 00:00:00 ; elapsed = 00:00:00.039 . Memory (MB): peak = 2254.562 ; gain = 0.000
INFO: [Common 17-1381] The checkpoint 'C:/xproj/project_7.5/project_7.5.runs/impl_1/design_2_wrapper_routed.dcp' has been generated.
Command: write_bitstream -force design_2_wrapper.bit
Attempting to get a license for feature 'Implementation' and/or device 'xc7z007s'
INFO: [Common 17-349] Got license for feature 'Implementation' and/or device 'xc7z007s'
Running DRC as a precondition to command write_bitstream
INFO: [IP_Flow 19-1839] IP Catalog is up to date.
INFO: [DRC 23-27] Running DRC with 2 threads
WARNING: [DRC ZPS7-1] PS7 block required: The PS7 cell must be used in this Zynq design in order to enable correct default configuration.
INFO: [Vivado 12-3199] DRC finished with 0 Errors, 1 Warnings
INFO: [Vivado 12-3200] Please refer to the DRC report (report_drc) for more information.
INFO: [Designutils 20-2272] Running write_bitstream with 2 threads.
Loading data files...
Loading site data...
Loading route data...
Processing options...
Creating bitmap...
Creating bitstream...
Writing bitstream ./design_2_wrapper.bit...
INFO: [Vivado 12-1842] Bitgen Completed Successfully.
INFO: [Project 1-1876] WebTalk data collection is mandatory when using a ULT device. To see the specific WebTalk data collected for your design, open the usage_statistics_webtalk.html or usage_statistics_webtalk.xml file in the implementation directory.
INFO: [Common 17-83] Releasing license: Implementation
125 Infos, 21 Warnings, 18 Critical Warnings and 0 Errors encountered.
write_bitstream completed successfully
write_bitstream: Time (s): cpu = 00:00:05 ; elapsed = 00:00:08 . Memory (MB): peak = 2651.637 ; gain = 397.074
INFO: [Common 17-206] Exiting Vivado at Thu Oct 24 12:46:09 2024...
