
*** Running vivado
    with args -log design_1_wrapper.vds -m64 -product Vivado -mode batch -messageDb vivado.pb -notrace -source design_1_wrapper.tcl



****** Vivado v2024.1.1 (64-bit)
  **** SW Build 5094488 on Fri Jun 14 08:59:21 MDT 2024
  **** IP Build 5091682 on Fri Jun 14 16:55:04 MDT 2024
  **** SharedData Build 5094118 on Fri Jun 14 01:09:43 MDT 2024
  **** Start of session at: Tue Dec  3 13:51:47 2024
    ** Copyright 1986-2022 Xilinx, Inc. All Rights Reserved.
    ** Copyright 2022-2024 Advanced Micro Devices, Inc. All Rights Reserved.

source design_1_wrapper.tcl -notrace
create_project: Time (s): cpu = 00:00:05 ; elapsed = 00:00:05 . Memory (MB): peak = 632.391 ; gain = 202.664
INFO: [IP_Flow 19-234] Refreshing IP repositories
INFO: [IP_Flow 19-1704] No user IP repositories specified
INFO: [IP_Flow 19-2313] Loaded Vivado IP repository 'C:/Xilinx/Vivado/2024.1/data/ip'.
Command: synth_design -top design_1_wrapper -part xc7z007sclg400-1
Starting synth_design
Attempting to get a license for feature 'Synthesis' and/or device 'xc7z007s'
INFO: [Common 17-349] Got license for feature 'Synthesis' and/or device 'xc7z007s'
INFO: [Device 21-403] Loading part xc7z007sclg400-1
INFO: [Device 21-9227] Part: xc7z007sclg400-1 does not have CEAM library.
INFO: [Synth 8-7079] Multithreading enabled for synth_design using a maximum of 2 processes.
INFO: [Synth 8-7078] Launching helper process for spawning children vivado processes
INFO: [Synth 8-7075] Helper process launched with PID 82164
---------------------------------------------------------------------------------
Starting RTL Elaboration : Time (s): cpu = 00:00:04 ; elapsed = 00:00:05 . Memory (MB): peak = 1489.941 ; gain = 446.906
---------------------------------------------------------------------------------
INFO: [Synth 8-6157] synthesizing module 'design_1_wrapper' [c:/xproj/project_12.1/project_12.1.gen/sources_1/bd/design_1/hdl/design_1_wrapper.v:13]
INFO: [Synth 8-6157] synthesizing module 'design_1' [c:/xproj/project_12.1/project_12.1.gen/sources_1/bd/design_1/synth/design_1.v:13]
INFO: [Synth 8-6157] synthesizing module 'design_1_debounce_0_0' [C:/xproj/project_12.1/project_12.1.runs/synth_1/.Xil/Vivado-82016-sgk/realtime/design_1_debounce_0_0_stub.v:6]
INFO: [Synth 8-6155] done synthesizing module 'design_1_debounce_0_0' (0#1) [C:/xproj/project_12.1/project_12.1.runs/synth_1/.Xil/Vivado-82016-sgk/realtime/design_1_debounce_0_0_stub.v:6]
INFO: [Synth 8-6155] done synthesizing module 'design_1' (0#1) [c:/xproj/project_12.1/project_12.1.gen/sources_1/bd/design_1/synth/design_1.v:13]
INFO: [Synth 8-6155] done synthesizing module 'design_1_wrapper' (0#1) [c:/xproj/project_12.1/project_12.1.gen/sources_1/bd/design_1/hdl/design_1_wrapper.v:13]
---------------------------------------------------------------------------------
Finished RTL Elaboration : Time (s): cpu = 00:00:05 ; elapsed = 00:00:06 . Memory (MB): peak = 1600.234 ; gain = 557.199
---------------------------------------------------------------------------------
---------------------------------------------------------------------------------
Start Handling Custom Attributes
---------------------------------------------------------------------------------
---------------------------------------------------------------------------------
Finished Handling Custom Attributes : Time (s): cpu = 00:00:06 ; elapsed = 00:00:06 . Memory (MB): peak = 1600.234 ; gain = 557.199
---------------------------------------------------------------------------------
---------------------------------------------------------------------------------
Finished RTL Optimization Phase 1 : Time (s): cpu = 00:00:06 ; elapsed = 00:00:06 . Memory (MB): peak = 1600.234 ; gain = 557.199
---------------------------------------------------------------------------------
Netlist sorting complete. Time (s): cpu = 00:00:00 ; elapsed = 00:00:00 . Memory (MB): peak = 1600.234 ; gain = 0.000
INFO: [Project 1-570] Preparing netlist for logic optimization

Processing XDC Constraints
Initializing timing engine
Parsing XDC File [c:/xproj/project_12.1/project_12.1.gen/sources_1/bd/design_1/ip/design_1_debounce_0_0/design_1_debounce_0_0/design_1_debounce_0_0_in_context.xdc] for cell 'design_1_i/debounce_0'
Finished Parsing XDC File [c:/xproj/project_12.1/project_12.1.gen/sources_1/bd/design_1/ip/design_1_debounce_0_0/design_1_debounce_0_0/design_1_debounce_0_0_in_context.xdc] for cell 'design_1_i/debounce_0'
Parsing XDC File [C:/xproj/project_12.1/project_12.1.srcs/constrs_1/new/constraints.xdc]
WARNING: [Vivado 12-584] No ports matched 'led[0]'. [C:/xproj/project_12.1/project_12.1.srcs/constrs_1/new/constraints.xdc:7]
WARNING: [Vivado 12-584] No ports matched 'led[1]'. [C:/xproj/project_12.1/project_12.1.srcs/constrs_1/new/constraints.xdc:8]
WARNING: [Vivado 12-584] No ports matched 'led[2]'. [C:/xproj/project_12.1/project_12.1.srcs/constrs_1/new/constraints.xdc:9]
WARNING: [Vivado 12-584] No ports matched 'led[3]'. [C:/xproj/project_12.1/project_12.1.srcs/constrs_1/new/constraints.xdc:10]
WARNING: [Vivado 12-584] No ports matched 'led[4]'. [C:/xproj/project_12.1/project_12.1.srcs/constrs_1/new/constraints.xdc:11]
WARNING: [Vivado 12-584] No ports matched 'led[5]'. [C:/xproj/project_12.1/project_12.1.srcs/constrs_1/new/constraints.xdc:12]
WARNING: [Vivado 12-584] No ports matched 'led[6]'. [C:/xproj/project_12.1/project_12.1.srcs/constrs_1/new/constraints.xdc:13]
WARNING: [Vivado 12-584] No ports matched 'led[7]'. [C:/xproj/project_12.1/project_12.1.srcs/constrs_1/new/constraints.xdc:14]
WARNING: [Vivado 12-584] No ports matched 'led[8]'. [C:/xproj/project_12.1/project_12.1.srcs/constrs_1/new/constraints.xdc:15]
WARNING: [Vivado 12-584] No ports matched 'led[9]'. [C:/xproj/project_12.1/project_12.1.srcs/constrs_1/new/constraints.xdc:16]
WARNING: [Vivado 12-584] No ports matched 'RGB_led_A[0]'. [C:/xproj/project_12.1/project_12.1.srcs/constrs_1/new/constraints.xdc:19]
WARNING: [Vivado 12-584] No ports matched 'RGB_led_A[1]'. [C:/xproj/project_12.1/project_12.1.srcs/constrs_1/new/constraints.xdc:20]
WARNING: [Vivado 12-584] No ports matched 'RGB_led_A[2]'. [C:/xproj/project_12.1/project_12.1.srcs/constrs_1/new/constraints.xdc:21]
WARNING: [Vivado 12-584] No ports matched 'RGB_led_B[1]'. [C:/xproj/project_12.1/project_12.1.srcs/constrs_1/new/constraints.xdc:24]
WARNING: [Vivado 12-584] No ports matched 'RGB_led_B[2]'. [C:/xproj/project_12.1/project_12.1.srcs/constrs_1/new/constraints.xdc:25]
WARNING: [Vivado 12-584] No ports matched 'sw[0]'. [C:/xproj/project_12.1/project_12.1.srcs/constrs_1/new/constraints.xdc:28]
WARNING: [Vivado 12-584] No ports matched 'sw[1]'. [C:/xproj/project_12.1/project_12.1.srcs/constrs_1/new/constraints.xdc:29]
WARNING: [Vivado 12-584] No ports matched 'sw[2]'. [C:/xproj/project_12.1/project_12.1.srcs/constrs_1/new/constraints.xdc:30]
WARNING: [Vivado 12-584] No ports matched 'sw[3]'. [C:/xproj/project_12.1/project_12.1.srcs/constrs_1/new/constraints.xdc:31]
WARNING: [Vivado 12-584] No ports matched 'sw[4]'. [C:/xproj/project_12.1/project_12.1.srcs/constrs_1/new/constraints.xdc:32]
WARNING: [Vivado 12-584] No ports matched 'sw[5]'. [C:/xproj/project_12.1/project_12.1.srcs/constrs_1/new/constraints.xdc:33]
WARNING: [Vivado 12-584] No ports matched 'sw[6]'. [C:/xproj/project_12.1/project_12.1.srcs/constrs_1/new/constraints.xdc:34]
WARNING: [Vivado 12-584] No ports matched 'sw[7]'. [C:/xproj/project_12.1/project_12.1.srcs/constrs_1/new/constraints.xdc:35]
WARNING: [Vivado 12-584] No ports matched 'sw[8]'. [C:/xproj/project_12.1/project_12.1.srcs/constrs_1/new/constraints.xdc:36]
WARNING: [Vivado 12-584] No ports matched 'sw[9]'. [C:/xproj/project_12.1/project_12.1.srcs/constrs_1/new/constraints.xdc:37]
WARNING: [Vivado 12-584] No ports matched 'sw[10]'. [C:/xproj/project_12.1/project_12.1.srcs/constrs_1/new/constraints.xdc:38]
WARNING: [Vivado 12-584] No ports matched 'sw[11]'. [C:/xproj/project_12.1/project_12.1.srcs/constrs_1/new/constraints.xdc:39]
WARNING: [Vivado 12-584] No ports matched 'btn[1]'. [C:/xproj/project_12.1/project_12.1.srcs/constrs_1/new/constraints.xdc:43]
WARNING: [Vivado 12-584] No ports matched 'btn[2]'. [C:/xproj/project_12.1/project_12.1.srcs/constrs_1/new/constraints.xdc:44]
WARNING: [Vivado 12-584] No ports matched 'btn[3]'. [C:/xproj/project_12.1/project_12.1.srcs/constrs_1/new/constraints.xdc:45]
WARNING: [Vivado 12-584] No ports matched 'seg_an[0]'. [C:/xproj/project_12.1/project_12.1.srcs/constrs_1/new/constraints.xdc:48]
WARNING: [Vivado 12-584] No ports matched 'seg_an[1]'. [C:/xproj/project_12.1/project_12.1.srcs/constrs_1/new/constraints.xdc:49]
WARNING: [Vivado 12-584] No ports matched 'seg_an[2]'. [C:/xproj/project_12.1/project_12.1.srcs/constrs_1/new/constraints.xdc:50]
WARNING: [Vivado 12-584] No ports matched 'seg_an[3]'. [C:/xproj/project_12.1/project_12.1.srcs/constrs_1/new/constraints.xdc:51]
WARNING: [Vivado 12-584] No ports matched 'seg_cat[0]'. [C:/xproj/project_12.1/project_12.1.srcs/constrs_1/new/constraints.xdc:54]
WARNING: [Vivado 12-584] No ports matched 'seg_cat[1]'. [C:/xproj/project_12.1/project_12.1.srcs/constrs_1/new/constraints.xdc:55]
WARNING: [Vivado 12-584] No ports matched 'seg_cat[2]'. [C:/xproj/project_12.1/project_12.1.srcs/constrs_1/new/constraints.xdc:56]
WARNING: [Vivado 12-584] No ports matched 'seg_cat[3]'. [C:/xproj/project_12.1/project_12.1.srcs/constrs_1/new/constraints.xdc:57]
WARNING: [Vivado 12-584] No ports matched 'seg_cat[4]'. [C:/xproj/project_12.1/project_12.1.srcs/constrs_1/new/constraints.xdc:58]
WARNING: [Vivado 12-584] No ports matched 'seg_cat[5]'. [C:/xproj/project_12.1/project_12.1.srcs/constrs_1/new/constraints.xdc:59]
WARNING: [Vivado 12-584] No ports matched 'seg_cat[6]'. [C:/xproj/project_12.1/project_12.1.srcs/constrs_1/new/constraints.xdc:60]
WARNING: [Vivado 12-584] No ports matched 'seg_cat[7]'. [C:/xproj/project_12.1/project_12.1.srcs/constrs_1/new/constraints.xdc:61]
Finished Parsing XDC File [C:/xproj/project_12.1/project_12.1.srcs/constrs_1/new/constraints.xdc]
WARNING: [Project 1-498] One or more constraints failed evaluation while reading constraint file [C:/xproj/project_12.1/project_12.1.srcs/constrs_1/new/constraints.xdc] and the design contains unresolved black boxes. These constraints will be read post-synthesis (as long as their source constraint file is marked as used_in_implementation) and should be applied correctly then. You should review the constraints listed in the file [.Xil/design_1_wrapper_propImpl.xdc] and check the run log file to verify that these constraints were correctly applied.
INFO: [Project 1-236] Implementation specific constraints were found while reading constraint file [C:/xproj/project_12.1/project_12.1.srcs/constrs_1/new/constraints.xdc]. These constraints will be ignored for synthesis but will be used in implementation. Impacted constraints are listed in the file [.Xil/design_1_wrapper_propImpl.xdc].
Resolution: To avoid this warning, move constraints listed in [.Xil/design_1_wrapper_propImpl.xdc] to another XDC file and exclude this new file from synthesis with the used_in_synthesis property (File Properties dialog in GUI) and re-run elaboration/synthesis.
Parsing XDC File [C:/xproj/project_12.1/project_12.1.runs/synth_1/dont_touch.xdc]
Finished Parsing XDC File [C:/xproj/project_12.1/project_12.1.runs/synth_1/dont_touch.xdc]
Completed Processing XDC Constraints

Netlist sorting complete. Time (s): cpu = 00:00:00 ; elapsed = 00:00:00.001 . Memory (MB): peak = 1615.902 ; gain = 0.000
INFO: [Project 1-111] Unisim Transformation Summary:
No Unisim elements were transformed.

Constraint Validation Runtime : Time (s): cpu = 00:00:00 ; elapsed = 00:00:00.002 . Memory (MB): peak = 1615.902 ; gain = 0.000
---------------------------------------------------------------------------------
Finished Constraint Validation : Time (s): cpu = 00:00:12 ; elapsed = 00:00:13 . Memory (MB): peak = 1615.902 ; gain = 572.867
---------------------------------------------------------------------------------
---------------------------------------------------------------------------------
Start Loading Part and Timing Information
---------------------------------------------------------------------------------
Loading part: xc7z007sclg400-1
---------------------------------------------------------------------------------
Finished Loading Part and Timing Information : Time (s): cpu = 00:00:12 ; elapsed = 00:00:13 . Memory (MB): peak = 1615.902 ; gain = 572.867
---------------------------------------------------------------------------------
---------------------------------------------------------------------------------
Start Applying 'set_property' XDC Constraints
---------------------------------------------------------------------------------
Applied set_property KEEP_HIERARCHY = SOFT for design_1_i. (constraint file  auto generated constraint).
Applied set_property KEEP_HIERARCHY = SOFT for design_1_i/debounce_0. (constraint file  auto generated constraint).
---------------------------------------------------------------------------------
Finished applying 'set_property' XDC Constraints : Time (s): cpu = 00:00:12 ; elapsed = 00:00:13 . Memory (MB): peak = 1615.902 ; gain = 572.867
---------------------------------------------------------------------------------
---------------------------------------------------------------------------------
Finished RTL Optimization Phase 2 : Time (s): cpu = 00:00:12 ; elapsed = 00:00:13 . Memory (MB): peak = 1615.902 ; gain = 572.867
---------------------------------------------------------------------------------
---------------------------------------------------------------------------------
Start RTL Component Statistics 
---------------------------------------------------------------------------------
Detailed RTL Component Info : 
---------------------------------------------------------------------------------
Finished RTL Component Statistics 
---------------------------------------------------------------------------------
---------------------------------------------------------------------------------
Start Part Resource Summary
---------------------------------------------------------------------------------
Part Resources:
DSPs: 66 (col length:40)
BRAMs: 100 (col length: RAMB18 40 RAMB36 20)
---------------------------------------------------------------------------------
Finished Part Resource Summary
---------------------------------------------------------------------------------
---------------------------------------------------------------------------------
Start Cross Boundary and Area Optimization
---------------------------------------------------------------------------------
WARNING: [Synth 8-7080] Parallel synthesis criteria is not met
---------------------------------------------------------------------------------
Finished Cross Boundary and Area Optimization : Time (s): cpu = 00:00:13 ; elapsed = 00:00:15 . Memory (MB): peak = 1615.902 ; gain = 572.867
---------------------------------------------------------------------------------
---------------------------------------------------------------------------------
Start Applying XDC Timing Constraints
---------------------------------------------------------------------------------
---------------------------------------------------------------------------------
Finished Applying XDC Timing Constraints : Time (s): cpu = 00:00:17 ; elapsed = 00:00:19 . Memory (MB): peak = 1615.902 ; gain = 572.867
---------------------------------------------------------------------------------
---------------------------------------------------------------------------------
Start Timing Optimization
---------------------------------------------------------------------------------
---------------------------------------------------------------------------------
Finished Timing Optimization : Time (s): cpu = 00:00:17 ; elapsed = 00:00:19 . Memory (MB): peak = 1615.902 ; gain = 572.867
---------------------------------------------------------------------------------
---------------------------------------------------------------------------------
Start Technology Mapping
---------------------------------------------------------------------------------
---------------------------------------------------------------------------------
Finished Technology Mapping : Time (s): cpu = 00:00:17 ; elapsed = 00:00:19 . Memory (MB): peak = 1615.902 ; gain = 572.867
---------------------------------------------------------------------------------
---------------------------------------------------------------------------------
Start IO Insertion
---------------------------------------------------------------------------------
---------------------------------------------------------------------------------
Start Flattening Before IO Insertion
---------------------------------------------------------------------------------
---------------------------------------------------------------------------------
Finished Flattening Before IO Insertion
---------------------------------------------------------------------------------
---------------------------------------------------------------------------------
Start Final Netlist Cleanup
---------------------------------------------------------------------------------
---------------------------------------------------------------------------------
Finished Final Netlist Cleanup
---------------------------------------------------------------------------------
---------------------------------------------------------------------------------
Finished IO Insertion : Time (s): cpu = 00:00:20 ; elapsed = 00:00:22 . Memory (MB): peak = 1615.902 ; gain = 572.867
---------------------------------------------------------------------------------
---------------------------------------------------------------------------------
Start Renaming Generated Instances
---------------------------------------------------------------------------------
---------------------------------------------------------------------------------
Finished Renaming Generated Instances : Time (s): cpu = 00:00:20 ; elapsed = 00:00:22 . Memory (MB): peak = 1615.902 ; gain = 572.867
---------------------------------------------------------------------------------
---------------------------------------------------------------------------------
Start Rebuilding User Hierarchy
---------------------------------------------------------------------------------
---------------------------------------------------------------------------------
Finished Rebuilding User Hierarchy : Time (s): cpu = 00:00:20 ; elapsed = 00:00:22 . Memory (MB): peak = 1615.902 ; gain = 572.867
---------------------------------------------------------------------------------
---------------------------------------------------------------------------------
Start Renaming Generated Ports
---------------------------------------------------------------------------------
---------------------------------------------------------------------------------
Finished Renaming Generated Ports : Time (s): cpu = 00:00:20 ; elapsed = 00:00:22 . Memory (MB): peak = 1615.902 ; gain = 572.867
---------------------------------------------------------------------------------
---------------------------------------------------------------------------------
Start Handling Custom Attributes
---------------------------------------------------------------------------------
---------------------------------------------------------------------------------
Finished Handling Custom Attributes : Time (s): cpu = 00:00:20 ; elapsed = 00:00:22 . Memory (MB): peak = 1615.902 ; gain = 572.867
---------------------------------------------------------------------------------
---------------------------------------------------------------------------------
Start Renaming Generated Nets
---------------------------------------------------------------------------------
---------------------------------------------------------------------------------
Finished Renaming Generated Nets : Time (s): cpu = 00:00:20 ; elapsed = 00:00:22 . Memory (MB): peak = 1615.902 ; gain = 572.867
---------------------------------------------------------------------------------
---------------------------------------------------------------------------------
Start Writing Synthesis Report
---------------------------------------------------------------------------------

Report BlackBoxes: 
+------+----------------------+----------+
|      |BlackBox name         |Instances |
+------+----------------------+----------+
|1     |design_1_debounce_0_0 |         1|
+------+----------------------+----------+

Report Cell Usage: 
+------+--------------------+------+
|      |Cell                |Count |
+------+--------------------+------+
|1     |design_1_debounce_0 |     1|
|2     |IBUF                |     2|
|3     |OBUF                |     1|
+------+--------------------+------+
---------------------------------------------------------------------------------
Finished Writing Synthesis Report : Time (s): cpu = 00:00:20 ; elapsed = 00:00:22 . Memory (MB): peak = 1615.902 ; gain = 572.867
---------------------------------------------------------------------------------
Synthesis finished with 0 errors, 0 critical warnings and 1 warnings.
Synthesis Optimization Runtime : Time (s): cpu = 00:00:13 ; elapsed = 00:00:21 . Memory (MB): peak = 1615.902 ; gain = 557.199
Synthesis Optimization Complete : Time (s): cpu = 00:00:20 ; elapsed = 00:00:23 . Memory (MB): peak = 1615.902 ; gain = 572.867
INFO: [Project 1-571] Translating synthesized netlist
Netlist sorting complete. Time (s): cpu = 00:00:00 ; elapsed = 00:00:00 . Memory (MB): peak = 1615.902 ; gain = 0.000
INFO: [Project 1-570] Preparing netlist for logic optimization
INFO: [Opt 31-138] Pushed 0 inverter(s) to 0 load pin(s).
Netlist sorting complete. Time (s): cpu = 00:00:00 ; elapsed = 00:00:00 . Memory (MB): peak = 1615.902 ; gain = 0.000
INFO: [Project 1-111] Unisim Transformation Summary:
No Unisim elements were transformed.

Synth Design complete | Checksum: 6683d69e
INFO: [Common 17-83] Releasing license: Synthesis
23 Infos, 44 Warnings, 0 Critical Warnings and 0 Errors encountered.
synth_design completed successfully
synth_design: Time (s): cpu = 00:00:23 ; elapsed = 00:00:27 . Memory (MB): peak = 1615.902 ; gain = 976.273
Write ShapeDB Complete: Time (s): cpu = 00:00:00 ; elapsed = 00:00:00 . Memory (MB): peak = 1615.902 ; gain = 0.000
INFO: [Common 17-1381] The checkpoint 'C:/xproj/project_12.1/project_12.1.runs/synth_1/design_1_wrapper.dcp' has been generated.
INFO: [Vivado 12-24828] Executing command : report_utilization -file design_1_wrapper_utilization_synth.rpt -pb design_1_wrapper_utilization_synth.pb
INFO: [Common 17-206] Exiting Vivado at Tue Dec  3 13:52:22 2024...
