Copyright 1986-2022 Xilinx, Inc. All Rights Reserved. Copyright 2022-2024 Advanced Micro Devices, Inc. All Rights Reserved.
---------------------------------------------------------------------------------------------------------------------------------------------------------------------------------------------------------------
| Tool Version : Vivado v.2024.1 (win64) Build 5076996 Wed May 22 18:37:14 MDT 2024
| Date         : Tue Aug 27 18:32:15 2024
| Host         : DESKTOP-JTBO2TI running 64-bit major release  (build 9200)
| Command      : report_timing_summary -max_paths 10 -report_unconstrained -file led_sw_timing_summary_routed.rpt -pb led_sw_timing_summary_routed.pb -rpx led_sw_timing_summary_routed.rpx -warn_on_violation
| Design       : led_sw
| Device       : 7z007s-clg400
| Speed File   : -1  PRODUCTION 1.12 2019-11-22
| Design State : Routed
---------------------------------------------------------------------------------------------------------------------------------------------------------------------------------------------------------------

Timing Summary Report

------------------------------------------------------------------------------------------------
| Timer Settings
| --------------
------------------------------------------------------------------------------------------------

  Enable Multi Corner Analysis               :  Yes
  Enable Pessimism Removal                   :  Yes
  Pessimism Removal Resolution               :  Nearest Common Node
  Enable Input Delay Default Clock           :  No
  Enable Preset / Clear Arcs                 :  No
  Disable Flight Delays                      :  No
  Ignore I/O Paths                           :  No
  Timing Early Launch at Borrowing Latches   :  No
  Borrow Time for Max Delay Exceptions       :  Yes
  Merge Timing Exceptions                    :  Yes
  Inter-SLR Compensation                     :  Conservative

  Corner  Analyze    Analyze    
  Name    Max Paths  Min Paths  
  ------  ---------  ---------  
  Slow    Yes        Yes        
  Fast    Yes        Yes        


------------------------------------------------------------------------------------------------
| Report Methodology
| ------------------
------------------------------------------------------------------------------------------------

No report available as report_methodology has not been run prior. Run report_methodology on the current design for the summary of methodology violations.



check_timing report

Table of Contents
-----------------
1. checking no_clock (0)
2. checking constant_clock (0)
3. checking pulse_width_clock (0)
4. checking unconstrained_internal_endpoints (0)
5. checking no_input_delay (0)
6. checking no_output_delay (0)
7. checking multiple_clock (0)
8. checking generated_clocks (0)
9. checking loops (0)
10. checking partial_input_delay (0)
11. checking partial_output_delay (0)
12. checking latch_loops (0)

1. checking no_clock (0)
------------------------
 There are 0 register/latch pins with no clock.


2. checking constant_clock (0)
------------------------------
 There are 0 register/latch pins with constant_clock.


3. checking pulse_width_clock (0)
---------------------------------
 There are 0 register/latch pins which need pulse_width check


4. checking unconstrained_internal_endpoints (0)
------------------------------------------------
 There are 0 pins that are not constrained for maximum delay.

 There are 0 pins that are not constrained for maximum delay due to constant clock.


5. checking no_input_delay (0)
------------------------------
 There are 0 input ports with no input delay specified.

 There are 0 input ports with no input delay but user has a false path constraint.


6. checking no_output_delay (0)
-------------------------------
 There are 0 ports with no output delay specified.

 There are 0 ports with no output delay but user has a false path constraint

 There are 0 ports with no output delay but with a timing clock defined on it or propagating through it


7. checking multiple_clock (0)
------------------------------
 There are 0 register/latch pins with multiple clocks.


8. checking generated_clocks (0)
--------------------------------
 There are 0 generated clocks that are not connected to a clock source.


9. checking loops (0)
---------------------
 There are 0 combinational loops in the design.


10. checking partial_input_delay (0)
------------------------------------
 There are 0 input ports with partial input delay specified.


11. checking partial_output_delay (0)
-------------------------------------
 There are 0 ports with partial output delay specified.


12. checking latch_loops (0)
----------------------------
 There are 0 combinational latch loops in the design through latch input



------------------------------------------------------------------------------------------------
| Design Timing Summary
| ---------------------
------------------------------------------------------------------------------------------------

    WNS(ns)      TNS(ns)  TNS Failing Endpoints  TNS Total Endpoints      WHS(ns)      THS(ns)  THS Failing Endpoints  THS Total Endpoints     WPWS(ns)     TPWS(ns)  TPWS Failing Endpoints  TPWS Total Endpoints  
    -------      -------  ---------------------  -------------------      -------      -------  ---------------------  -------------------     --------     --------  ----------------------  --------------------  
        inf        0.000                      0                   12          inf        0.000                      0                   12           NA           NA                      NA                    NA  


There are no user specified timing constraints.


------------------------------------------------------------------------------------------------
| Clock Summary
| -------------
------------------------------------------------------------------------------------------------


------------------------------------------------------------------------------------------------
| Intra Clock Table
| -----------------
------------------------------------------------------------------------------------------------

Clock             WNS(ns)      TNS(ns)  TNS Failing Endpoints  TNS Total Endpoints      WHS(ns)      THS(ns)  THS Failing Endpoints  THS Total Endpoints     WPWS(ns)     TPWS(ns)  TPWS Failing Endpoints  TPWS Total Endpoints  
-----             -------      -------  ---------------------  -------------------      -------      -------  ---------------------  -------------------     --------     --------  ----------------------  --------------------  


------------------------------------------------------------------------------------------------
| Inter Clock Table
| -----------------
------------------------------------------------------------------------------------------------

From Clock    To Clock          WNS(ns)      TNS(ns)  TNS Failing Endpoints  TNS Total Endpoints      WHS(ns)      THS(ns)  THS Failing Endpoints  THS Total Endpoints  
----------    --------          -------      -------  ---------------------  -------------------      -------      -------  ---------------------  -------------------  


------------------------------------------------------------------------------------------------
| Other Path Groups Table
| -----------------------
------------------------------------------------------------------------------------------------

Path Group    From Clock    To Clock          WNS(ns)      TNS(ns)  TNS Failing Endpoints  TNS Total Endpoints      WHS(ns)      THS(ns)  THS Failing Endpoints  THS Total Endpoints  
----------    ----------    --------          -------      -------  ---------------------  -------------------      -------      -------  ---------------------  -------------------  


------------------------------------------------------------------------------------------------
| User Ignored Path Table
| -----------------------
------------------------------------------------------------------------------------------------

Path Group    From Clock    To Clock    
----------    ----------    --------    


------------------------------------------------------------------------------------------------
| Unconstrained Path Table
| ------------------------
------------------------------------------------------------------------------------------------

Path Group    From Clock    To Clock    
----------    ----------    --------    
(none)                                    


------------------------------------------------------------------------------------------------
| Timing Details
| --------------
------------------------------------------------------------------------------------------------


--------------------------------------------------------------------------------------
Path Group:  (none)
From Clock:  
  To Clock:  

Max Delay            12 Endpoints
Min Delay            12 Endpoints
--------------------------------------------------------------------------------------


Max Delay Paths
--------------------------------------------------------------------------------------
Slack:                    inf
  Source:                 sw[7]
                            (input port)
  Destination:            led[4]
                            (output port)
  Path Group:             (none)
  Path Type:              Max at Slow Process Corner
  Data Path Delay:        8.812ns  (logic 5.004ns (56.787%)  route 3.808ns (43.213%))
  Logic Levels:           2  (IBUF=1 OBUF=1)

    Location             Delay type                Incr(ns)  Path(ns)    Netlist Resource(s)
  -------------------------------------------------------------------    -------------------
    M15                                               0.000     0.000 r  sw[7] (IN)
                         net (fo=0)                   0.000     0.000    sw[7]
    M15                  IBUF (Prop_ibuf_I_O)         1.484     1.484 r  sw_IBUF[7]_inst/O
                         net (fo=1, routed)           3.808     5.292    led_OBUF[4]
    T19                  OBUF (Prop_obuf_I_O)         3.520     8.812 r  led_OBUF[4]_inst/O
                         net (fo=0)                   0.000     8.812    led[4]
    T19                                                               r  led[4] (OUT)
  -------------------------------------------------------------------    -------------------

Slack:                    inf
  Source:                 sw[3]
                            (input port)
  Destination:            led[8]
                            (output port)
  Path Group:             (none)
  Path Type:              Max at Slow Process Corner
  Data Path Delay:        8.747ns  (logic 5.000ns (57.164%)  route 3.747ns (42.836%))
  Logic Levels:           2  (IBUF=1 OBUF=1)

    Location             Delay type                Incr(ns)  Path(ns)    Netlist Resource(s)
  -------------------------------------------------------------------    -------------------
    N16                                               0.000     0.000 r  sw[3] (IN)
                         net (fo=0)                   0.000     0.000    sw[3]
    N16                  IBUF (Prop_ibuf_I_O)         1.474     1.474 r  sw_IBUF[3]_inst/O
                         net (fo=1, routed)           3.747     5.221    led_OBUF[8]
    W19                  OBUF (Prop_obuf_I_O)         3.526     8.747 r  led_OBUF[8]_inst/O
                         net (fo=0)                   0.000     8.747    led[8]
    W19                                                               r  led[8] (OUT)
  -------------------------------------------------------------------    -------------------

Slack:                    inf
  Source:                 sw[10]
                            (input port)
  Destination:            led[1]
                            (output port)
  Path Group:             (none)
  Path Type:              Max at Slow Process Corner
  Data Path Delay:        8.037ns  (logic 5.114ns (63.634%)  route 2.923ns (36.366%))
  Logic Levels:           2  (IBUF=1 OBUF=1)

    Location             Delay type                Incr(ns)  Path(ns)    Netlist Resource(s)
  -------------------------------------------------------------------    -------------------
    T11                                               0.000     0.000 r  sw[10] (IN)
                         net (fo=0)                   0.000     0.000    sw[10]
    T11                  IBUF (Prop_ibuf_I_O)         1.565     1.565 r  sw_IBUF[10]_inst/O
                         net (fo=1, routed)           2.923     4.488    led_OBUF[1]
    P20                  OBUF (Prop_obuf_I_O)         3.549     8.037 r  led_OBUF[1]_inst/O
                         net (fo=0)                   0.000     8.037    led[1]
    P20                                                               r  led[1] (OUT)
  -------------------------------------------------------------------    -------------------

Slack:                    inf
  Source:                 sw[0]
                            (input port)
  Destination:            led[11]
                            (output port)
  Path Group:             (none)
  Path Type:              Max at Slow Process Corner
  Data Path Delay:        7.813ns  (logic 5.062ns (64.786%)  route 2.751ns (35.214%))
  Logic Levels:           2  (IBUF=1 OBUF=1)

    Location             Delay type                Incr(ns)  Path(ns)    Netlist Resource(s)
  -------------------------------------------------------------------    -------------------
    R17                                               0.000     0.000 r  sw[0] (IN)
                         net (fo=0)                   0.000     0.000    sw[0]
    R17                  IBUF (Prop_ibuf_I_O)         1.447     1.447 r  sw_IBUF[0]_inst/O
                         net (fo=1, routed)           2.751     4.198    led_OBUF[11]
    Y17                  OBUF (Prop_obuf_I_O)         3.615     7.813 r  led_OBUF[11]_inst/O
                         net (fo=0)                   0.000     7.813    led[11]
    Y17                                                               r  led[11] (OUT)
  -------------------------------------------------------------------    -------------------

Slack:                    inf
  Source:                 sw[8]
                            (input port)
  Destination:            led[3]
                            (output port)
  Path Group:             (none)
  Path Type:              Max at Slow Process Corner
  Data Path Delay:        7.805ns  (logic 5.095ns (65.277%)  route 2.710ns (34.723%))
  Logic Levels:           2  (IBUF=1 OBUF=1)

    Location             Delay type                Incr(ns)  Path(ns)    Netlist Resource(s)
  -------------------------------------------------------------------    -------------------
    T10                                               0.000     0.000 r  sw[8] (IN)
                         net (fo=0)                   0.000     0.000    sw[8]
    T10                  IBUF (Prop_ibuf_I_O)         1.557     1.557 r  sw_IBUF[8]_inst/O
                         net (fo=1, routed)           2.710     4.268    led_OBUF[3]
    T20                  OBUF (Prop_obuf_I_O)         3.537     7.805 r  led_OBUF[3]_inst/O
                         net (fo=0)                   0.000     7.805    led[3]
    T20                                                               r  led[3] (OUT)
  -------------------------------------------------------------------    -------------------

Slack:                    inf
  Source:                 sw[4]
                            (input port)
  Destination:            led[7]
                            (output port)
  Path Group:             (none)
  Path Type:              Max at Slow Process Corner
  Data Path Delay:        7.786ns  (logic 5.059ns (64.974%)  route 2.727ns (35.026%))
  Logic Levels:           2  (IBUF=1 OBUF=1)

    Location             Delay type                Incr(ns)  Path(ns)    Netlist Resource(s)
  -------------------------------------------------------------------    -------------------
    R14                                               0.000     0.000 r  sw[4] (IN)
                         net (fo=0)                   0.000     0.000    sw[4]
    R14                  IBUF (Prop_ibuf_I_O)         1.512     1.512 r  sw_IBUF[4]_inst/O
                         net (fo=1, routed)           2.727     4.240    led_OBUF[7]
    W20                  OBUF (Prop_obuf_I_O)         3.547     7.786 r  led_OBUF[7]_inst/O
                         net (fo=0)                   0.000     7.786    led[7]
    W20                                                               r  led[7] (OUT)
  -------------------------------------------------------------------    -------------------

Slack:                    inf
  Source:                 sw[5]
                            (input port)
  Destination:            led[6]
                            (output port)
  Path Group:             (none)
  Path Type:              Max at Slow Process Corner
  Data Path Delay:        7.639ns  (logic 5.062ns (66.265%)  route 2.577ns (33.735%))
  Logic Levels:           2  (IBUF=1 OBUF=1)

    Location             Delay type                Incr(ns)  Path(ns)    Netlist Resource(s)
  -------------------------------------------------------------------    -------------------
    P14                                               0.000     0.000 r  sw[5] (IN)
                         net (fo=0)                   0.000     0.000    sw[5]
    P14                  IBUF (Prop_ibuf_I_O)         1.517     1.517 r  sw_IBUF[5]_inst/O
                         net (fo=1, routed)           2.577     4.094    led_OBUF[6]
    V20                  OBUF (Prop_obuf_I_O)         3.545     7.639 r  led_OBUF[6]_inst/O
                         net (fo=0)                   0.000     7.639    led[6]
    V20                                                               r  led[6] (OUT)
  -------------------------------------------------------------------    -------------------

Slack:                    inf
  Source:                 sw[11]
                            (input port)
  Destination:            led[0]
                            (output port)
  Path Group:             (none)
  Path Type:              Max at Slow Process Corner
  Data Path Delay:        7.624ns  (logic 5.057ns (66.334%)  route 2.567ns (33.666%))
  Logic Levels:           2  (IBUF=1 OBUF=1)

    Location             Delay type                Incr(ns)  Path(ns)    Netlist Resource(s)
  -------------------------------------------------------------------    -------------------
    T14                                               0.000     0.000 r  sw[11] (IN)
                         net (fo=0)                   0.000     0.000    sw[11]
    T14                  IBUF (Prop_ibuf_I_O)         1.508     1.508 r  sw_IBUF[11]_inst/O
                         net (fo=1, routed)           2.567     4.075    led_OBUF[0]
    N20                  OBUF (Prop_obuf_I_O)         3.549     7.624 r  led_OBUF[0]_inst/O
                         net (fo=0)                   0.000     7.624    led[0]
    N20                                                               r  led[0] (OUT)
  -------------------------------------------------------------------    -------------------

Slack:                    inf
  Source:                 sw[6]
                            (input port)
  Destination:            led[5]
                            (output port)
  Path Group:             (none)
  Path Type:              Max at Slow Process Corner
  Data Path Delay:        7.410ns  (logic 5.066ns (68.361%)  route 2.344ns (31.639%))
  Logic Levels:           2  (IBUF=1 OBUF=1)

    Location             Delay type                Incr(ns)  Path(ns)    Netlist Resource(s)
  -------------------------------------------------------------------    -------------------
    L15                                               0.000     0.000 r  sw[6] (IN)
                         net (fo=0)                   0.000     0.000    sw[6]
    L15                  IBUF (Prop_ibuf_I_O)         1.491     1.491 r  sw_IBUF[6]_inst/O
                         net (fo=1, routed)           2.344     3.836    led_OBUF[5]
    U13                  OBUF (Prop_obuf_I_O)         3.574     7.410 r  led_OBUF[5]_inst/O
                         net (fo=0)                   0.000     7.410    led[5]
    U13                                                               r  led[5] (OUT)
  -------------------------------------------------------------------    -------------------

Slack:                    inf
  Source:                 sw[9]
                            (input port)
  Destination:            led[2]
                            (output port)
  Path Group:             (none)
  Path Type:              Max at Slow Process Corner
  Data Path Delay:        7.173ns  (logic 5.094ns (71.016%)  route 2.079ns (28.984%))
  Logic Levels:           2  (IBUF=1 OBUF=1)

    Location             Delay type                Incr(ns)  Path(ns)    Netlist Resource(s)
  -------------------------------------------------------------------    -------------------
    T12                                               0.000     0.000 r  sw[9] (IN)
                         net (fo=0)                   0.000     0.000    sw[9]
    T12                  IBUF (Prop_ibuf_I_O)         1.542     1.542 r  sw_IBUF[9]_inst/O
                         net (fo=1, routed)           2.079     3.621    led_OBUF[2]
    R19                  OBUF (Prop_obuf_I_O)         3.552     7.173 r  led_OBUF[2]_inst/O
                         net (fo=0)                   0.000     7.173    led[2]
    R19                                                               r  led[2] (OUT)
  -------------------------------------------------------------------    -------------------





Min Delay Paths
--------------------------------------------------------------------------------------
Slack:                    inf
  Source:                 sw[1]
                            (input port)
  Destination:            led[10]
                            (output port)
  Path Group:             (none)
  Path Type:              Min at Fast Process Corner
  Data Path Delay:        1.874ns  (logic 1.500ns (80.071%)  route 0.373ns (19.929%))
  Logic Levels:           2  (IBUF=1 OBUF=1)

    Location             Delay type                Incr(ns)  Path(ns)    Netlist Resource(s)
  -------------------------------------------------------------------    -------------------
    U20                                               0.000     0.000 r  sw[1] (IN)
                         net (fo=0)                   0.000     0.000    sw[1]
    U20                  IBUF (Prop_ibuf_I_O)         0.247     0.247 r  sw_IBUF[1]_inst/O
                         net (fo=1, routed)           0.373     0.620    led_OBUF[10]
    Y18                  OBUF (Prop_obuf_I_O)         1.254     1.874 r  led_OBUF[10]_inst/O
                         net (fo=0)                   0.000     1.874    led[10]
    Y18                                                               r  led[10] (OUT)
  -------------------------------------------------------------------    -------------------

Slack:                    inf
  Source:                 sw[2]
                            (input port)
  Destination:            led[9]
                            (output port)
  Path Group:             (none)
  Path Type:              Min at Fast Process Corner
  Data Path Delay:        1.900ns  (logic 1.466ns (77.177%)  route 0.434ns (22.823%))
  Logic Levels:           2  (IBUF=1 OBUF=1)

    Location             Delay type                Incr(ns)  Path(ns)    Netlist Resource(s)
  -------------------------------------------------------------------    -------------------
    R16                                               0.000     0.000 r  sw[2] (IN)
                         net (fo=0)                   0.000     0.000    sw[2]
    R16                  IBUF (Prop_ibuf_I_O)         0.219     0.219 r  sw_IBUF[2]_inst/O
                         net (fo=1, routed)           0.434     0.653    led_OBUF[9]
    Y19                  OBUF (Prop_obuf_I_O)         1.247     1.900 r  led_OBUF[9]_inst/O
                         net (fo=0)                   0.000     1.900    led[9]
    Y19                                                               r  led[9] (OUT)
  -------------------------------------------------------------------    -------------------

Slack:                    inf
  Source:                 sw[9]
                            (input port)
  Destination:            led[2]
                            (output port)
  Path Group:             (none)
  Path Type:              Min at Fast Process Corner
  Data Path Delay:        1.998ns  (logic 1.562ns (78.176%)  route 0.436ns (21.824%))
  Logic Levels:           2  (IBUF=1 OBUF=1)

    Location             Delay type                Incr(ns)  Path(ns)    Netlist Resource(s)
  -------------------------------------------------------------------    -------------------
    T12                                               0.000     0.000 r  sw[9] (IN)
                         net (fo=0)                   0.000     0.000    sw[9]
    T12                  IBUF (Prop_ibuf_I_O)         0.309     0.309 r  sw_IBUF[9]_inst/O
                         net (fo=1, routed)           0.436     0.745    led_OBUF[2]
    R19                  OBUF (Prop_obuf_I_O)         1.253     1.998 r  led_OBUF[2]_inst/O
                         net (fo=0)                   0.000     1.998    led[2]
    R19                                                               r  led[2] (OUT)
  -------------------------------------------------------------------    -------------------

Slack:                    inf
  Source:                 sw[6]
                            (input port)
  Destination:            led[5]
                            (output port)
  Path Group:             (none)
  Path Type:              Min at Fast Process Corner
  Data Path Delay:        2.059ns  (logic 1.534ns (74.481%)  route 0.525ns (25.519%))
  Logic Levels:           2  (IBUF=1 OBUF=1)

    Location             Delay type                Incr(ns)  Path(ns)    Netlist Resource(s)
  -------------------------------------------------------------------    -------------------
    L15                                               0.000     0.000 r  sw[6] (IN)
                         net (fo=0)                   0.000     0.000    sw[6]
    L15                  IBUF (Prop_ibuf_I_O)         0.259     0.259 r  sw_IBUF[6]_inst/O
                         net (fo=1, routed)           0.525     0.784    led_OBUF[5]
    U13                  OBUF (Prop_obuf_I_O)         1.275     2.059 r  led_OBUF[5]_inst/O
                         net (fo=0)                   0.000     2.059    led[5]
    U13                                                               r  led[5] (OUT)
  -------------------------------------------------------------------    -------------------

Slack:                    inf
  Source:                 sw[11]
                            (input port)
  Destination:            led[0]
                            (output port)
  Path Group:             (none)
  Path Type:              Min at Fast Process Corner
  Data Path Delay:        2.175ns  (logic 1.526ns (70.131%)  route 0.650ns (29.869%))
  Logic Levels:           2  (IBUF=1 OBUF=1)

    Location             Delay type                Incr(ns)  Path(ns)    Netlist Resource(s)
  -------------------------------------------------------------------    -------------------
    T14                                               0.000     0.000 r  sw[11] (IN)
                         net (fo=0)                   0.000     0.000    sw[11]
    T14                  IBUF (Prop_ibuf_I_O)         0.276     0.276 r  sw_IBUF[11]_inst/O
                         net (fo=1, routed)           0.650     0.926    led_OBUF[0]
    N20                  OBUF (Prop_obuf_I_O)         1.250     2.175 r  led_OBUF[0]_inst/O
                         net (fo=0)                   0.000     2.175    led[0]
    N20                                                               r  led[0] (OUT)
  -------------------------------------------------------------------    -------------------

Slack:                    inf
  Source:                 sw[5]
                            (input port)
  Destination:            led[6]
                            (output port)
  Path Group:             (none)
  Path Type:              Min at Fast Process Corner
  Data Path Delay:        2.185ns  (logic 1.530ns (70.025%)  route 0.655ns (29.975%))
  Logic Levels:           2  (IBUF=1 OBUF=1)

    Location             Delay type                Incr(ns)  Path(ns)    Netlist Resource(s)
  -------------------------------------------------------------------    -------------------
    P14                                               0.000     0.000 r  sw[5] (IN)
                         net (fo=0)                   0.000     0.000    sw[5]
    P14                  IBUF (Prop_ibuf_I_O)         0.285     0.285 r  sw_IBUF[5]_inst/O
                         net (fo=1, routed)           0.655     0.940    led_OBUF[6]
    V20                  OBUF (Prop_obuf_I_O)         1.245     2.185 r  led_OBUF[6]_inst/O
                         net (fo=0)                   0.000     2.185    led[6]
    V20                                                               r  led[6] (OUT)
  -------------------------------------------------------------------    -------------------

Slack:                    inf
  Source:                 sw[4]
                            (input port)
  Destination:            led[7]
                            (output port)
  Path Group:             (none)
  Path Type:              Min at Fast Process Corner
  Data Path Delay:        2.225ns  (logic 1.527ns (68.658%)  route 0.697ns (31.342%))
  Logic Levels:           2  (IBUF=1 OBUF=1)

    Location             Delay type                Incr(ns)  Path(ns)    Netlist Resource(s)
  -------------------------------------------------------------------    -------------------
    R14                                               0.000     0.000 r  sw[4] (IN)
                         net (fo=0)                   0.000     0.000    sw[4]
    R14                  IBUF (Prop_ibuf_I_O)         0.280     0.280 r  sw_IBUF[4]_inst/O
                         net (fo=1, routed)           0.697     0.977    led_OBUF[7]
    W20                  OBUF (Prop_obuf_I_O)         1.247     2.225 r  led_OBUF[7]_inst/O
                         net (fo=0)                   0.000     2.225    led[7]
    W20                                                               r  led[7] (OUT)
  -------------------------------------------------------------------    -------------------

Slack:                    inf
  Source:                 sw[8]
                            (input port)
  Destination:            led[3]
                            (output port)
  Path Group:             (none)
  Path Type:              Min at Fast Process Corner
  Data Path Delay:        2.258ns  (logic 1.563ns (69.212%)  route 0.695ns (30.788%))
  Logic Levels:           2  (IBUF=1 OBUF=1)

    Location             Delay type                Incr(ns)  Path(ns)    Netlist Resource(s)
  -------------------------------------------------------------------    -------------------
    T10                                               0.000     0.000 r  sw[8] (IN)
                         net (fo=0)                   0.000     0.000    sw[8]
    T10                  IBUF (Prop_ibuf_I_O)         0.324     0.324 r  sw_IBUF[8]_inst/O
                         net (fo=1, routed)           0.695     1.020    led_OBUF[3]
    T20                  OBUF (Prop_obuf_I_O)         1.238     2.258 r  led_OBUF[3]_inst/O
                         net (fo=0)                   0.000     2.258    led[3]
    T20                                                               r  led[3] (OUT)
  -------------------------------------------------------------------    -------------------

Slack:                    inf
  Source:                 sw[0]
                            (input port)
  Destination:            led[11]
                            (output port)
  Path Group:             (none)
  Path Type:              Min at Fast Process Corner
  Data Path Delay:        2.259ns  (logic 1.530ns (67.721%)  route 0.729ns (32.279%))
  Logic Levels:           2  (IBUF=1 OBUF=1)

    Location             Delay type                Incr(ns)  Path(ns)    Netlist Resource(s)
  -------------------------------------------------------------------    -------------------
    R17                                               0.000     0.000 r  sw[0] (IN)
                         net (fo=0)                   0.000     0.000    sw[0]
    R17                  IBUF (Prop_ibuf_I_O)         0.215     0.215 r  sw_IBUF[0]_inst/O
                         net (fo=1, routed)           0.729     0.944    led_OBUF[11]
    Y17                  OBUF (Prop_obuf_I_O)         1.315     2.259 r  led_OBUF[11]_inst/O
                         net (fo=0)                   0.000     2.259    led[11]
    Y17                                                               r  led[11] (OUT)
  -------------------------------------------------------------------    -------------------

Slack:                    inf
  Source:                 sw[10]
                            (input port)
  Destination:            led[1]
                            (output port)
  Path Group:             (none)
  Path Type:              Min at Fast Process Corner
  Data Path Delay:        2.376ns  (logic 1.582ns (66.562%)  route 0.795ns (33.438%))
  Logic Levels:           2  (IBUF=1 OBUF=1)

    Location             Delay type                Incr(ns)  Path(ns)    Netlist Resource(s)
  -------------------------------------------------------------------    -------------------
    T11                                               0.000     0.000 r  sw[10] (IN)
                         net (fo=0)                   0.000     0.000    sw[10]
    T11                  IBUF (Prop_ibuf_I_O)         0.332     0.332 r  sw_IBUF[10]_inst/O
                         net (fo=1, routed)           0.795     1.127    led_OBUF[1]
    P20                  OBUF (Prop_obuf_I_O)         1.250     2.376 r  led_OBUF[1]_inst/O
                         net (fo=0)                   0.000     2.376    led[1]
    P20                                                               r  led[1] (OUT)
  -------------------------------------------------------------------    -------------------





