Copyright 1986-2022 Xilinx, Inc. All Rights Reserved. Copyright 2022-2024 Advanced Micro Devices, Inc. All Rights Reserved.
---------------------------------------------------------------------------------------------------------------------------------------------------------------------------------------------------------------------------------
| Tool Version : Vivado v.2024.1 (win64) Build 5076996 Wed May 22 18:37:14 MDT 2024
| Date         : Tue Aug 27 19:08:21 2024
| Host         : DESKTOP-JTBO2TI running 64-bit major release  (build 9200)
| Command      : report_timing_summary -max_paths 10 -report_unconstrained -file requirement5_timing_summary_routed.rpt -pb requirement5_timing_summary_routed.pb -rpx requirement5_timing_summary_routed.rpx -warn_on_violation
| Design       : requirement5
| Device       : 7z007s-clg400
| Speed File   : -1  PRODUCTION 1.12 2019-11-22
| Design State : Routed
---------------------------------------------------------------------------------------------------------------------------------------------------------------------------------------------------------------------------------

Timing Summary Report

------------------------------------------------------------------------------------------------
| Timer Settings
| --------------
------------------------------------------------------------------------------------------------

  Enable Multi Corner Analysis               :  Yes
  Enable Pessimism Removal                   :  Yes
  Pessimism Removal Resolution               :  Nearest Common Node
  Enable Input Delay Default Clock           :  No
  Enable Preset / Clear Arcs                 :  No
  Disable Flight Delays                      :  No
  Ignore I/O Paths                           :  No
  Timing Early Launch at Borrowing Latches   :  No
  Borrow Time for Max Delay Exceptions       :  Yes
  Merge Timing Exceptions                    :  Yes
  Inter-SLR Compensation                     :  Conservative

  Corner  Analyze    Analyze    
  Name    Max Paths  Min Paths  
  ------  ---------  ---------  
  Slow    Yes        Yes        
  Fast    Yes        Yes        


------------------------------------------------------------------------------------------------
| Report Methodology
| ------------------
------------------------------------------------------------------------------------------------

No report available as report_methodology has not been run prior. Run report_methodology on the current design for the summary of methodology violations.



check_timing report

Table of Contents
-----------------
1. checking no_clock (0)
2. checking constant_clock (0)
3. checking pulse_width_clock (0)
4. checking unconstrained_internal_endpoints (0)
5. checking no_input_delay (0)
6. checking no_output_delay (0)
7. checking multiple_clock (0)
8. checking generated_clocks (0)
9. checking loops (0)
10. checking partial_input_delay (0)
11. checking partial_output_delay (0)
12. checking latch_loops (0)

1. checking no_clock (0)
------------------------
 There are 0 register/latch pins with no clock.


2. checking constant_clock (0)
------------------------------
 There are 0 register/latch pins with constant_clock.


3. checking pulse_width_clock (0)
---------------------------------
 There are 0 register/latch pins which need pulse_width check


4. checking unconstrained_internal_endpoints (0)
------------------------------------------------
 There are 0 pins that are not constrained for maximum delay.

 There are 0 pins that are not constrained for maximum delay due to constant clock.


5. checking no_input_delay (0)
------------------------------
 There are 0 input ports with no input delay specified.

 There are 0 input ports with no input delay but user has a false path constraint.


6. checking no_output_delay (0)
-------------------------------
 There are 0 ports with no output delay specified.

 There are 0 ports with no output delay but user has a false path constraint

 There are 0 ports with no output delay but with a timing clock defined on it or propagating through it


7. checking multiple_clock (0)
------------------------------
 There are 0 register/latch pins with multiple clocks.


8. checking generated_clocks (0)
--------------------------------
 There are 0 generated clocks that are not connected to a clock source.


9. checking loops (0)
---------------------
 There are 0 combinational loops in the design.


10. checking partial_input_delay (0)
------------------------------------
 There are 0 input ports with partial input delay specified.


11. checking partial_output_delay (0)
-------------------------------------
 There are 0 ports with partial output delay specified.


12. checking latch_loops (0)
----------------------------
 There are 0 combinational latch loops in the design through latch input



------------------------------------------------------------------------------------------------
| Design Timing Summary
| ---------------------
------------------------------------------------------------------------------------------------

    WNS(ns)      TNS(ns)  TNS Failing Endpoints  TNS Total Endpoints      WHS(ns)      THS(ns)  THS Failing Endpoints  THS Total Endpoints     WPWS(ns)     TPWS(ns)  TPWS Failing Endpoints  TPWS Total Endpoints  
    -------      -------  ---------------------  -------------------      -------      -------  ---------------------  -------------------     --------     --------  ----------------------  --------------------  
        inf        0.000                      0                   12          inf        0.000                      0                   12           NA           NA                      NA                    NA  


There are no user specified timing constraints.


------------------------------------------------------------------------------------------------
| Clock Summary
| -------------
------------------------------------------------------------------------------------------------


------------------------------------------------------------------------------------------------
| Intra Clock Table
| -----------------
------------------------------------------------------------------------------------------------

Clock             WNS(ns)      TNS(ns)  TNS Failing Endpoints  TNS Total Endpoints      WHS(ns)      THS(ns)  THS Failing Endpoints  THS Total Endpoints     WPWS(ns)     TPWS(ns)  TPWS Failing Endpoints  TPWS Total Endpoints  
-----             -------      -------  ---------------------  -------------------      -------      -------  ---------------------  -------------------     --------     --------  ----------------------  --------------------  


------------------------------------------------------------------------------------------------
| Inter Clock Table
| -----------------
------------------------------------------------------------------------------------------------

From Clock    To Clock          WNS(ns)      TNS(ns)  TNS Failing Endpoints  TNS Total Endpoints      WHS(ns)      THS(ns)  THS Failing Endpoints  THS Total Endpoints  
----------    --------          -------      -------  ---------------------  -------------------      -------      -------  ---------------------  -------------------  


------------------------------------------------------------------------------------------------
| Other Path Groups Table
| -----------------------
------------------------------------------------------------------------------------------------

Path Group    From Clock    To Clock          WNS(ns)      TNS(ns)  TNS Failing Endpoints  TNS Total Endpoints      WHS(ns)      THS(ns)  THS Failing Endpoints  THS Total Endpoints  
----------    ----------    --------          -------      -------  ---------------------  -------------------      -------      -------  ---------------------  -------------------  


------------------------------------------------------------------------------------------------
| User Ignored Path Table
| -----------------------
------------------------------------------------------------------------------------------------

Path Group    From Clock    To Clock    
----------    ----------    --------    


------------------------------------------------------------------------------------------------
| Unconstrained Path Table
| ------------------------
------------------------------------------------------------------------------------------------

Path Group    From Clock    To Clock    
----------    ----------    --------    
(none)                                    


------------------------------------------------------------------------------------------------
| Timing Details
| --------------
------------------------------------------------------------------------------------------------


--------------------------------------------------------------------------------------
Path Group:  (none)
From Clock:  
  To Clock:  

Max Delay            12 Endpoints
Min Delay            12 Endpoints
--------------------------------------------------------------------------------------


Max Delay Paths
--------------------------------------------------------------------------------------
Slack:                    inf
  Source:                 btn[2]
                            (input port)
  Destination:            seg_an[2]
                            (output port)
  Path Group:             (none)
  Path Type:              Max at Slow Process Corner
  Data Path Delay:        8.821ns  (logic 5.040ns (57.138%)  route 3.781ns (42.862%))
  Logic Levels:           2  (IBUF=1 OBUF=1)

    Location             Delay type                Incr(ns)  Path(ns)    Netlist Resource(s)
  -------------------------------------------------------------------    -------------------
    P15                                               0.000     0.000 r  btn[2] (IN)
                         net (fo=0)                   0.000     0.000    btn[2]
    P15                  IBUF (Prop_ibuf_I_O)         1.451     1.451 r  btn_IBUF[2]_inst/O
                         net (fo=1, routed)           3.781     5.232    seg_an_OBUF[2]
    M18                  OBUF (Prop_obuf_I_O)         3.589     8.821 r  seg_an_OBUF[2]_inst/O
                         net (fo=0)                   0.000     8.821    seg_an[2]
    M18                                                               r  seg_an[2] (OUT)
  -------------------------------------------------------------------    -------------------

Slack:                    inf
  Source:                 sw[2]
                            (input port)
  Destination:            seg_cat[2]
                            (output port)
  Path Group:             (none)
  Path Type:              Max at Slow Process Corner
  Data Path Delay:        8.512ns  (logic 4.985ns (58.558%)  route 3.528ns (41.442%))
  Logic Levels:           2  (IBUF=1 OBUF=1)

    Location             Delay type                Incr(ns)  Path(ns)    Netlist Resource(s)
  -------------------------------------------------------------------    -------------------
    R16                                               0.000     0.000 r  sw[2] (IN)
                         net (fo=0)                   0.000     0.000    sw[2]
    R16                  IBUF (Prop_ibuf_I_O)         1.451     1.451 r  sw_IBUF[2]_inst/O
                         net (fo=1, routed)           3.528     4.979    seg_cat_OBUF[2]
    J18                  OBUF (Prop_obuf_I_O)         3.534     8.512 r  seg_cat_OBUF[2]_inst/O
                         net (fo=0)                   0.000     8.512    seg_cat[2]
    J18                                                               r  seg_cat[2] (OUT)
  -------------------------------------------------------------------    -------------------

Slack:                    inf
  Source:                 sw[4]
                            (input port)
  Destination:            seg_cat[4]
                            (output port)
  Path Group:             (none)
  Path Type:              Max at Slow Process Corner
  Data Path Delay:        8.186ns  (logic 5.108ns (62.398%)  route 3.078ns (37.602%))
  Logic Levels:           2  (IBUF=1 OBUF=1)

    Location             Delay type                Incr(ns)  Path(ns)    Netlist Resource(s)
  -------------------------------------------------------------------    -------------------
    R14                                               0.000     0.000 r  sw[4] (IN)
                         net (fo=0)                   0.000     0.000    sw[4]
    R14                  IBUF (Prop_ibuf_I_O)         1.512     1.512 r  sw_IBUF[4]_inst/O
                         net (fo=1, routed)           3.078     4.591    seg_cat_OBUF[4]
    M17                  OBUF (Prop_obuf_I_O)         3.596     8.186 r  seg_cat_OBUF[4]_inst/O
                         net (fo=0)                   0.000     8.186    seg_cat[4]
    M17                                                               r  seg_cat[4] (OUT)
  -------------------------------------------------------------------    -------------------

Slack:                    inf
  Source:                 btn[0]
                            (input port)
  Destination:            seg_an[0]
                            (output port)
  Path Group:             (none)
  Path Type:              Max at Slow Process Corner
  Data Path Delay:        8.184ns  (logic 5.126ns (62.632%)  route 3.058ns (37.368%))
  Logic Levels:           2  (IBUF=1 OBUF=1)

    Location             Delay type                Incr(ns)  Path(ns)    Netlist Resource(s)
  -------------------------------------------------------------------    -------------------
    W14                                               0.000     0.000 r  btn[0] (IN)
                         net (fo=0)                   0.000     0.000    btn[0]
    W14                  IBUF (Prop_ibuf_I_O)         1.583     1.583 r  btn_IBUF[0]_inst/O
                         net (fo=1, routed)           3.058     4.641    seg_an_OBUF[0]
    K19                  OBUF (Prop_obuf_I_O)         3.543     8.184 r  seg_an_OBUF[0]_inst/O
                         net (fo=0)                   0.000     8.184    seg_an[0]
    K19                                                               r  seg_an[0] (OUT)
  -------------------------------------------------------------------    -------------------

Slack:                    inf
  Source:                 sw[1]
                            (input port)
  Destination:            seg_cat[1]
                            (output port)
  Path Group:             (none)
  Path Type:              Max at Slow Process Corner
  Data Path Delay:        8.132ns  (logic 4.994ns (61.415%)  route 3.138ns (38.585%))
  Logic Levels:           2  (IBUF=1 OBUF=1)

    Location             Delay type                Incr(ns)  Path(ns)    Netlist Resource(s)
  -------------------------------------------------------------------    -------------------
    U20                                               0.000     0.000 r  sw[1] (IN)
                         net (fo=0)                   0.000     0.000    sw[1]
    U20                  IBUF (Prop_ibuf_I_O)         1.479     1.479 r  sw_IBUF[1]_inst/O
                         net (fo=1, routed)           3.138     4.616    seg_cat_OBUF[1]
    H15                  OBUF (Prop_obuf_I_O)         3.516     8.132 r  seg_cat_OBUF[1]_inst/O
                         net (fo=0)                   0.000     8.132    seg_cat[1]
    H15                                                               r  seg_cat[1] (OUT)
  -------------------------------------------------------------------    -------------------

Slack:                    inf
  Source:                 sw[0]
                            (input port)
  Destination:            seg_cat[0]
                            (output port)
  Path Group:             (none)
  Path Type:              Max at Slow Process Corner
  Data Path Delay:        8.075ns  (logic 5.008ns (62.019%)  route 3.067ns (37.981%))
  Logic Levels:           2  (IBUF=1 OBUF=1)

    Location             Delay type                Incr(ns)  Path(ns)    Netlist Resource(s)
  -------------------------------------------------------------------    -------------------
    R17                                               0.000     0.000 r  sw[0] (IN)
                         net (fo=0)                   0.000     0.000    sw[0]
    R17                  IBUF (Prop_ibuf_I_O)         1.447     1.447 r  sw_IBUF[0]_inst/O
                         net (fo=1, routed)           3.067     4.514    seg_cat_OBUF[0]
    K14                  OBUF (Prop_obuf_I_O)         3.561     8.075 r  seg_cat_OBUF[0]_inst/O
                         net (fo=0)                   0.000     8.075    seg_cat[0]
    K14                                                               r  seg_cat[0] (OUT)
  -------------------------------------------------------------------    -------------------

Slack:                    inf
  Source:                 btn[3]
                            (input port)
  Destination:            seg_an[3]
                            (output port)
  Path Group:             (none)
  Path Type:              Max at Slow Process Corner
  Data Path Delay:        7.774ns  (logic 5.022ns (64.609%)  route 2.751ns (35.391%))
  Logic Levels:           2  (IBUF=1 OBUF=1)

    Location             Delay type                Incr(ns)  Path(ns)    Netlist Resource(s)
  -------------------------------------------------------------------    -------------------
    M14                                               0.000     0.000 r  btn[3] (IN)
                         net (fo=0)                   0.000     0.000    btn[3]
    M14                  IBUF (Prop_ibuf_I_O)         1.476     1.476 r  btn_IBUF[3]_inst/O
                         net (fo=1, routed)           2.751     4.227    seg_an_OBUF[3]
    L16                  OBUF (Prop_obuf_I_O)         3.546     7.774 r  seg_an_OBUF[3]_inst/O
                         net (fo=0)                   0.000     7.774    seg_an[3]
    L16                                                               r  seg_an[3] (OUT)
  -------------------------------------------------------------------    -------------------

Slack:                    inf
  Source:                 btn[1]
                            (input port)
  Destination:            seg_an[1]
                            (output port)
  Path Group:             (none)
  Path Type:              Max at Slow Process Corner
  Data Path Delay:        7.753ns  (logic 5.053ns (65.171%)  route 2.700ns (34.829%))
  Logic Levels:           2  (IBUF=1 OBUF=1)

    Location             Delay type                Incr(ns)  Path(ns)    Netlist Resource(s)
  -------------------------------------------------------------------    -------------------
    W13                                               0.000     0.000 r  btn[1] (IN)
                         net (fo=0)                   0.000     0.000    btn[1]
    W13                  IBUF (Prop_ibuf_I_O)         1.539     1.539 r  btn_IBUF[1]_inst/O
                         net (fo=1, routed)           2.700     4.239    seg_an_OBUF[1]
    H17                  OBUF (Prop_obuf_I_O)         3.513     7.753 r  seg_an_OBUF[1]_inst/O
                         net (fo=0)                   0.000     7.753    seg_an[1]
    H17                                                               r  seg_an[1] (OUT)
  -------------------------------------------------------------------    -------------------

Slack:                    inf
  Source:                 sw[7]
                            (input port)
  Destination:            seg_cat[7]
                            (output port)
  Path Group:             (none)
  Path Type:              Max at Slow Process Corner
  Data Path Delay:        7.677ns  (logic 5.028ns (65.496%)  route 2.649ns (34.504%))
  Logic Levels:           2  (IBUF=1 OBUF=1)

    Location             Delay type                Incr(ns)  Path(ns)    Netlist Resource(s)
  -------------------------------------------------------------------    -------------------
    M15                                               0.000     0.000 r  sw[7] (IN)
                         net (fo=0)                   0.000     0.000    sw[7]
    M15                  IBUF (Prop_ibuf_I_O)         1.484     1.484 r  sw_IBUF[7]_inst/O
                         net (fo=1, routed)           2.649     4.133    seg_cat_OBUF[7]
    K18                  OBUF (Prop_obuf_I_O)         3.544     7.677 r  seg_cat_OBUF[7]_inst/O
                         net (fo=0)                   0.000     7.677    seg_cat[7]
    K18                                                               r  seg_cat[7] (OUT)
  -------------------------------------------------------------------    -------------------

Slack:                    inf
  Source:                 sw[6]
                            (input port)
  Destination:            seg_cat[6]
                            (output port)
  Path Group:             (none)
  Path Type:              Max at Slow Process Corner
  Data Path Delay:        7.417ns  (logic 5.021ns (67.696%)  route 2.396ns (32.304%))
  Logic Levels:           2  (IBUF=1 OBUF=1)

    Location             Delay type                Incr(ns)  Path(ns)    Netlist Resource(s)
  -------------------------------------------------------------------    -------------------
    L15                                               0.000     0.000 r  sw[6] (IN)
                         net (fo=0)                   0.000     0.000    sw[6]
    L15                  IBUF (Prop_ibuf_I_O)         1.491     1.491 r  sw_IBUF[6]_inst/O
                         net (fo=1, routed)           2.396     3.887    seg_cat_OBUF[6]
    H18                  OBUF (Prop_obuf_I_O)         3.530     7.417 r  seg_cat_OBUF[6]_inst/O
                         net (fo=0)                   0.000     7.417    seg_cat[6]
    H18                                                               r  seg_cat[6] (OUT)
  -------------------------------------------------------------------    -------------------





Min Delay Paths
--------------------------------------------------------------------------------------
Slack:                    inf
  Source:                 sw[3]
                            (input port)
  Destination:            seg_cat[3]
                            (output port)
  Path Group:             (none)
  Path Type:              Min at Fast Process Corner
  Data Path Delay:        1.905ns  (logic 1.456ns (76.463%)  route 0.448ns (23.537%))
  Logic Levels:           2  (IBUF=1 OBUF=1)

    Location             Delay type                Incr(ns)  Path(ns)    Netlist Resource(s)
  -------------------------------------------------------------------    -------------------
    N16                                               0.000     0.000 r  sw[3] (IN)
                         net (fo=0)                   0.000     0.000    sw[3]
    N16                  IBUF (Prop_ibuf_I_O)         0.242     0.242 r  sw_IBUF[3]_inst/O
                         net (fo=1, routed)           0.448     0.690    seg_cat_OBUF[3]
    J15                  OBUF (Prop_obuf_I_O)         1.214     1.905 r  seg_cat_OBUF[3]_inst/O
                         net (fo=0)                   0.000     1.905    seg_cat[3]
    J15                                                               r  seg_cat[3] (OUT)
  -------------------------------------------------------------------    -------------------

Slack:                    inf
  Source:                 sw[5]
                            (input port)
  Destination:            seg_cat[5]
                            (output port)
  Path Group:             (none)
  Path Type:              Min at Fast Process Corner
  Data Path Delay:        2.049ns  (logic 1.507ns (73.543%)  route 0.542ns (26.457%))
  Logic Levels:           2  (IBUF=1 OBUF=1)

    Location             Delay type                Incr(ns)  Path(ns)    Netlist Resource(s)
  -------------------------------------------------------------------    -------------------
    P14                                               0.000     0.000 r  sw[5] (IN)
                         net (fo=0)                   0.000     0.000    sw[5]
    P14                  IBUF (Prop_ibuf_I_O)         0.285     0.285 r  sw_IBUF[5]_inst/O
                         net (fo=1, routed)           0.542     0.827    seg_cat_OBUF[5]
    J16                  OBUF (Prop_obuf_I_O)         1.222     2.049 r  seg_cat_OBUF[5]_inst/O
                         net (fo=0)                   0.000     2.049    seg_cat[5]
    J16                                                               r  seg_cat[5] (OUT)
  -------------------------------------------------------------------    -------------------

Slack:                    inf
  Source:                 sw[6]
                            (input port)
  Destination:            seg_cat[6]
                            (output port)
  Path Group:             (none)
  Path Type:              Min at Fast Process Corner
  Data Path Delay:        2.064ns  (logic 1.490ns (72.184%)  route 0.574ns (27.816%))
  Logic Levels:           2  (IBUF=1 OBUF=1)

    Location             Delay type                Incr(ns)  Path(ns)    Netlist Resource(s)
  -------------------------------------------------------------------    -------------------
    L15                                               0.000     0.000 r  sw[6] (IN)
                         net (fo=0)                   0.000     0.000    sw[6]
    L15                  IBUF (Prop_ibuf_I_O)         0.259     0.259 r  sw_IBUF[6]_inst/O
                         net (fo=1, routed)           0.574     0.833    seg_cat_OBUF[6]
    H18                  OBUF (Prop_obuf_I_O)         1.231     2.064 r  seg_cat_OBUF[6]_inst/O
                         net (fo=0)                   0.000     2.064    seg_cat[6]
    H18                                                               r  seg_cat[6] (OUT)
  -------------------------------------------------------------------    -------------------

Slack:                    inf
  Source:                 btn[1]
                            (input port)
  Destination:            seg_an[1]
                            (output port)
  Path Group:             (none)
  Path Type:              Min at Fast Process Corner
  Data Path Delay:        2.192ns  (logic 1.521ns (69.379%)  route 0.671ns (30.621%))
  Logic Levels:           2  (IBUF=1 OBUF=1)

    Location             Delay type                Incr(ns)  Path(ns)    Netlist Resource(s)
  -------------------------------------------------------------------    -------------------
    W13                                               0.000     0.000 r  btn[1] (IN)
                         net (fo=0)                   0.000     0.000    btn[1]
    W13                  IBUF (Prop_ibuf_I_O)         0.306     0.306 r  btn_IBUF[1]_inst/O
                         net (fo=1, routed)           0.671     0.978    seg_an_OBUF[1]
    H17                  OBUF (Prop_obuf_I_O)         1.214     2.192 r  seg_an_OBUF[1]_inst/O
                         net (fo=0)                   0.000     2.192    seg_an[1]
    H17                                                               r  seg_an[1] (OUT)
  -------------------------------------------------------------------    -------------------

Slack:                    inf
  Source:                 sw[7]
                            (input port)
  Destination:            seg_cat[7]
                            (output port)
  Path Group:             (none)
  Path Type:              Min at Fast Process Corner
  Data Path Delay:        2.210ns  (logic 1.497ns (67.705%)  route 0.714ns (32.295%))
  Logic Levels:           2  (IBUF=1 OBUF=1)

    Location             Delay type                Incr(ns)  Path(ns)    Netlist Resource(s)
  -------------------------------------------------------------------    -------------------
    M15                                               0.000     0.000 r  sw[7] (IN)
                         net (fo=0)                   0.000     0.000    sw[7]
    M15                  IBUF (Prop_ibuf_I_O)         0.252     0.252 r  sw_IBUF[7]_inst/O
                         net (fo=1, routed)           0.714     0.966    seg_cat_OBUF[7]
    K18                  OBUF (Prop_obuf_I_O)         1.244     2.210 r  seg_cat_OBUF[7]_inst/O
                         net (fo=0)                   0.000     2.210    seg_cat[7]
    K18                                                               r  seg_cat[7] (OUT)
  -------------------------------------------------------------------    -------------------

Slack:                    inf
  Source:                 btn[3]
                            (input port)
  Destination:            seg_an[3]
                            (output port)
  Path Group:             (none)
  Path Type:              Min at Fast Process Corner
  Data Path Delay:        2.220ns  (logic 1.491ns (67.160%)  route 0.729ns (32.840%))
  Logic Levels:           2  (IBUF=1 OBUF=1)

    Location             Delay type                Incr(ns)  Path(ns)    Netlist Resource(s)
  -------------------------------------------------------------------    -------------------
    M14                                               0.000     0.000 r  btn[3] (IN)
                         net (fo=0)                   0.000     0.000    btn[3]
    M14                  IBUF (Prop_ibuf_I_O)         0.244     0.244 r  btn_IBUF[3]_inst/O
                         net (fo=1, routed)           0.729     0.973    seg_an_OBUF[3]
    L16                  OBUF (Prop_obuf_I_O)         1.247     2.220 r  seg_an_OBUF[3]_inst/O
                         net (fo=0)                   0.000     2.220    seg_an[3]
    L16                                                               r  seg_an[3] (OUT)
  -------------------------------------------------------------------    -------------------

Slack:                    inf
  Source:                 sw[0]
                            (input port)
  Destination:            seg_cat[0]
                            (output port)
  Path Group:             (none)
  Path Type:              Min at Fast Process Corner
  Data Path Delay:        2.277ns  (logic 1.477ns (64.837%)  route 0.801ns (35.163%))
  Logic Levels:           2  (IBUF=1 OBUF=1)

    Location             Delay type                Incr(ns)  Path(ns)    Netlist Resource(s)
  -------------------------------------------------------------------    -------------------
    R17                                               0.000     0.000 r  sw[0] (IN)
                         net (fo=0)                   0.000     0.000    sw[0]
    R17                  IBUF (Prop_ibuf_I_O)         0.215     0.215 r  sw_IBUF[0]_inst/O
                         net (fo=1, routed)           0.801     1.016    seg_cat_OBUF[0]
    K14                  OBUF (Prop_obuf_I_O)         1.262     2.277 r  seg_cat_OBUF[0]_inst/O
                         net (fo=0)                   0.000     2.277    seg_cat[0]
    K14                                                               r  seg_cat[0] (OUT)
  -------------------------------------------------------------------    -------------------

Slack:                    inf
  Source:                 sw[1]
                            (input port)
  Destination:            seg_cat[1]
                            (output port)
  Path Group:             (none)
  Path Type:              Min at Fast Process Corner
  Data Path Delay:        2.352ns  (logic 1.463ns (62.213%)  route 0.889ns (37.787%))
  Logic Levels:           2  (IBUF=1 OBUF=1)

    Location             Delay type                Incr(ns)  Path(ns)    Netlist Resource(s)
  -------------------------------------------------------------------    -------------------
    U20                                               0.000     0.000 r  sw[1] (IN)
                         net (fo=0)                   0.000     0.000    sw[1]
    U20                  IBUF (Prop_ibuf_I_O)         0.247     0.247 r  sw_IBUF[1]_inst/O
                         net (fo=1, routed)           0.889     1.135    seg_cat_OBUF[1]
    H15                  OBUF (Prop_obuf_I_O)         1.217     2.352 r  seg_cat_OBUF[1]_inst/O
                         net (fo=0)                   0.000     2.352    seg_cat[1]
    H15                                                               r  seg_cat[1] (OUT)
  -------------------------------------------------------------------    -------------------

Slack:                    inf
  Source:                 sw[4]
                            (input port)
  Destination:            seg_cat[4]
                            (output port)
  Path Group:             (none)
  Path Type:              Min at Fast Process Corner
  Data Path Delay:        2.385ns  (logic 1.576ns (66.072%)  route 0.809ns (33.928%))
  Logic Levels:           2  (IBUF=1 OBUF=1)

    Location             Delay type                Incr(ns)  Path(ns)    Netlist Resource(s)
  -------------------------------------------------------------------    -------------------
    R14                                               0.000     0.000 r  sw[4] (IN)
                         net (fo=0)                   0.000     0.000    sw[4]
    R14                  IBUF (Prop_ibuf_I_O)         0.280     0.280 r  sw_IBUF[4]_inst/O
                         net (fo=1, routed)           0.809     1.089    seg_cat_OBUF[4]
    M17                  OBUF (Prop_obuf_I_O)         1.296     2.385 r  seg_cat_OBUF[4]_inst/O
                         net (fo=0)                   0.000     2.385    seg_cat[4]
    M17                                                               r  seg_cat[4] (OUT)
  -------------------------------------------------------------------    -------------------

Slack:                    inf
  Source:                 btn[0]
                            (input port)
  Destination:            seg_an[0]
                            (output port)
  Path Group:             (none)
  Path Type:              Min at Fast Process Corner
  Data Path Delay:        2.387ns  (logic 1.593ns (66.736%)  route 0.794ns (33.264%))
  Logic Levels:           2  (IBUF=1 OBUF=1)

    Location             Delay type                Incr(ns)  Path(ns)    Netlist Resource(s)
  -------------------------------------------------------------------    -------------------
    W14                                               0.000     0.000 r  btn[0] (IN)
                         net (fo=0)                   0.000     0.000    btn[0]
    W14                  IBUF (Prop_ibuf_I_O)         0.350     0.350 r  btn_IBUF[0]_inst/O
                         net (fo=1, routed)           0.794     1.144    seg_an_OBUF[0]
    K19                  OBUF (Prop_obuf_I_O)         1.244     2.387 r  seg_an_OBUF[0]_inst/O
                         net (fo=0)                   0.000     2.387    seg_an[0]
    K19                                                               r  seg_an[0] (OUT)
  -------------------------------------------------------------------    -------------------





