
*** Running vivado
    with args -log design_2_adder_0_0.vds -m64 -product Vivado -mode batch -messageDb vivado.pb -notrace -source design_2_adder_0_0.tcl



****** Vivado v2024.1.1 (64-bit)
  **** SW Build 5094488 on Fri Jun 14 08:59:21 MDT 2024
  **** IP Build 5091682 on Fri Jun 14 16:55:04 MDT 2024
  **** SharedData Build 5094118 on Fri Jun 14 01:09:43 MDT 2024
  **** Start of session at: Tue Nov 26 13:11:22 2024
    ** Copyright 1986-2022 Xilinx, Inc. All Rights Reserved.
    ** Copyright 2022-2024 Advanced Micro Devices, Inc. All Rights Reserved.

source design_2_adder_0_0.tcl -notrace
INFO: [IP_Flow 19-234] Refreshing IP repositories
INFO: [IP_Flow 19-1704] No user IP repositories specified
INFO: [IP_Flow 19-2313] Loaded Vivado IP repository 'C:/Xilinx/Vivado/2024.1/data/ip'.
Command: synth_design -top design_2_adder_0_0 -part xc7z007sclg400-1 -incremental_mode off -mode out_of_context
Starting synth_design
Attempting to get a license for feature 'Synthesis' and/or device 'xc7z007s'
INFO: [Common 17-349] Got license for feature 'Synthesis' and/or device 'xc7z007s'
INFO: [Designutils 20-5008] Incremental synthesis strategy off
INFO: [Synth 8-7079] Multithreading enabled for synth_design using a maximum of 2 processes.
INFO: [Synth 8-7078] Launching helper process for spawning children vivado processes
INFO: [Synth 8-7075] Helper process launched with PID 53812
---------------------------------------------------------------------------------
Starting Synthesize : Time (s): cpu = 00:00:04 ; elapsed = 00:00:06 . Memory (MB): peak = 1098.141 ; gain = 451.328
---------------------------------------------------------------------------------
INFO: [Synth 8-6157] synthesizing module 'design_2_adder_0_0' [c:/xproj/project_9.1/project_9.1.gen/sources_1/bd/design_2/ip/design_2_adder_0_0/synth/design_2_adder_0_0.v:53]
INFO: [Synth 8-6157] synthesizing module 'adder' [C:/xproj/project_9.1/project_9.1.srcs/sources_1/new/adder.v:23]
INFO: [Synth 8-6157] synthesizing module 'FA' [C:/xproj/project_9.1/project_9.1.srcs/sources_1/new/FA.v:23]
INFO: [Synth 8-6155] done synthesizing module 'FA' (0#1) [C:/xproj/project_9.1/project_9.1.srcs/sources_1/new/FA.v:23]
ERROR: [Synth 8-439] module 'CPGN' not found [C:/xproj/project_9.1/project_9.1.srcs/sources_1/new/adder.v:45]
ERROR: [Synth 8-6156] failed synthesizing module 'adder' [C:/xproj/project_9.1/project_9.1.srcs/sources_1/new/adder.v:23]
ERROR: [Synth 8-6156] failed synthesizing module 'design_2_adder_0_0' [c:/xproj/project_9.1/project_9.1.gen/sources_1/bd/design_2/ip/design_2_adder_0_0/synth/design_2_adder_0_0.v:53]
---------------------------------------------------------------------------------
Finished Synthesize : Time (s): cpu = 00:00:05 ; elapsed = 00:00:08 . Memory (MB): peak = 1206.320 ; gain = 559.508
---------------------------------------------------------------------------------
synthesize failed
INFO: [Common 17-83] Releasing license: Synthesis
13 Infos, 0 Warnings, 0 Critical Warnings and 4 Errors encountered.
synth_design failed
ERROR: [Common 17-69] Command failed: Vivado Synthesis failed
INFO: [Common 17-206] Exiting Vivado at Tue Nov 26 13:11:38 2024...
