
*** Running vivado
    with args -log RTME2.vds -m64 -product Vivado -mode batch -messageDb vivado.pb -notrace -source RTME2.tcl



****** Vivado v2024.1.1 (64-bit)
  **** SW Build 5094488 on Fri Jun 14 08:59:21 MDT 2024
  **** IP Build 5091682 on Fri Jun 14 16:55:04 MDT 2024
  **** SharedData Build 5094118 on Fri Jun 14 01:09:43 MDT 2024
  **** Start of session at: Thu Dec  5 13:56:15 2024
    ** Copyright 1986-2022 Xilinx, Inc. All Rights Reserved.
    ** Copyright 2022-2024 Advanced Micro Devices, Inc. All Rights Reserved.

source RTME2.tcl -notrace
INFO: [IP_Flow 19-234] Refreshing IP repositories
INFO: [IP_Flow 19-1704] No user IP repositories specified
INFO: [IP_Flow 19-2313] Loaded Vivado IP repository 'C:/Xilinx/Vivado/2024.1/data/ip'.
Command: read_checkpoint -auto_incremental -incremental C:/xproj/project_12.2A1/project_12.2A1.srcs/utils_1/imports/synth_1/design_1_wrapper.dcp
INFO: [Vivado 12-5825] Read reference checkpoint from C:/xproj/project_12.2A1/project_12.2A1.srcs/utils_1/imports/synth_1/design_1_wrapper.dcp for incremental synthesis
INFO: [Vivado 12-7989] Please ensure there are no constraint changes
Command: synth_design -top RTME2 -part xc7z007sclg400-1
Starting synth_design
Attempting to get a license for feature 'Synthesis' and/or device 'xc7z007s'
INFO: [Common 17-349] Got license for feature 'Synthesis' and/or device 'xc7z007s'
INFO: [Device 21-403] Loading part xc7z007sclg400-1
INFO: [Device 21-9227] Part: xc7z007sclg400-1 does not have CEAM library.
INFO: [Synth 8-7079] Multithreading enabled for synth_design using a maximum of 2 processes.
INFO: [Synth 8-7078] Launching helper process for spawning children vivado processes
INFO: [Synth 8-7075] Helper process launched with PID 57732
---------------------------------------------------------------------------------
Starting RTL Elaboration : Time (s): cpu = 00:00:03 ; elapsed = 00:00:04 . Memory (MB): peak = 1492.758 ; gain = 446.559
---------------------------------------------------------------------------------
WARNING: [Synth 8-9400] empty statement in sequential block [C:/xproj/project_12.2A1/project_12.2A1.srcs/sources_1/new/statemachine.v:58]
INFO: [Synth 8-6157] synthesizing module 'RTME2' [C:/xproj/project_12.2A1/project_12.2A1.srcs/sources_1/new/RTME2.v:23]
INFO: [Synth 8-6157] synthesizing module 'testcounter' [c:/xproj/project_12.2A1/project_12.2A1.gen/sources_1/bd/testcounter/synth/testcounter.v:13]
INFO: [Synth 8-6157] synthesizing module 'testcounter_bin2bcd_0_0' [C:/xproj/project_12.2A1/project_12.2A1.runs/synth_1/.Xil/Vivado-63620-sgk/realtime/testcounter_bin2bcd_0_0_stub.v:6]
INFO: [Synth 8-6155] done synthesizing module 'testcounter_bin2bcd_0_0' (0#1) [C:/xproj/project_12.2A1/project_12.2A1.runs/synth_1/.Xil/Vivado-63620-sgk/realtime/testcounter_bin2bcd_0_0_stub.v:6]
INFO: [Synth 8-6157] synthesizing module 'testcounter_clock_divider_0_0' [C:/xproj/project_12.2A1/project_12.2A1.runs/synth_1/.Xil/Vivado-63620-sgk/realtime/testcounter_clock_divider_0_0_stub.v:6]
INFO: [Synth 8-6155] done synthesizing module 'testcounter_clock_divider_0_0' (0#1) [C:/xproj/project_12.2A1/project_12.2A1.runs/synth_1/.Xil/Vivado-63620-sgk/realtime/testcounter_clock_divider_0_0_stub.v:6]
INFO: [Synth 8-6157] synthesizing module 'testcounter_counterE1R_0_0' [C:/xproj/project_12.2A1/project_12.2A1.runs/synth_1/.Xil/Vivado-63620-sgk/realtime/testcounter_counterE1R_0_0_stub.v:6]
INFO: [Synth 8-6155] done synthesizing module 'testcounter_counterE1R_0_0' (0#1) [C:/xproj/project_12.2A1/project_12.2A1.runs/synth_1/.Xil/Vivado-63620-sgk/realtime/testcounter_counterE1R_0_0_stub.v:6]
INFO: [Synth 8-6157] synthesizing module 'testcounter_counterE2_0_0' [C:/xproj/project_12.2A1/project_12.2A1.runs/synth_1/.Xil/Vivado-63620-sgk/realtime/testcounter_counterE2_0_0_stub.v:6]
INFO: [Synth 8-6155] done synthesizing module 'testcounter_counterE2_0_0' (0#1) [C:/xproj/project_12.2A1/project_12.2A1.runs/synth_1/.Xil/Vivado-63620-sgk/realtime/testcounter_counterE2_0_0_stub.v:6]
INFO: [Synth 8-6157] synthesizing module 'testcounter_decoder_0_0' [C:/xproj/project_12.2A1/project_12.2A1.runs/synth_1/.Xil/Vivado-63620-sgk/realtime/testcounter_decoder_0_0_stub.v:6]
INFO: [Synth 8-6155] done synthesizing module 'testcounter_decoder_0_0' (0#1) [C:/xproj/project_12.2A1/project_12.2A1.runs/synth_1/.Xil/Vivado-63620-sgk/realtime/testcounter_decoder_0_0_stub.v:6]
INFO: [Synth 8-6157] synthesizing module 'testcounter_display_decoder_0_0' [C:/xproj/project_12.2A1/project_12.2A1.runs/synth_1/.Xil/Vivado-63620-sgk/realtime/testcounter_display_decoder_0_0_stub.v:6]
INFO: [Synth 8-6155] done synthesizing module 'testcounter_display_decoder_0_0' (0#1) [C:/xproj/project_12.2A1/project_12.2A1.runs/synth_1/.Xil/Vivado-63620-sgk/realtime/testcounter_display_decoder_0_0_stub.v:6]
INFO: [Synth 8-6157] synthesizing module 'testcounter_mux_0_0' [C:/xproj/project_12.2A1/project_12.2A1.runs/synth_1/.Xil/Vivado-63620-sgk/realtime/testcounter_mux_0_0_stub.v:6]
INFO: [Synth 8-6155] done synthesizing module 'testcounter_mux_0_0' (0#1) [C:/xproj/project_12.2A1/project_12.2A1.runs/synth_1/.Xil/Vivado-63620-sgk/realtime/testcounter_mux_0_0_stub.v:6]
INFO: [Synth 8-6157] synthesizing module 'testcounter_xlconstant_1_0' [c:/xproj/project_12.2A1/project_12.2A1.gen/sources_1/bd/testcounter/ip/testcounter_xlconstant_1_0/synth/testcounter_xlconstant_1_0.v:53]
INFO: [Synth 8-6157] synthesizing module 'xlconstant_v1_1_9_xlconstant' [c:/xproj/project_12.2A1/project_12.2A1.gen/sources_1/bd/testcounter/ipshared/e2d2/hdl/xlconstant_v1_1_vl_rfs.v:68]
INFO: [Synth 8-6155] done synthesizing module 'xlconstant_v1_1_9_xlconstant' (0#1) [c:/xproj/project_12.2A1/project_12.2A1.gen/sources_1/bd/testcounter/ipshared/e2d2/hdl/xlconstant_v1_1_vl_rfs.v:68]
INFO: [Synth 8-6155] done synthesizing module 'testcounter_xlconstant_1_0' (0#1) [c:/xproj/project_12.2A1/project_12.2A1.gen/sources_1/bd/testcounter/ip/testcounter_xlconstant_1_0/synth/testcounter_xlconstant_1_0.v:53]
INFO: [Synth 8-6155] done synthesizing module 'testcounter' (0#1) [c:/xproj/project_12.2A1/project_12.2A1.gen/sources_1/bd/testcounter/synth/testcounter.v:13]
WARNING: [Synth 8-689] width (16) of port connection 'bin' does not match port width (1) of module 'testcounter' [C:/xproj/project_12.2A1/project_12.2A1.srcs/sources_1/new/RTME2.v:46]
INFO: [Synth 8-6157] synthesizing module 'LFSR' [C:/xproj/project_12.2A1/project_12.2A1.srcs/sources_1/new/LFSR.v:23]
INFO: [Synth 8-6155] done synthesizing module 'LFSR' (0#1) [C:/xproj/project_12.2A1/project_12.2A1.srcs/sources_1/new/LFSR.v:23]
INFO: [Synth 8-6157] synthesizing module 'statemachine' [C:/xproj/project_12.2A1/project_12.2A1.srcs/sources_1/new/statemachine.v:23]
INFO: [Synth 8-226] default block is never used [C:/xproj/project_12.2A1/project_12.2A1.srcs/sources_1/new/statemachine.v:42]
INFO: [Synth 8-6155] done synthesizing module 'statemachine' (0#1) [C:/xproj/project_12.2A1/project_12.2A1.srcs/sources_1/new/statemachine.v:23]
INFO: [Synth 8-6155] done synthesizing module 'RTME2' (0#1) [C:/xproj/project_12.2A1/project_12.2A1.srcs/sources_1/new/RTME2.v:23]
WARNING: [Synth 8-7137] Register Q_reg in module LFSR has both Set and reset with same priority. This may cause simulation mismatches. Consider rewriting code  [C:/xproj/project_12.2A1/project_12.2A1.srcs/sources_1/new/LFSR.v:31]
WARNING: [Synth 8-3848] Net userInput in module/entity statemachine does not have driver. [C:/xproj/project_12.2A1/project_12.2A1.srcs/sources_1/new/statemachine.v:37]
---------------------------------------------------------------------------------
Finished RTL Elaboration : Time (s): cpu = 00:00:04 ; elapsed = 00:00:06 . Memory (MB): peak = 1603.320 ; gain = 557.121
---------------------------------------------------------------------------------
---------------------------------------------------------------------------------
Start Handling Custom Attributes
---------------------------------------------------------------------------------
---------------------------------------------------------------------------------
Finished Handling Custom Attributes : Time (s): cpu = 00:00:04 ; elapsed = 00:00:06 . Memory (MB): peak = 1603.320 ; gain = 557.121
---------------------------------------------------------------------------------
---------------------------------------------------------------------------------
Finished RTL Optimization Phase 1 : Time (s): cpu = 00:00:04 ; elapsed = 00:00:06 . Memory (MB): peak = 1603.320 ; gain = 557.121
---------------------------------------------------------------------------------
Netlist sorting complete. Time (s): cpu = 00:00:00 ; elapsed = 00:00:00.002 . Memory (MB): peak = 1603.320 ; gain = 0.000
INFO: [Project 1-570] Preparing netlist for logic optimization

Processing XDC Constraints
Initializing timing engine
Parsing XDC File [c:/xproj/project_12.2A1/project_12.2A1.gen/sources_1/bd/testcounter/ip/testcounter_counterE2_0_0/testcounter_counterE2_0_0/testcounter_counterE2_0_0_in_context.xdc] for cell 'counter/counterE2_0'
Finished Parsing XDC File [c:/xproj/project_12.2A1/project_12.2A1.gen/sources_1/bd/testcounter/ip/testcounter_counterE2_0_0/testcounter_counterE2_0_0/testcounter_counterE2_0_0_in_context.xdc] for cell 'counter/counterE2_0'
Parsing XDC File [c:/xproj/project_12.2A1/project_12.2A1.gen/sources_1/bd/testcounter/ip/testcounter_mux_0_0/testcounter_mux_0_0/testcounter_mux_0_0_in_context.xdc] for cell 'counter/mux_0'
Finished Parsing XDC File [c:/xproj/project_12.2A1/project_12.2A1.gen/sources_1/bd/testcounter/ip/testcounter_mux_0_0/testcounter_mux_0_0/testcounter_mux_0_0_in_context.xdc] for cell 'counter/mux_0'
Parsing XDC File [c:/xproj/project_12.2A1/project_12.2A1.gen/sources_1/bd/testcounter/ip/testcounter_display_decoder_0_0/testcounter_display_decoder_0_0/testcounter_display_decoder_0_0_in_context.xdc] for cell 'counter/display_decoder_0'
Finished Parsing XDC File [c:/xproj/project_12.2A1/project_12.2A1.gen/sources_1/bd/testcounter/ip/testcounter_display_decoder_0_0/testcounter_display_decoder_0_0/testcounter_display_decoder_0_0_in_context.xdc] for cell 'counter/display_decoder_0'
Parsing XDC File [c:/xproj/project_12.2A1/project_12.2A1.gen/sources_1/bd/testcounter/ip/testcounter_decoder_0_0/testcounter_decoder_0_0/testcounter_decoder_0_0_in_context.xdc] for cell 'counter/decoder_0'
Finished Parsing XDC File [c:/xproj/project_12.2A1/project_12.2A1.gen/sources_1/bd/testcounter/ip/testcounter_decoder_0_0/testcounter_decoder_0_0/testcounter_decoder_0_0_in_context.xdc] for cell 'counter/decoder_0'
Parsing XDC File [c:/xproj/project_12.2A1/project_12.2A1.gen/sources_1/bd/testcounter/ip/testcounter_counterE1R_0_0/testcounter_counterE1R_0_0/testcounter_counterE1R_0_0_in_context.xdc] for cell 'counter/counterE1R_0'
Finished Parsing XDC File [c:/xproj/project_12.2A1/project_12.2A1.gen/sources_1/bd/testcounter/ip/testcounter_counterE1R_0_0/testcounter_counterE1R_0_0/testcounter_counterE1R_0_0_in_context.xdc] for cell 'counter/counterE1R_0'
Parsing XDC File [c:/xproj/project_12.2A1/project_12.2A1.gen/sources_1/bd/testcounter/ip/testcounter_clock_divider_0_0/testcounter_clock_divider_0_0/testcounter_clock_divider_0_0_in_context.xdc] for cell 'counter/clock_divider_0'
Finished Parsing XDC File [c:/xproj/project_12.2A1/project_12.2A1.gen/sources_1/bd/testcounter/ip/testcounter_clock_divider_0_0/testcounter_clock_divider_0_0/testcounter_clock_divider_0_0_in_context.xdc] for cell 'counter/clock_divider_0'
Parsing XDC File [c:/xproj/project_12.2A1/project_12.2A1.gen/sources_1/bd/testcounter/ip/testcounter_bin2bcd_0_0/testcounter_bin2bcd_0_0/testcounter_bin2bcd_0_0_in_context.xdc] for cell 'counter/bin2bcd_0'
Finished Parsing XDC File [c:/xproj/project_12.2A1/project_12.2A1.gen/sources_1/bd/testcounter/ip/testcounter_bin2bcd_0_0/testcounter_bin2bcd_0_0/testcounter_bin2bcd_0_0_in_context.xdc] for cell 'counter/bin2bcd_0'
Parsing XDC File [C:/xproj/project_12.2A1/project_12.2A1.srcs/constrs_1/new/constraints.xdc]
WARNING: [Vivado 12-584] No ports matched 'led[0]'. [C:/xproj/project_12.2A1/project_12.2A1.srcs/constrs_1/new/constraints.xdc:7]
WARNING: [Vivado 12-584] No ports matched 'led[1]'. [C:/xproj/project_12.2A1/project_12.2A1.srcs/constrs_1/new/constraints.xdc:8]
WARNING: [Vivado 12-584] No ports matched 'led[2]'. [C:/xproj/project_12.2A1/project_12.2A1.srcs/constrs_1/new/constraints.xdc:9]
WARNING: [Vivado 12-584] No ports matched 'led[3]'. [C:/xproj/project_12.2A1/project_12.2A1.srcs/constrs_1/new/constraints.xdc:10]
WARNING: [Vivado 12-584] No ports matched 'led[4]'. [C:/xproj/project_12.2A1/project_12.2A1.srcs/constrs_1/new/constraints.xdc:11]
WARNING: [Vivado 12-584] No ports matched 'led[5]'. [C:/xproj/project_12.2A1/project_12.2A1.srcs/constrs_1/new/constraints.xdc:12]
WARNING: [Vivado 12-584] No ports matched 'led[6]'. [C:/xproj/project_12.2A1/project_12.2A1.srcs/constrs_1/new/constraints.xdc:13]
WARNING: [Vivado 12-584] No ports matched 'led[7]'. [C:/xproj/project_12.2A1/project_12.2A1.srcs/constrs_1/new/constraints.xdc:14]
WARNING: [Vivado 12-584] No ports matched 'led[8]'. [C:/xproj/project_12.2A1/project_12.2A1.srcs/constrs_1/new/constraints.xdc:15]
WARNING: [Vivado 12-584] No ports matched 'led[9]'. [C:/xproj/project_12.2A1/project_12.2A1.srcs/constrs_1/new/constraints.xdc:16]
WARNING: [Vivado 12-584] No ports matched 'RGB_led_A[0]'. [C:/xproj/project_12.2A1/project_12.2A1.srcs/constrs_1/new/constraints.xdc:19]
WARNING: [Vivado 12-584] No ports matched 'RGB_led_A[1]'. [C:/xproj/project_12.2A1/project_12.2A1.srcs/constrs_1/new/constraints.xdc:20]
WARNING: [Vivado 12-584] No ports matched 'RGB_led_A[2]'. [C:/xproj/project_12.2A1/project_12.2A1.srcs/constrs_1/new/constraints.xdc:21]
WARNING: [Vivado 12-584] No ports matched 'RGB_led_B[0]'. [C:/xproj/project_12.2A1/project_12.2A1.srcs/constrs_1/new/constraints.xdc:23]
WARNING: [Vivado 12-584] No ports matched 'RGB_led_B[1]'. [C:/xproj/project_12.2A1/project_12.2A1.srcs/constrs_1/new/constraints.xdc:24]
WARNING: [Vivado 12-584] No ports matched 'sw[1]'. [C:/xproj/project_12.2A1/project_12.2A1.srcs/constrs_1/new/constraints.xdc:29]
WARNING: [Vivado 12-584] No ports matched 'sw[2]'. [C:/xproj/project_12.2A1/project_12.2A1.srcs/constrs_1/new/constraints.xdc:30]
WARNING: [Vivado 12-584] No ports matched 'sw[3]'. [C:/xproj/project_12.2A1/project_12.2A1.srcs/constrs_1/new/constraints.xdc:31]
WARNING: [Vivado 12-584] No ports matched 'sw[4]'. [C:/xproj/project_12.2A1/project_12.2A1.srcs/constrs_1/new/constraints.xdc:32]
WARNING: [Vivado 12-584] No ports matched 'sw[5]'. [C:/xproj/project_12.2A1/project_12.2A1.srcs/constrs_1/new/constraints.xdc:33]
WARNING: [Vivado 12-584] No ports matched 'sw[6]'. [C:/xproj/project_12.2A1/project_12.2A1.srcs/constrs_1/new/constraints.xdc:34]
WARNING: [Vivado 12-584] No ports matched 'sw[7]'. [C:/xproj/project_12.2A1/project_12.2A1.srcs/constrs_1/new/constraints.xdc:35]
WARNING: [Vivado 12-584] No ports matched 'sw[8]'. [C:/xproj/project_12.2A1/project_12.2A1.srcs/constrs_1/new/constraints.xdc:36]
WARNING: [Vivado 12-584] No ports matched 'sw[9]'. [C:/xproj/project_12.2A1/project_12.2A1.srcs/constrs_1/new/constraints.xdc:37]
WARNING: [Vivado 12-584] No ports matched 'sw[10]'. [C:/xproj/project_12.2A1/project_12.2A1.srcs/constrs_1/new/constraints.xdc:38]
WARNING: [Vivado 12-584] No ports matched 'sw[11]'. [C:/xproj/project_12.2A1/project_12.2A1.srcs/constrs_1/new/constraints.xdc:39]
WARNING: [Vivado 12-584] No ports matched 'stop'. [C:/xproj/project_12.2A1/project_12.2A1.srcs/constrs_1/new/constraints.xdc:44]
Finished Parsing XDC File [C:/xproj/project_12.2A1/project_12.2A1.srcs/constrs_1/new/constraints.xdc]
WARNING: [Project 1-498] One or more constraints failed evaluation while reading constraint file [C:/xproj/project_12.2A1/project_12.2A1.srcs/constrs_1/new/constraints.xdc] and the design contains unresolved black boxes. These constraints will be read post-synthesis (as long as their source constraint file is marked as used_in_implementation) and should be applied correctly then. You should review the constraints listed in the file [.Xil/RTME2_propImpl.xdc] and check the run log file to verify that these constraints were correctly applied.
INFO: [Project 1-236] Implementation specific constraints were found while reading constraint file [C:/xproj/project_12.2A1/project_12.2A1.srcs/constrs_1/new/constraints.xdc]. These constraints will be ignored for synthesis but will be used in implementation. Impacted constraints are listed in the file [.Xil/RTME2_propImpl.xdc].
Resolution: To avoid this warning, move constraints listed in [.Xil/RTME2_propImpl.xdc] to another XDC file and exclude this new file from synthesis with the used_in_synthesis property (File Properties dialog in GUI) and re-run elaboration/synthesis.
Parsing XDC File [C:/xproj/project_12.2A1/project_12.2A1.runs/synth_1/dont_touch.xdc]
Finished Parsing XDC File [C:/xproj/project_12.2A1/project_12.2A1.runs/synth_1/dont_touch.xdc]
Completed Processing XDC Constraints

Netlist sorting complete. Time (s): cpu = 00:00:00 ; elapsed = 00:00:00 . Memory (MB): peak = 1693.449 ; gain = 0.000
INFO: [Project 1-111] Unisim Transformation Summary:
No Unisim elements were transformed.

Constraint Validation Runtime : Time (s): cpu = 00:00:00 ; elapsed = 00:00:00.002 . Memory (MB): peak = 1693.449 ; gain = 0.000
---------------------------------------------------------------------------------
Finished Constraint Validation : Time (s): cpu = 00:00:08 ; elapsed = 00:00:12 . Memory (MB): peak = 1693.449 ; gain = 647.250
---------------------------------------------------------------------------------
---------------------------------------------------------------------------------
Start Loading Part and Timing Information
---------------------------------------------------------------------------------
Loading part: xc7z007sclg400-1
---------------------------------------------------------------------------------
Finished Loading Part and Timing Information : Time (s): cpu = 00:00:08 ; elapsed = 00:00:12 . Memory (MB): peak = 1693.449 ; gain = 647.250
---------------------------------------------------------------------------------
---------------------------------------------------------------------------------
Start Applying 'set_property' XDC Constraints
---------------------------------------------------------------------------------
Applied set_property KEEP_HIERARCHY = SOFT for counter. (constraint file  auto generated constraint).
Applied set_property KEEP_HIERARCHY = SOFT for counter/counterE2_0. (constraint file  auto generated constraint).
Applied set_property KEEP_HIERARCHY = SOFT for counter/mux_0. (constraint file  auto generated constraint).
Applied set_property KEEP_HIERARCHY = SOFT for counter/display_decoder_0. (constraint file  auto generated constraint).
Applied set_property KEEP_HIERARCHY = SOFT for counter/decoder_0. (constraint file  auto generated constraint).
Applied set_property KEEP_HIERARCHY = SOFT for counter/counterE1R_0. (constraint file  auto generated constraint).
Applied set_property KEEP_HIERARCHY = SOFT for counter/clock_divider_0. (constraint file  auto generated constraint).
Applied set_property KEEP_HIERARCHY = SOFT for counter/xlconstant_1. (constraint file  auto generated constraint).
Applied set_property KEEP_HIERARCHY = SOFT for counter/bin2bcd_0. (constraint file  auto generated constraint).
---------------------------------------------------------------------------------
Finished applying 'set_property' XDC Constraints : Time (s): cpu = 00:00:08 ; elapsed = 00:00:12 . Memory (MB): peak = 1693.449 ; gain = 647.250
---------------------------------------------------------------------------------
---------------------------------------------------------------------------------
Start Preparing Guide Design
---------------------------------------------------------------------------------
CRITICAL WARNING: [Synth 8-6895] The reference checkpoint C:/xproj/project_12.2A1/project_12.2A1.srcs/utils_1/imports/synth_1/design_1_wrapper.dcp is not suitable for use with incremental synthesis for this design. Please regenerate the checkpoint for this design with -incremental_synth switch in the same Vivado session that synth_design has been run. Synthesis will continue with the default flow
---------------------------------------------------------------------------------
Finished Doing Graph Differ : Time (s): cpu = 00:00:08 ; elapsed = 00:00:12 . Memory (MB): peak = 1693.449 ; gain = 647.250
---------------------------------------------------------------------------------
---------------------------------------------------------------------------------
Finished Preparing Guide Design : Time (s): cpu = 00:00:08 ; elapsed = 00:00:12 . Memory (MB): peak = 1693.449 ; gain = 647.250
---------------------------------------------------------------------------------
INFO: [Synth 8-802] inferred FSM for state register 'Cen_reg' in module 'statemachine'
---------------------------------------------------------------------------------------------------
                   State |                     New Encoding |                Previous Encoding 
---------------------------------------------------------------------------------------------------
                    IDLE |                               00 |                               00
                 RUNNING |                               01 |                               01
                 MATCHED |                               10 |                               10
            MATCHED_HOLD |                               11 |                               11
---------------------------------------------------------------------------------------------------
INFO: [Synth 8-3354] encoded FSM with state register 'Cen_reg' using encoding 'sequential' in module 'statemachine'
---------------------------------------------------------------------------------
Finished RTL Optimization Phase 2 : Time (s): cpu = 00:00:09 ; elapsed = 00:00:13 . Memory (MB): peak = 1693.449 ; gain = 647.250
---------------------------------------------------------------------------------


Incremental Synthesis Report Summary:

1. Incremental synthesis run: no

   Reason for not running incremental synthesis : 


INFO: [Synth 8-7130] Flow is switching to default flow due to incremental criteria not met. If you would like to alter this behaviour and have the flow terminate instead, please set the following parameter config_implementation {autoIncr.Synth.RejectBehavior Terminate}
---------------------------------------------------------------------------------
Start RTL Component Statistics 
---------------------------------------------------------------------------------
Detailed RTL Component Info : 
+---Adders : 
	   2 Input   16 Bit       Adders := 1     
	   3 Input   16 Bit       Adders := 1     
+---XORs : 
	   4 Input      1 Bit         XORs := 1     
+---Registers : 
	               16 Bit    Registers := 4     
	                1 Bit    Registers := 2     
+---Muxes : 
	   2 Input   16 Bit        Muxes := 6     
	   4 Input   16 Bit        Muxes := 2     
	   4 Input    2 Bit        Muxes := 1     
	   2 Input    2 Bit        Muxes := 6     
	   2 Input    1 Bit        Muxes := 4     
	   4 Input    1 Bit        Muxes := 3     
---------------------------------------------------------------------------------
Finished RTL Component Statistics 
---------------------------------------------------------------------------------
---------------------------------------------------------------------------------
Start Part Resource Summary
---------------------------------------------------------------------------------
Part Resources:
DSPs: 66 (col length:40)
BRAMs: 100 (col length: RAMB18 40 RAMB36 20)
---------------------------------------------------------------------------------
Finished Part Resource Summary
---------------------------------------------------------------------------------
---------------------------------------------------------------------------------
Start Cross Boundary and Area Optimization
---------------------------------------------------------------------------------
WARNING: [Synth 8-7080] Parallel synthesis criteria is not met
---------------------------------------------------------------------------------
Finished Cross Boundary and Area Optimization : Time (s): cpu = 00:00:10 ; elapsed = 00:00:14 . Memory (MB): peak = 1693.449 ; gain = 647.250
---------------------------------------------------------------------------------
---------------------------------------------------------------------------------
Start Applying XDC Timing Constraints
---------------------------------------------------------------------------------
---------------------------------------------------------------------------------
Finished Applying XDC Timing Constraints : Time (s): cpu = 00:00:13 ; elapsed = 00:00:18 . Memory (MB): peak = 1693.449 ; gain = 647.250
---------------------------------------------------------------------------------
---------------------------------------------------------------------------------
Start Timing Optimization
---------------------------------------------------------------------------------
---------------------------------------------------------------------------------
Finished Timing Optimization : Time (s): cpu = 00:00:13 ; elapsed = 00:00:18 . Memory (MB): peak = 1693.449 ; gain = 647.250
---------------------------------------------------------------------------------
---------------------------------------------------------------------------------
Start Technology Mapping
---------------------------------------------------------------------------------
---------------------------------------------------------------------------------
Finished Technology Mapping : Time (s): cpu = 00:00:13 ; elapsed = 00:00:18 . Memory (MB): peak = 1693.449 ; gain = 647.250
---------------------------------------------------------------------------------
---------------------------------------------------------------------------------
Start IO Insertion
---------------------------------------------------------------------------------
---------------------------------------------------------------------------------
Start Flattening Before IO Insertion
---------------------------------------------------------------------------------
---------------------------------------------------------------------------------
Finished Flattening Before IO Insertion
---------------------------------------------------------------------------------
---------------------------------------------------------------------------------
Start Final Netlist Cleanup
---------------------------------------------------------------------------------
---------------------------------------------------------------------------------
Finished Final Netlist Cleanup
---------------------------------------------------------------------------------
---------------------------------------------------------------------------------
Finished IO Insertion : Time (s): cpu = 00:00:16 ; elapsed = 00:00:21 . Memory (MB): peak = 1693.449 ; gain = 647.250
---------------------------------------------------------------------------------
---------------------------------------------------------------------------------
Start Renaming Generated Instances
---------------------------------------------------------------------------------
---------------------------------------------------------------------------------
Finished Renaming Generated Instances : Time (s): cpu = 00:00:16 ; elapsed = 00:00:21 . Memory (MB): peak = 1693.449 ; gain = 647.250
---------------------------------------------------------------------------------
---------------------------------------------------------------------------------
Start Rebuilding User Hierarchy
---------------------------------------------------------------------------------
---------------------------------------------------------------------------------
Finished Rebuilding User Hierarchy : Time (s): cpu = 00:00:16 ; elapsed = 00:00:21 . Memory (MB): peak = 1693.449 ; gain = 647.250
---------------------------------------------------------------------------------
---------------------------------------------------------------------------------
Start Renaming Generated Ports
---------------------------------------------------------------------------------
---------------------------------------------------------------------------------
Finished Renaming Generated Ports : Time (s): cpu = 00:00:16 ; elapsed = 00:00:21 . Memory (MB): peak = 1693.449 ; gain = 647.250
---------------------------------------------------------------------------------
---------------------------------------------------------------------------------
Start Handling Custom Attributes
---------------------------------------------------------------------------------
---------------------------------------------------------------------------------
Finished Handling Custom Attributes : Time (s): cpu = 00:00:16 ; elapsed = 00:00:21 . Memory (MB): peak = 1693.449 ; gain = 647.250
---------------------------------------------------------------------------------
---------------------------------------------------------------------------------
Start Renaming Generated Nets
---------------------------------------------------------------------------------
---------------------------------------------------------------------------------
Finished Renaming Generated Nets : Time (s): cpu = 00:00:16 ; elapsed = 00:00:21 . Memory (MB): peak = 1693.449 ; gain = 647.250
---------------------------------------------------------------------------------
---------------------------------------------------------------------------------
Start Writing Synthesis Report
---------------------------------------------------------------------------------

Report BlackBoxes: 
+------+--------------------------------+----------+
|      |BlackBox name                   |Instances |
+------+--------------------------------+----------+
|1     |testcounter_bin2bcd_0_0         |         1|
|2     |testcounter_clock_divider_0_0   |         1|
|3     |testcounter_counterE1R_0_0      |         1|
|4     |testcounter_counterE2_0_0       |         1|
|5     |testcounter_decoder_0_0         |         1|
|6     |testcounter_display_decoder_0_0 |         1|
|7     |testcounter_mux_0_0             |         1|
+------+--------------------------------+----------+

Report Cell Usage: 
+------+------------------------------+------+
|      |Cell                          |Count |
+------+------------------------------+------+
|1     |testcounter_bin2bcd_0         |     1|
|2     |testcounter_clock_divider_0   |     1|
|3     |testcounter_counterE1R_0      |     1|
|4     |testcounter_counterE2_0       |     1|
|5     |testcounter_decoder_0         |     1|
|6     |testcounter_display_decoder_0 |     1|
|7     |testcounter_mux_0             |     1|
|8     |BUFG                          |     1|
|9     |CARRY4                        |     8|
|10    |LUT2                          |     8|
|11    |LUT3                          |    16|
|12    |LUT4                          |    22|
|13    |LUT5                          |     2|
|14    |LUT6                          |     1|
|15    |FDCE                          |    28|
|16    |FDPE                          |     1|
|17    |FDRE                          |     9|
|18    |IBUF                          |     5|
|19    |OBUF                          |    13|
+------+------------------------------+------+
---------------------------------------------------------------------------------
Finished Writing Synthesis Report : Time (s): cpu = 00:00:16 ; elapsed = 00:00:21 . Memory (MB): peak = 1693.449 ; gain = 647.250
---------------------------------------------------------------------------------
Synthesis finished with 0 errors, 1 critical warnings and 1 warnings.
Synthesis Optimization Runtime : Time (s): cpu = 00:00:11 ; elapsed = 00:00:20 . Memory (MB): peak = 1693.449 ; gain = 557.121
Synthesis Optimization Complete : Time (s): cpu = 00:00:16 ; elapsed = 00:00:22 . Memory (MB): peak = 1693.449 ; gain = 647.250
INFO: [Project 1-571] Translating synthesized netlist
Netlist sorting complete. Time (s): cpu = 00:00:00 ; elapsed = 00:00:00.001 . Memory (MB): peak = 1693.449 ; gain = 0.000
INFO: [Netlist 29-17] Analyzing 8 Unisim elements for replacement
INFO: [Netlist 29-28] Unisim Transformation completed in 0 CPU seconds
INFO: [Project 1-570] Preparing netlist for logic optimization
INFO: [Opt 31-138] Pushed 0 inverter(s) to 0 load pin(s).
Netlist sorting complete. Time (s): cpu = 00:00:00 ; elapsed = 00:00:00 . Memory (MB): peak = 1693.449 ; gain = 0.000
INFO: [Project 1-111] Unisim Transformation Summary:
No Unisim elements were transformed.

Synth Design complete | Checksum: f94a43eb
INFO: [Common 17-83] Releasing license: Synthesis
51 Infos, 33 Warnings, 1 Critical Warnings and 0 Errors encountered.
synth_design completed successfully
synth_design: Time (s): cpu = 00:00:19 ; elapsed = 00:00:26 . Memory (MB): peak = 1693.449 ; gain = 1044.824
INFO: [runtcl-6] Synthesis results are not added to the cache due to CRITICAL_WARNING
Write ShapeDB Complete: Time (s): cpu = 00:00:00 ; elapsed = 00:00:00.001 . Memory (MB): peak = 1693.449 ; gain = 0.000
INFO: [Common 17-1381] The checkpoint 'C:/xproj/project_12.2A1/project_12.2A1.runs/synth_1/RTME2.dcp' has been generated.
INFO: [Vivado 12-24828] Executing command : report_utilization -file RTME2_utilization_synth.rpt -pb RTME2_utilization_synth.pb
INFO: [Common 17-206] Exiting Vivado at Thu Dec  5 13:56:49 2024...
